DC-Build-Header: jni-inchi 0.8+dfsg-5 / 2020-02-24 22:14:02 +0000
DC-Task: type:rebuild-binarch-only source:jni-inchi version:0.8+dfsg-5 chroot:unstable esttime:232 logfile:/tmp/jni-inchi_0.8+dfsg-5_unstable_clang8.log modes:clang8:binarch-only
DC-Sbuild-call: su user42 -c 'sbuild -n --arch-any --apt-update -d unstable -v --no-run-lintian --chroot-setup-commands=/tmp/clang8 jni-inchi_0.8+dfsg-5'
sbuild (Debian sbuild) 0.78.1 (09 February 2019) on ip-172-31-11-13.eu-central-1.compute.internal

+==============================================================================+
| jni-inchi 0.8+dfsg-5 (amd64)                 Mon, 24 Feb 2020 22:14:02 +0000 |
+==============================================================================+

Package: jni-inchi
Version: 0.8+dfsg-5
Source Version: 0.8+dfsg-5
Distribution: unstable
Machine Architecture: amd64
Host Architecture: amd64
Build Architecture: amd64
Build Type: binary

I: NOTICE: Log filtering will replace 'var/run/schroot/mount/sid-amd64-sbuild-9d4877cf-43aa-43b3-a3fb-35264af4e1a8' with '<<CHROOT>>'

+------------------------------------------------------------------------------+
| Chroot Setup Commands                                                        |
+------------------------------------------------------------------------------+


/tmp/clang8
-----------

+ echo 'Entering customization script...'
Entering customization script...
+ CLANG_VERSION=8
+ echo 'Install of clang-8'
Install of clang-8
+ apt-get update
Get:1 http://127.0.0.1:12990/debian sid InRelease [142 kB]
Get:2 http://127.0.0.1:12990/debian sid/main Sources.diff/Index [27.9 kB]
Get:3 http://127.0.0.1:12990/debian sid/main amd64 Packages.diff/Index [27.9 kB]
Get:4 http://127.0.0.1:12990/debian sid/main Sources 2020-02-24-0823.32.pdiff [11.0 kB]
Get:5 http://127.0.0.1:12990/debian sid/main Sources 2020-02-24-1420.34.pdiff [30.2 kB]
Get:6 http://127.0.0.1:12990/debian sid/main Sources 2020-02-24-2014.03.pdiff [16.9 kB]
Get:6 http://127.0.0.1:12990/debian sid/main Sources 2020-02-24-2014.03.pdiff [16.9 kB]
Get:7 http://127.0.0.1:12990/debian sid/main amd64 Packages 2020-02-24-0823.32.pdiff [15.5 kB]
Get:8 http://127.0.0.1:12990/debian sid/main amd64 Packages 2020-02-24-1420.34.pdiff [27.5 kB]
Get:9 http://127.0.0.1:12990/debian sid/main amd64 Packages 2020-02-24-2014.03.pdiff [21.6 kB]
Get:9 http://127.0.0.1:12990/debian sid/main amd64 Packages 2020-02-24-2014.03.pdiff [21.6 kB]
Get:10 http://127.0.0.1:12990/debian sid/main Translation-en [6193 kB]
Fetched 6514 kB in 3s (1941 kB/s)
Reading package lists...
+ apt-get install --yes --no-install-recommends --force-yes clang-8 libomp-8-dev libobjc-9-dev
Reading package lists...
Building dependency tree...
The following additional packages will be installed:
  gcc-8-base lib32gcc-s1 lib32gcc1 lib32stdc++6 libbsd0 libc6-i386
  libclang-common-8-dev libclang1-8 libedit2 libgc1c2 libgcc-8-dev libllvm8
  libmpx2 libobjc-8-dev libobjc4 libomp5-8 libstdc++-8-dev
Suggested packages:
  clang-8-doc libomp-8-doc libstdc++-8-doc
Recommended packages:
  llvm-8-dev python3
The following NEW packages will be installed:
  clang-8 gcc-8-base lib32gcc-s1 lib32gcc1 lib32stdc++6 libbsd0 libc6-i386
  libclang-common-8-dev libclang1-8 libedit2 libgc1c2 libgcc-8-dev libllvm8
  libmpx2 libobjc-8-dev libobjc-9-dev libobjc4 libomp-8-dev libomp5-8
  libstdc++-8-dev
0 upgraded, 20 newly installed, 0 to remove and 1 not upgraded.
Need to get 39.9 MB of archives.
After this operation, 223 MB of additional disk space will be used.
Get:1 http://127.0.0.1:12990/debian sid/main amd64 libbsd0 amd64 0.10.0-1 [107 kB]
Get:2 http://127.0.0.1:12990/debian sid/main amd64 libedit2 amd64 3.1-20191231-1 [95.4 kB]
Get:3 http://127.0.0.1:12990/debian sid/main amd64 libllvm8 amd64 1:8.0.1-7 [13.8 MB]
Get:4 http://127.0.0.1:12990/debian sid/main amd64 gcc-8-base amd64 8.3.0-29 [194 kB]
Get:5 http://127.0.0.1:12990/debian sid/main amd64 libmpx2 amd64 8.3.0-29 [11.4 kB]
Get:6 http://127.0.0.1:12990/debian sid/main amd64 libgcc-8-dev amd64 8.3.0-29 [2297 kB]
Get:7 http://127.0.0.1:12990/debian sid/main amd64 libstdc++-8-dev amd64 8.3.0-29 [1543 kB]
Get:8 http://127.0.0.1:12990/debian sid/main amd64 libgc1c2 amd64 1:7.6.4-0.4 [224 kB]
Get:9 http://127.0.0.1:12990/debian sid/main amd64 libobjc4 amd64 10-20200222-1 [41.6 kB]
Get:10 http://127.0.0.1:12990/debian sid/main amd64 libobjc-8-dev amd64 8.3.0-29 [227 kB]
Get:11 http://127.0.0.1:12990/debian sid/main amd64 libc6-i386 amd64 2.29-10 [2918 kB]
Get:12 http://127.0.0.1:12990/debian sid/main amd64 lib32gcc-s1 amd64 10-20200222-1 [49.4 kB]
Get:13 http://127.0.0.1:12990/debian sid/main amd64 lib32gcc1 amd64 1:10-20200222-1 [1104 B]
Get:14 http://127.0.0.1:12990/debian sid/main amd64 lib32stdc++6 amd64 10-20200222-1 [510 kB]
Get:15 http://127.0.0.1:12990/debian sid/main amd64 libclang-common-8-dev amd64 1:8.0.1-7 [2989 kB]
Get:16 http://127.0.0.1:12990/debian sid/main amd64 libclang1-8 amd64 1:8.0.1-7 [6244 kB]
Get:17 http://127.0.0.1:12990/debian sid/main amd64 clang-8 amd64 1:8.0.1-7 [8010 kB]
Get:18 http://127.0.0.1:12990/debian sid/main amd64 libobjc-9-dev amd64 9.2.1-29 [219 kB]
Get:19 http://127.0.0.1:12990/debian sid/main amd64 libomp5-8 amd64 1:8.0.1-7 [331 kB]
Get:20 http://127.0.0.1:12990/debian sid/main amd64 libomp-8-dev amd64 1:8.0.1-7 [62.3 kB]
debconf: delaying package configuration, since apt-utils is not installed
Fetched 39.9 MB in 1s (52.2 MB/s)
Selecting previously unselected package libbsd0:amd64.
(Reading database ... (Reading database ... 5%(Reading database ... 10%(Reading database ... 15%(Reading database ... 20%(Reading database ... 25%(Reading database ... 30%(Reading database ... 35%(Reading database ... 40%(Reading database ... 45%(Reading database ... 50%(Reading database ... 55%(Reading database ... 60%(Reading database ... 65%(Reading database ... 70%(Reading database ... 75%(Reading database ... 80%(Reading database ... 85%(Reading database ... 90%(Reading database ... 95%(Reading database ... 100%(Reading database ... 12119 files and directories currently installed.)
Preparing to unpack .../00-libbsd0_0.10.0-1_amd64.deb ...
Unpacking libbsd0:amd64 (0.10.0-1) ...
Selecting previously unselected package libedit2:amd64.
Preparing to unpack .../01-libedit2_3.1-20191231-1_amd64.deb ...
Unpacking libedit2:amd64 (3.1-20191231-1) ...
Selecting previously unselected package libllvm8:amd64.
Preparing to unpack .../02-libllvm8_1%3a8.0.1-7_amd64.deb ...
Unpacking libllvm8:amd64 (1:8.0.1-7) ...
Selecting previously unselected package gcc-8-base:amd64.
Preparing to unpack .../03-gcc-8-base_8.3.0-29_amd64.deb ...
Unpacking gcc-8-base:amd64 (8.3.0-29) ...
Selecting previously unselected package libmpx2:amd64.
Preparing to unpack .../04-libmpx2_8.3.0-29_amd64.deb ...
Unpacking libmpx2:amd64 (8.3.0-29) ...
Selecting previously unselected package libgcc-8-dev:amd64.
Preparing to unpack .../05-libgcc-8-dev_8.3.0-29_amd64.deb ...
Unpacking libgcc-8-dev:amd64 (8.3.0-29) ...
Selecting previously unselected package libstdc++-8-dev:amd64.
Preparing to unpack .../06-libstdc++-8-dev_8.3.0-29_amd64.deb ...
Unpacking libstdc++-8-dev:amd64 (8.3.0-29) ...
Selecting previously unselected package libgc1c2:amd64.
Preparing to unpack .../07-libgc1c2_1%3a7.6.4-0.4_amd64.deb ...
Unpacking libgc1c2:amd64 (1:7.6.4-0.4) ...
Selecting previously unselected package libobjc4:amd64.
Preparing to unpack .../08-libobjc4_10-20200222-1_amd64.deb ...
Unpacking libobjc4:amd64 (10-20200222-1) ...
Selecting previously unselected package libobjc-8-dev:amd64.
Preparing to unpack .../09-libobjc-8-dev_8.3.0-29_amd64.deb ...
Unpacking libobjc-8-dev:amd64 (8.3.0-29) ...
Selecting previously unselected package libc6-i386.
Preparing to unpack .../10-libc6-i386_2.29-10_amd64.deb ...
Unpacking libc6-i386 (2.29-10) ...
Selecting previously unselected package lib32gcc-s1.
Preparing to unpack .../11-lib32gcc-s1_10-20200222-1_amd64.deb ...
Unpacking lib32gcc-s1 (10-20200222-1) ...
Selecting previously unselected package lib32gcc1.
Preparing to unpack .../12-lib32gcc1_1%3a10-20200222-1_amd64.deb ...
Unpacking lib32gcc1 (1:10-20200222-1) ...
Selecting previously unselected package lib32stdc++6.
Preparing to unpack .../13-lib32stdc++6_10-20200222-1_amd64.deb ...
Unpacking lib32stdc++6 (10-20200222-1) ...
Selecting previously unselected package libclang-common-8-dev.
Preparing to unpack .../14-libclang-common-8-dev_1%3a8.0.1-7_amd64.deb ...
Unpacking libclang-common-8-dev (1:8.0.1-7) ...
Selecting previously unselected package libclang1-8.
Preparing to unpack .../15-libclang1-8_1%3a8.0.1-7_amd64.deb ...
Unpacking libclang1-8 (1:8.0.1-7) ...
Selecting previously unselected package clang-8.
Preparing to unpack .../16-clang-8_1%3a8.0.1-7_amd64.deb ...
Unpacking clang-8 (1:8.0.1-7) ...
Selecting previously unselected package libobjc-9-dev:amd64.
Preparing to unpack .../17-libobjc-9-dev_9.2.1-29_amd64.deb ...
Unpacking libobjc-9-dev:amd64 (9.2.1-29) ...
Selecting previously unselected package libomp5-8:amd64.
Preparing to unpack .../18-libomp5-8_1%3a8.0.1-7_amd64.deb ...
Unpacking libomp5-8:amd64 (1:8.0.1-7) ...
Selecting previously unselected package libomp-8-dev.
Preparing to unpack .../19-libomp-8-dev_1%3a8.0.1-7_amd64.deb ...
Unpacking libomp-8-dev (1:8.0.1-7) ...
Setting up libgc1c2:amd64 (1:7.6.4-0.4) ...
Setting up libobjc4:amd64 (10-20200222-1) ...
Setting up gcc-8-base:amd64 (8.3.0-29) ...
Setting up libobjc-9-dev:amd64 (9.2.1-29) ...
Setting up libmpx2:amd64 (8.3.0-29) ...
Setting up libc6-i386 (2.29-10) ...
Setting up libbsd0:amd64 (0.10.0-1) ...
Setting up libomp5-8:amd64 (1:8.0.1-7) ...
Setting up libomp-8-dev (1:8.0.1-7) ...
Setting up libedit2:amd64 (3.1-20191231-1) ...
Setting up lib32gcc-s1 (10-20200222-1) ...
Setting up libgcc-8-dev:amd64 (8.3.0-29) ...
Setting up libstdc++-8-dev:amd64 (8.3.0-29) ...
Setting up libllvm8:amd64 (1:8.0.1-7) ...
Setting up libclang1-8 (1:8.0.1-7) ...
Setting up lib32gcc1 (1:10-20200222-1) ...
Setting up libobjc-8-dev:amd64 (8.3.0-29) ...
Setting up lib32stdc++6 (10-20200222-1) ...
Setting up libclang-common-8-dev (1:8.0.1-7) ...
Setting up clang-8 (1:8.0.1-7) ...
Processing triggers for libc-bin (2.29-10) ...
W: --force-yes is deprecated, use one of the options starting with --allow instead.
+ echo 'Replace gcc, g++ & cpp by clang'
Replace gcc, g++ & cpp by clang
+ VERSIONS='4.6 4.7 4.8 4.9 5 6 7 8 9 10'
+ cd /usr/bin
+ for VERSION in $VERSIONS
+ rm -f g++-4.6 gcc-4.6 cpp-4.6 gcc
+ ln -s clang++-8 g++-4.6
+ ln -s clang-8 gcc-4.6
+ ln -s clang-8 cpp-4.6
+ ln -s clang-8 gcc
+ echo 'gcc-4.6 hold'
+ dpkg --set-selections
dpkg: warning: package not in status nor available database at line 1: gcc-4.6
dpkg: warning: found unknown packages; this might mean the available database
is outdated, and needs to be updated through a frontend method;
please see the FAQ <https://wiki.debian.org/Teams/Dpkg/FAQ>
+ echo 'g++-4.6 hold'
+ dpkg --set-selections
dpkg: warning: package not in status nor available database at line 1: g++-4.6
dpkg: warning: found unknown packages; this might mean the available database
is outdated, and needs to be updated through a frontend method;
please see the FAQ <https://wiki.debian.org/Teams/Dpkg/FAQ>
+ for VERSION in $VERSIONS
+ rm -f g++-4.7 gcc-4.7 cpp-4.7 gcc
+ ln -s clang++-8 g++-4.7
+ ln -s clang-8 gcc-4.7
+ ln -s clang-8 cpp-4.7
+ ln -s clang-8 gcc
+ dpkg --set-selections
+ echo 'gcc-4.7 hold'
dpkg: warning: package not in status nor available database at line 1: gcc-4.7
dpkg: warning: found unknown packages; this might mean the available database
is outdated, and needs to be updated through a frontend method;
please see the FAQ <https://wiki.debian.org/Teams/Dpkg/FAQ>
+ dpkg --set-selections
+ echo 'g++-4.7 hold'
dpkg: warning: package not in status nor available database at line 1: g++-4.7
dpkg: warning: found unknown packages; this might mean the available database
is outdated, and needs to be updated through a frontend method;
please see the FAQ <https://wiki.debian.org/Teams/Dpkg/FAQ>
+ for VERSION in $VERSIONS
+ rm -f g++-4.8 gcc-4.8 cpp-4.8 gcc
+ ln -s clang++-8 g++-4.8
+ ln -s clang-8 gcc-4.8
+ ln -s clang-8 cpp-4.8
+ ln -s clang-8 gcc
+ dpkg --set-selections
+ echo 'gcc-4.8 hold'
dpkg: warning: package not in status nor available database at line 1: gcc-4.8
dpkg: warning: found unknown packages; this might mean the available database
is outdated, and needs to be updated through a frontend method;
please see the FAQ <https://wiki.debian.org/Teams/Dpkg/FAQ>
+ echo 'g++-4.8 hold'
+ dpkg --set-selections
dpkg: warning: package not in status nor available database at line 1: g++-4.8
dpkg: warning: found unknown packages; this might mean the available database
is outdated, and needs to be updated through a frontend method;
please see the FAQ <https://wiki.debian.org/Teams/Dpkg/FAQ>
+ for VERSION in $VERSIONS
+ rm -f g++-4.9 gcc-4.9 cpp-4.9 gcc
+ ln -s clang++-8 g++-4.9
+ ln -s clang-8 gcc-4.9
+ ln -s clang-8 cpp-4.9
+ ln -s clang-8 gcc
+ echo 'gcc-4.9 hold'
+ dpkg --set-selections
dpkg: warning: package not in status nor available database at line 1: gcc-4.9
dpkg: warning: found unknown packages; this might mean the available database
is outdated, and needs to be updated through a frontend method;
please see the FAQ <https://wiki.debian.org/Teams/Dpkg/FAQ>
+ dpkg --set-selections
+ echo 'g++-4.9 hold'
dpkg: warning: package not in status nor available database at line 1: g++-4.9
dpkg: warning: found unknown packages; this might mean the available database
is outdated, and needs to be updated through a frontend method;
please see the FAQ <https://wiki.debian.org/Teams/Dpkg/FAQ>
+ for VERSION in $VERSIONS
+ rm -f g++-5 gcc-5 cpp-5 gcc
+ ln -s clang++-8 g++-5
+ ln -s clang-8 gcc-5
+ ln -s clang-8 cpp-5
+ ln -s clang-8 gcc
+ echo 'gcc-5 hold'
+ dpkg --set-selections
dpkg: warning: package not in status nor available database at line 1: gcc-5
dpkg: warning: found unknown packages; this might mean the available database
is outdated, and needs to be updated through a frontend method;
please see the FAQ <https://wiki.debian.org/Teams/Dpkg/FAQ>
+ dpkg --set-selections
+ echo 'g++-5 hold'
dpkg: warning: package not in status nor available database at line 1: g++-5
dpkg: warning: found unknown packages; this might mean the available database
is outdated, and needs to be updated through a frontend method;
please see the FAQ <https://wiki.debian.org/Teams/Dpkg/FAQ>
+ for VERSION in $VERSIONS
+ rm -f g++-6 gcc-6 cpp-6 gcc
+ ln -s clang++-8 g++-6
+ ln -s clang-8 gcc-6
+ ln -s clang-8 cpp-6
+ ln -s clang-8 gcc
+ dpkg --set-selections
+ echo 'gcc-6 hold'
dpkg: warning: package not in status nor available database at line 1: gcc-6
dpkg: warning: found unknown packages; this might mean the available database
is outdated, and needs to be updated through a frontend method;
please see the FAQ <https://wiki.debian.org/Teams/Dpkg/FAQ>
+ echo 'g++-6 hold'
+ dpkg --set-selections
dpkg: warning: package not in status nor available database at line 1: g++-6
dpkg: warning: found unknown packages; this might mean the available database
is outdated, and needs to be updated through a frontend method;
please see the FAQ <https://wiki.debian.org/Teams/Dpkg/FAQ>
+ for VERSION in $VERSIONS
+ rm -f g++-7 gcc-7 cpp-7 gcc
+ ln -s clang++-8 g++-7
+ ln -s clang-8 gcc-7
+ ln -s clang-8 cpp-7
+ ln -s clang-8 gcc
+ dpkg --set-selections
+ echo 'gcc-7 hold'
dpkg: warning: package not in status nor available database at line 1: gcc-7
dpkg: warning: found unknown packages; this might mean the available database
is outdated, and needs to be updated through a frontend method;
please see the FAQ <https://wiki.debian.org/Teams/Dpkg/FAQ>
+ echo 'g++-7 hold'
+ dpkg --set-selections
dpkg: warning: package not in status nor available database at line 1: g++-7
dpkg: warning: found unknown packages; this might mean the available database
is outdated, and needs to be updated through a frontend method;
please see the FAQ <https://wiki.debian.org/Teams/Dpkg/FAQ>
+ for VERSION in $VERSIONS
+ rm -f g++-8 gcc-8 cpp-8 gcc
+ ln -s clang++-8 g++-8
+ ln -s clang-8 gcc-8
+ ln -s clang-8 cpp-8
+ ln -s clang-8 gcc
+ echo 'gcc-8 hold'
+ dpkg --set-selections
dpkg: warning: package not in status nor available database at line 1: gcc-8
dpkg: warning: found unknown packages; this might mean the available database
is outdated, and needs to be updated through a frontend method;
please see the FAQ <https://wiki.debian.org/Teams/Dpkg/FAQ>
+ echo 'g++-8 hold'
+ dpkg --set-selections
dpkg: warning: package not in status nor available database at line 1: g++-8
dpkg: warning: found unknown packages; this might mean the available database
is outdated, and needs to be updated through a frontend method;
please see the FAQ <https://wiki.debian.org/Teams/Dpkg/FAQ>
+ for VERSION in $VERSIONS
+ rm -f g++-9 gcc-9 cpp-9 gcc
+ ln -s clang++-8 g++-9
+ ln -s clang-8 gcc-9
+ ln -s clang-8 cpp-9
+ ln -s clang-8 gcc
+ dpkg --set-selections
+ echo 'gcc-9 hold'
+ dpkg --set-selections
+ echo 'g++-9 hold'
+ for VERSION in $VERSIONS
+ rm -f g++-10 gcc-10 cpp-10 gcc
+ ln -s clang++-8 g++-10
+ ln -s clang-8 gcc-10
+ ln -s clang-8 cpp-10
+ ln -s clang-8 gcc
+ echo 'gcc-10 hold'
+ dpkg --set-selections
dpkg: warning: package not in status nor available database at line 1: gcc-10
dpkg: warning: found unknown packages; this might mean the available database
is outdated, and needs to be updated through a frontend method;
please see the FAQ <https://wiki.debian.org/Teams/Dpkg/FAQ>
+ dpkg --set-selections
+ echo 'g++-10 hold'
dpkg: warning: package not in status nor available database at line 1: g++-10
dpkg: warning: found unknown packages; this might mean the available database
is outdated, and needs to be updated through a frontend method;
please see the FAQ <https://wiki.debian.org/Teams/Dpkg/FAQ>
+ cd -
/build/jni-inchi-huHBcz
+ echo 'Check if gcc, g++ & cpp are actually clang'
Check if gcc, g++ & cpp are actually clang
+ grep clang
+ gcc --version
+ cpp --version
+ grep clang
+ g++ --version
+ grep clang

I: Finished running '/tmp/clang8'.

Finished processing commands.
--------------------------------------------------------------------------------
I: NOTICE: Log filtering will replace 'build/jni-inchi-huHBcz/resolver-41VnHz' with '<<RESOLVERDIR>>'

+------------------------------------------------------------------------------+
| Update chroot                                                                |
+------------------------------------------------------------------------------+

Hit:1 http://127.0.0.1:12990/debian sid InRelease
Reading package lists...
Reading package lists...
Building dependency tree...
Reading state information...
Calculating upgrade...
The following packages will be upgraded:
  libgmp10
1 upgraded, 0 newly installed, 0 to remove and 0 not upgraded.
Need to get 253 kB of archives.
After this operation, 0 B of additional disk space will be used.
Get:1 http://127.0.0.1:12990/debian sid/main amd64 libgmp10 amd64 2:6.2.0+dfsg-4 [253 kB]
debconf: delaying package configuration, since apt-utils is not installed
Fetched 253 kB in 0s (16.6 MB/s)
(Reading database ... (Reading database ... 5%(Reading database ... 10%(Reading database ... 15%(Reading database ... 20%(Reading database ... 25%(Reading database ... 30%(Reading database ... 35%(Reading database ... 40%(Reading database ... 45%(Reading database ... 50%(Reading database ... 55%(Reading database ... 60%(Reading database ... 65%(Reading database ... 70%(Reading database ... 75%(Reading database ... 80%(Reading database ... 85%(Reading database ... 90%(Reading database ... 95%(Reading database ... 100%(Reading database ... 13887 files and directories currently installed.)
Preparing to unpack .../libgmp10_2%3a6.2.0+dfsg-4_amd64.deb ...
Unpacking libgmp10:amd64 (2:6.2.0+dfsg-4) over (2:6.2.0+dfsg-3) ...
Setting up libgmp10:amd64 (2:6.2.0+dfsg-4) ...
Processing triggers for libc-bin (2.29-10) ...

+------------------------------------------------------------------------------+
| Fetch source files                                                           |
+------------------------------------------------------------------------------+


Check APT
---------

Checking available source versions...

Download source files with APT
------------------------------

Reading package lists...
NOTICE: 'jni-inchi' packaging is maintained in the 'Git' version control system at:
https://salsa.debian.org/debichem-team/jni-inchi.git
Please use:
git clone https://salsa.debian.org/debichem-team/jni-inchi.git
to retrieve the latest (possibly unreleased) updates to the package.
Need to get 55.8 kB of source archives.
Get:1 http://127.0.0.1:12990/debian sid/main jni-inchi 0.8+dfsg-5 (dsc) [2135 B]
Get:2 http://127.0.0.1:12990/debian sid/main jni-inchi 0.8+dfsg-5 (tar) [48.4 kB]
Get:3 http://127.0.0.1:12990/debian sid/main jni-inchi 0.8+dfsg-5 (diff) [5252 B]
Fetched 55.8 kB in 0s (249 kB/s)
Download complete and in download only mode
I: NOTICE: Log filtering will replace 'build/jni-inchi-huHBcz/jni-inchi-0.8+dfsg' with '<<PKGBUILDDIR>>'
I: NOTICE: Log filtering will replace 'build/jni-inchi-huHBcz' with '<<BUILDDIR>>'

+------------------------------------------------------------------------------+
| Install package build dependencies                                           |
+------------------------------------------------------------------------------+


Setup apt archive
-----------------

Merged Build-Depends: debhelper (>= 12), default-jdk, junit4 (>= 4.12), libexec-maven-plugin-java, libinchi-dev, maven-debian-helper (>= 2.1), build-essential, fakeroot
Filtered Build-Depends: debhelper (>= 12), default-jdk, junit4 (>= 4.12), libexec-maven-plugin-java, libinchi-dev, maven-debian-helper (>= 2.1), build-essential, fakeroot
dpkg-deb: building package 'sbuild-build-depends-main-dummy' in '/<<RESOLVERDIR>>/apt_archive/sbuild-build-depends-main-dummy.deb'.
Ign:1 copy:/<<RESOLVERDIR>>/apt_archive ./ InRelease
Get:2 copy:/<<RESOLVERDIR>>/apt_archive ./ Release [957 B]
Ign:3 copy:/<<RESOLVERDIR>>/apt_archive ./ Release.gpg
Get:4 copy:/<<RESOLVERDIR>>/apt_archive ./ Sources [420 B]
Get:5 copy:/<<RESOLVERDIR>>/apt_archive ./ Packages [505 B]
Fetched 1882 B in 0s (81.1 kB/s)
Reading package lists...
Reading package lists...

Install main build dependencies (apt-based resolver)
----------------------------------------------------

Installing build dependencies
Reading package lists...
Building dependency tree...
Reading state information...
The following additional packages will be installed:
  ant autoconf automake autopoint autotools-dev bsdmainutils ca-certificates
  ca-certificates-java debhelper default-jdk default-jdk-headless default-jre
  default-jre-headless dh-autoreconf dh-strip-nondeterminism dwz file
  fontconfig-config fonts-dejavu-core gettext gettext-base groff-base
  intltool-debian java-common java-wrappers junit4 libaopalliance-java
  libapache-pom-java libarchive-zip-perl libasm-java libasound2
  libasound2-data libatinject-jsr330-api-java libavahi-client3
  libavahi-common-data libavahi-common3 libbatik-java libbsh-java
  libcdi-api-java libcommons-beanutils-java libcommons-cli-java
  libcommons-codec-java libcommons-collections3-java libcommons-compress-java
  libcommons-configuration-java libcommons-digester-java libcommons-exec-java
  libcommons-io-java libcommons-lang-java libcommons-lang3-java
  libcommons-logging-java libcommons-parent-java libcommons-validator-java
  libcroco3 libcups2 libdbus-1-3 libdebhelper-perl libdom4j-java
  libdoxia-core-java libdoxia-java libdoxia-sitetools-java libdrm-amdgpu1
  libdrm-common libdrm-intel1 libdrm-nouveau2 libdrm-radeon1 libdrm2
  libel-api-java libelf1 libexec-maven-plugin-java libexpat1
  libfile-stripnondeterminism-perl libfontbox2-java libfontconfig1 libfop-java
  libfreetype6 libgeronimo-annotation-1.3-spec-java
  libgeronimo-interceptor-3.0-spec-java libgif7 libgl1 libgl1-mesa-dri
  libglapi-mesa libglib2.0-0 libglvnd0 libglx-mesa0 libglx0 libgssapi-krb5-2
  libguava-java libguice-java libhamcrest-java libhawtjni-runtime-java
  libhttpclient-java libhttpcore-java libicu63 libinchi-dev libinchi1
  libitext1-java libjansi-java libjansi-native-java libjaxen-java
  libjaxp1.3-java libjetty9-java libjpeg62-turbo libjsp-api-java
  libjsr305-java libjtidy-java libk5crypto3 libkeyutils1 libkrb5-3
  libkrb5support0 liblcms2-2 libllvm9 liblog4j1.2-java libmagic-mgc libmagic1
  libmaven-archiver-java libmaven-clean-plugin-java
  libmaven-common-artifact-filters-java libmaven-compiler-plugin-java
  libmaven-file-management-java libmaven-filtering-java
  libmaven-jar-plugin-java libmaven-parent-java libmaven-plugin-tools-java
  libmaven-reporting-api-java libmaven-reporting-exec-java
  libmaven-reporting-impl-java libmaven-resolver-java
  libmaven-resources-plugin-java libmaven-shared-incremental-java
  libmaven-shared-io-java libmaven-shared-utils-java libmaven-site-plugin-java
  libmaven3-core-java libncurses6 libnspr4 libnss3 liboro-java
  libparboiled-java libpciaccess0 libpcsclite1 libpegdown-java libpipeline1
  libplexus-ant-factory-java libplexus-archiver-java
  libplexus-bsh-factory-java libplexus-build-api-java libplexus-cipher-java
  libplexus-classworlds-java libplexus-compiler-java
  libplexus-component-annotations-java libplexus-container-default-java
  libplexus-container-default1.5-java libplexus-i18n-java
  libplexus-interpolation-java libplexus-io-java libplexus-languages-java
  libplexus-sec-dispatcher-java libplexus-utils2-java libplexus-velocity-java
  libpng16-16 libprocps8 libqdox-java libqdox2-java libsensors-config
  libsensors5 libservlet-api-java libservlet3.1-java libsigsegv2
  libsisu-guice-java libsisu-inject-java libsisu-ioc-java libsisu-plexus-java
  libslf4j-java libsnappy-java libsnappy-jni libsnappy1v5 libsqlite3-0
  libssl1.1 libsub-override-perl libsurefire-java libtool libuchardet0
  libvelocity-tools-java libvulkan1 libwagon-file-java
  libwagon-http-shaded-java libwagon-provider-api-java libwebsocket-api-java
  libx11-6 libx11-data libx11-xcb1 libxalan2-java libxau6
  libxbean-reflect-java libxcb-dri2-0 libxcb-dri3-0 libxcb-glx0
  libxcb-present0 libxcb-sync1 libxcb1 libxdamage1 libxdmcp6 libxerces2-java
  libxext6 libxfixes3 libxi6 libxml-commons-external-java
  libxml-commons-resolver1.1-java libxml2 libxml2-utils
  libxmlgraphics-commons-java libxrender1 libxshmfence1 libxtst6 libxxf86vm1
  libxz-java libz3-4 m4 man-db maven maven-debian-helper maven-repo-helper
  openjdk-11-jdk openjdk-11-jdk-headless openjdk-11-jre
  openjdk-11-jre-headless openssl po-debconf procps sensible-utils sgml-base
  ucf unzip velocity x11-common
Suggested packages:
  ant-doc autoconf-archive gnu-standards autoconf-doc wamerican | wordlist
  whois vacation dh-make gettext-doc libasprintf-dev libgettextpo-dev groff
  libaopalliance-java-doc libasound2-plugins alsa-utils
  libatinject-jsr330-api-java-doc librhino-java libcommons-beanutils-java-doc
  libcommons-collections3-java-doc libcommons-jexl2-java
  libcommons-jxpath-java libcommons-vfs-java libcommons-digester-java-doc
  libcommons-io-java-doc libcommons-lang-java-doc libcommons-lang3-java-doc
  libavalon-framework-java libcommons-logging-java-doc
  libexcalibur-logkit-java cups-common libdom4j-java-doc libmsv-java
  libxpp2-java libxpp3-java libdoxia-java-doc libdoxia-sitetools-java-doc
  krb5-doc krb5-user libcglib-java libjdom1-java libxom-java jetty9
  libjsr305-java-doc libjtidy-java-doc liblcms2-utils liblog4j1.2-java-doc
  libmail-java libmaven-archiver-java-doc
  libmaven-common-artifact-filters-java-doc libmaven-file-management-java-doc
  libmaven-reporting-impl-java-doc libmaven-shared-incremental-java-doc
  libmaven-shared-io-java-doc libmaven-shared-utils-java-doc liblogback-java
  pciutils pcscd libplexus-cipher-java-doc libplexus-classworlds-java-doc
  libeclipse-jdt-core-java libplexus-sec-dispatcher-java-doc
  libplexus-utils2-java-doc libplexus-velocity-java-doc libqdox-java-doc junit
  libqdox2-java-doc lm-sensors testng libosgi-compendium-java
  libosgi-core-java libtool-doc gfortran | fortran95-compiler gcj-jdk
  libxalan2-java-doc libbsf-java libxsltc-java libxerces2-java-doc
  libxml-commons-resolver1.1-java-doc libxmlgraphics-commons-java-doc m4-doc
  apparmor less www-browser libmaven-javadoc-plugin-java apt-file licensecheck
  subversion openjdk-11-demo openjdk-11-source visualvm libnss-mdns
  fonts-dejavu-extra fonts-ipafont-gothic fonts-ipafont-mincho
  fonts-wqy-microhei | fonts-wqy-zenhei fonts-indic libmail-box-perl
  sgml-base-doc zip velocity-doc
Recommended packages:
  ant-optional curl | wget | lynx alsa-ucm-conf alsa-topology-conf dbus
  libarchive-cpio-perl icc-profiles-free libsaxon-java libglib2.0-data
  shared-mime-info xdg-user-dirs krb5-locales libgpm2 libcglib-java
  libltdl-dev mesa-vulkan-drivers | vulkan-icd libxt-dev
  libatk-wrapper-java-jni fonts-dejavu-extra libmail-sendmail-perl psmisc
The following NEW packages will be installed:
  ant autoconf automake autopoint autotools-dev bsdmainutils ca-certificates
  ca-certificates-java debhelper default-jdk default-jdk-headless default-jre
  default-jre-headless dh-autoreconf dh-strip-nondeterminism dwz file
  fontconfig-config fonts-dejavu-core gettext gettext-base groff-base
  intltool-debian java-common java-wrappers junit4 libaopalliance-java
  libapache-pom-java libarchive-zip-perl libasm-java libasound2
  libasound2-data libatinject-jsr330-api-java libavahi-client3
  libavahi-common-data libavahi-common3 libbatik-java libbsh-java
  libcdi-api-java libcommons-beanutils-java libcommons-cli-java
  libcommons-codec-java libcommons-collections3-java libcommons-compress-java
  libcommons-configuration-java libcommons-digester-java libcommons-exec-java
  libcommons-io-java libcommons-lang-java libcommons-lang3-java
  libcommons-logging-java libcommons-parent-java libcommons-validator-java
  libcroco3 libcups2 libdbus-1-3 libdebhelper-perl libdom4j-java
  libdoxia-core-java libdoxia-java libdoxia-sitetools-java libdrm-amdgpu1
  libdrm-common libdrm-intel1 libdrm-nouveau2 libdrm-radeon1 libdrm2
  libel-api-java libelf1 libexec-maven-plugin-java libexpat1
  libfile-stripnondeterminism-perl libfontbox2-java libfontconfig1 libfop-java
  libfreetype6 libgeronimo-annotation-1.3-spec-java
  libgeronimo-interceptor-3.0-spec-java libgif7 libgl1 libgl1-mesa-dri
  libglapi-mesa libglib2.0-0 libglvnd0 libglx-mesa0 libglx0 libgssapi-krb5-2
  libguava-java libguice-java libhamcrest-java libhawtjni-runtime-java
  libhttpclient-java libhttpcore-java libicu63 libinchi-dev libinchi1
  libitext1-java libjansi-java libjansi-native-java libjaxen-java
  libjaxp1.3-java libjetty9-java libjpeg62-turbo libjsp-api-java
  libjsr305-java libjtidy-java libk5crypto3 libkeyutils1 libkrb5-3
  libkrb5support0 liblcms2-2 libllvm9 liblog4j1.2-java libmagic-mgc libmagic1
  libmaven-archiver-java libmaven-clean-plugin-java
  libmaven-common-artifact-filters-java libmaven-compiler-plugin-java
  libmaven-file-management-java libmaven-filtering-java
  libmaven-jar-plugin-java libmaven-parent-java libmaven-plugin-tools-java
  libmaven-reporting-api-java libmaven-reporting-exec-java
  libmaven-reporting-impl-java libmaven-resolver-java
  libmaven-resources-plugin-java libmaven-shared-incremental-java
  libmaven-shared-io-java libmaven-shared-utils-java libmaven-site-plugin-java
  libmaven3-core-java libncurses6 libnspr4 libnss3 liboro-java
  libparboiled-java libpciaccess0 libpcsclite1 libpegdown-java libpipeline1
  libplexus-ant-factory-java libplexus-archiver-java
  libplexus-bsh-factory-java libplexus-build-api-java libplexus-cipher-java
  libplexus-classworlds-java libplexus-compiler-java
  libplexus-component-annotations-java libplexus-container-default-java
  libplexus-container-default1.5-java libplexus-i18n-java
  libplexus-interpolation-java libplexus-io-java libplexus-languages-java
  libplexus-sec-dispatcher-java libplexus-utils2-java libplexus-velocity-java
  libpng16-16 libprocps8 libqdox-java libqdox2-java libsensors-config
  libsensors5 libservlet-api-java libservlet3.1-java libsigsegv2
  libsisu-guice-java libsisu-inject-java libsisu-ioc-java libsisu-plexus-java
  libslf4j-java libsnappy-java libsnappy-jni libsnappy1v5 libsqlite3-0
  libssl1.1 libsub-override-perl libsurefire-java libtool libuchardet0
  libvelocity-tools-java libvulkan1 libwagon-file-java
  libwagon-http-shaded-java libwagon-provider-api-java libwebsocket-api-java
  libx11-6 libx11-data libx11-xcb1 libxalan2-java libxau6
  libxbean-reflect-java libxcb-dri2-0 libxcb-dri3-0 libxcb-glx0
  libxcb-present0 libxcb-sync1 libxcb1 libxdamage1 libxdmcp6 libxerces2-java
  libxext6 libxfixes3 libxi6 libxml-commons-external-java
  libxml-commons-resolver1.1-java libxml2 libxml2-utils
  libxmlgraphics-commons-java libxrender1 libxshmfence1 libxtst6 libxxf86vm1
  libxz-java libz3-4 m4 man-db maven maven-debian-helper maven-repo-helper
  openjdk-11-jdk openjdk-11-jdk-headless openjdk-11-jre
  openjdk-11-jre-headless openssl po-debconf procps
  sbuild-build-depends-main-dummy sensible-utils sgml-base ucf unzip velocity
  x11-common
0 upgraded, 237 newly installed, 0 to remove and 0 not upgraded.
Need to get 368 MB of archives.
After this operation, 940 MB of additional disk space will be used.
Get:1 copy:/<<RESOLVERDIR>>/apt_archive ./ sbuild-build-depends-main-dummy 0.invalid.0 [928 B]
Get:2 http://127.0.0.1:12990/debian sid/main amd64 bsdmainutils amd64 11.1.2+b1 [191 kB]
Get:3 http://127.0.0.1:12990/debian sid/main amd64 libuchardet0 amd64 0.0.6-3 [64.9 kB]
Get:4 http://127.0.0.1:12990/debian sid/main amd64 groff-base amd64 1.22.4-4 [919 kB]
Get:5 http://127.0.0.1:12990/debian sid/main amd64 libpipeline1 amd64 1.5.2-2 [33.9 kB]
Get:6 http://127.0.0.1:12990/debian sid/main amd64 man-db amd64 2.9.0-2 [1307 kB]
Get:7 http://127.0.0.1:12990/debian sid/main amd64 sgml-base all 1.29.1 [15.0 kB]
Get:8 http://127.0.0.1:12990/debian sid/main amd64 libncurses6 amd64 6.1+20191019-1 [102 kB]
Get:9 http://127.0.0.1:12990/debian sid/main amd64 libprocps8 amd64 2:3.3.16-1+b1 [62.8 kB]
Get:10 http://127.0.0.1:12990/debian sid/main amd64 procps amd64 2:3.3.16-1+b1 [263 kB]
Get:11 http://127.0.0.1:12990/debian sid/main amd64 sensible-utils all 0.0.12+nmu1 [16.0 kB]
Get:12 http://127.0.0.1:12990/debian sid/main amd64 libmagic-mgc amd64 1:5.38-4 [262 kB]
Get:13 http://127.0.0.1:12990/debian sid/main amd64 libmagic1 amd64 1:5.38-4 [120 kB]
Get:14 http://127.0.0.1:12990/debian sid/main amd64 file amd64 1:5.38-4 [67.9 kB]
Get:15 http://127.0.0.1:12990/debian sid/main amd64 gettext-base amd64 0.19.8.1-10 [123 kB]
Get:16 http://127.0.0.1:12990/debian sid/main amd64 ucf all 3.0038+nmu1 [69.0 kB]
Get:17 http://127.0.0.1:12990/debian sid/main amd64 libssl1.1 amd64 1.1.1d-2 [1540 kB]
Get:18 http://127.0.0.1:12990/debian sid/main amd64 openssl amd64 1.1.1d-2 [840 kB]
Get:19 http://127.0.0.1:12990/debian sid/main amd64 ca-certificates all 20190110 [157 kB]
Get:20 http://127.0.0.1:12990/debian sid/main amd64 libnspr4 amd64 2:4.24-1 [113 kB]
Get:21 http://127.0.0.1:12990/debian sid/main amd64 libsqlite3-0 amd64 3.31.1-3 [661 kB]
Get:22 http://127.0.0.1:12990/debian sid/main amd64 libnss3 amd64 2:3.50-1 [1190 kB]
Get:23 http://127.0.0.1:12990/debian sid/main amd64 ca-certificates-java all 20190909 [15.7 kB]
Get:24 http://127.0.0.1:12990/debian sid/main amd64 java-common all 0.72 [14.5 kB]
Get:25 http://127.0.0.1:12990/debian sid/main amd64 libavahi-common-data amd64 0.7-5 [122 kB]
Get:26 http://127.0.0.1:12990/debian sid/main amd64 libavahi-common3 amd64 0.7-5 [54.6 kB]
Get:27 http://127.0.0.1:12990/debian sid/main amd64 libdbus-1-3 amd64 1.12.16-2 [214 kB]
Get:28 http://127.0.0.1:12990/debian sid/main amd64 libavahi-client3 amd64 0.7-5 [58.2 kB]
Get:29 http://127.0.0.1:12990/debian sid/main amd64 libkeyutils1 amd64 1.6.1-2 [15.4 kB]
Get:30 http://127.0.0.1:12990/debian sid/main amd64 libkrb5support0 amd64 1.17-6 [64.6 kB]
Get:31 http://127.0.0.1:12990/debian sid/main amd64 libk5crypto3 amd64 1.17-6 [116 kB]
Get:32 http://127.0.0.1:12990/debian sid/main amd64 libkrb5-3 amd64 1.17-6 [366 kB]
Get:33 http://127.0.0.1:12990/debian sid/main amd64 libgssapi-krb5-2 amd64 1.17-6 [156 kB]
Get:34 http://127.0.0.1:12990/debian sid/main amd64 libcups2 amd64 2.3.1-11 [349 kB]
Get:35 http://127.0.0.1:12990/debian sid/main amd64 liblcms2-2 amd64 2.9-4 [146 kB]
Get:36 http://127.0.0.1:12990/debian sid/main amd64 libjpeg62-turbo amd64 1:1.5.2-2+b1 [134 kB]
Get:37 http://127.0.0.1:12990/debian sid/main amd64 libexpat1 amd64 2.2.9-1 [94.3 kB]
Get:38 http://127.0.0.1:12990/debian sid/main amd64 libpng16-16 amd64 1.6.37-2 [292 kB]
Get:39 http://127.0.0.1:12990/debian sid/main amd64 libfreetype6 amd64 2.10.1-2 [392 kB]
Get:40 http://127.0.0.1:12990/debian sid/main amd64 fonts-dejavu-core all 2.37-1 [1068 kB]
Get:41 http://127.0.0.1:12990/debian sid/main amd64 fontconfig-config all 2.13.1-2 [280 kB]
Get:42 http://127.0.0.1:12990/debian sid/main amd64 libfontconfig1 amd64 2.13.1-2+b1 [347 kB]
Get:43 http://127.0.0.1:12990/debian sid/main amd64 libasound2-data all 1.2.1.2-2 [38.2 kB]
Get:44 http://127.0.0.1:12990/debian sid/main amd64 libasound2 amd64 1.2.1.2-2 [348 kB]
Get:45 http://127.0.0.1:12990/debian sid/main amd64 libpcsclite1 amd64 1.8.26-3 [59.0 kB]
Get:46 http://127.0.0.1:12990/debian sid/main amd64 libxau6 amd64 1:1.0.8-1+b2 [19.9 kB]
Get:47 http://127.0.0.1:12990/debian sid/main amd64 libxdmcp6 amd64 1:1.1.2-3 [26.3 kB]
Get:48 http://127.0.0.1:12990/debian sid/main amd64 libxcb1 amd64 1.13.1-5 [137 kB]
Get:49 http://127.0.0.1:12990/debian sid/main amd64 libx11-data all 2:1.6.8-1 [298 kB]
Get:50 http://127.0.0.1:12990/debian sid/main amd64 libx11-6 amd64 2:1.6.8-1 [756 kB]
Get:51 http://127.0.0.1:12990/debian sid/main amd64 libxext6 amd64 2:1.3.3-1+b2 [52.5 kB]
Get:52 http://127.0.0.1:12990/debian sid/main amd64 libxi6 amd64 2:1.7.9-1 [82.6 kB]
Get:53 http://127.0.0.1:12990/debian sid/main amd64 libxrender1 amd64 1:0.9.10-1 [33.0 kB]
Get:54 http://127.0.0.1:12990/debian sid/main amd64 x11-common all 1:7.7+20 [252 kB]
Get:55 http://127.0.0.1:12990/debian sid/main amd64 libxtst6 amd64 2:1.2.3-1 [27.8 kB]
Get:56 http://127.0.0.1:12990/debian sid/main amd64 openjdk-11-jre-headless amd64 11.0.6+10-2 [37.4 MB]
Get:57 http://127.0.0.1:12990/debian sid/main amd64 default-jre-headless amd64 2:1.11-72 [10.9 kB]
Get:58 http://127.0.0.1:12990/debian sid/main amd64 ant all 1.10.7-1 [2110 kB]
Get:59 http://127.0.0.1:12990/debian sid/main amd64 libsigsegv2 amd64 2.12-2 [32.8 kB]
Get:60 http://127.0.0.1:12990/debian sid/main amd64 m4 amd64 1.4.18-4 [203 kB]
Get:61 http://127.0.0.1:12990/debian sid/main amd64 autoconf all 2.69-11.1 [341 kB]
Get:62 http://127.0.0.1:12990/debian sid/main amd64 autotools-dev all 20180224.1 [77.0 kB]
Get:63 http://127.0.0.1:12990/debian sid/main amd64 automake all 1:1.16.1-4 [771 kB]
Get:64 http://127.0.0.1:12990/debian sid/main amd64 autopoint all 0.19.8.1-10 [435 kB]
Get:65 http://127.0.0.1:12990/debian sid/main amd64 libtool all 2.4.6-13 [513 kB]
Get:66 http://127.0.0.1:12990/debian sid/main amd64 dh-autoreconf all 19 [16.9 kB]
Get:67 http://127.0.0.1:12990/debian sid/main amd64 libdebhelper-perl all 12.9 [183 kB]
Get:68 http://127.0.0.1:12990/debian sid/main amd64 libarchive-zip-perl all 1.67-1 [104 kB]
Get:69 http://127.0.0.1:12990/debian sid/main amd64 libsub-override-perl all 0.09-2 [10.2 kB]
Get:70 http://127.0.0.1:12990/debian sid/main amd64 libfile-stripnondeterminism-perl all 1.6.3-2 [23.7 kB]
Get:71 http://127.0.0.1:12990/debian sid/main amd64 dh-strip-nondeterminism all 1.6.3-2 [14.7 kB]
Get:72 http://127.0.0.1:12990/debian sid/main amd64 libelf1 amd64 0.176-1.1 [161 kB]
Get:73 http://127.0.0.1:12990/debian sid/main amd64 dwz amd64 0.13-5 [151 kB]
Get:74 http://127.0.0.1:12990/debian sid/main amd64 libglib2.0-0 amd64 2.62.4-2 [1319 kB]
Get:75 http://127.0.0.1:12990/debian sid/main amd64 libicu63 amd64 63.2-2 [8301 kB]
Get:76 http://127.0.0.1:12990/debian sid/main amd64 libxml2 amd64 2.9.10+dfsg-3 [709 kB]
Get:77 http://127.0.0.1:12990/debian sid/main amd64 libcroco3 amd64 0.6.13-1 [146 kB]
Get:78 http://127.0.0.1:12990/debian sid/main amd64 gettext amd64 0.19.8.1-10 [1303 kB]
Get:79 http://127.0.0.1:12990/debian sid/main amd64 intltool-debian all 0.35.0+20060710.5 [26.8 kB]
Get:80 http://127.0.0.1:12990/debian sid/main amd64 po-debconf all 1.0.21 [248 kB]
Get:81 http://127.0.0.1:12990/debian sid/main amd64 debhelper all 12.9 [994 kB]
Get:82 http://127.0.0.1:12990/debian sid/main amd64 libglvnd0 amd64 1.3.1-1 [51.1 kB]
Get:83 http://127.0.0.1:12990/debian sid/main amd64 libdrm-common all 2.4.100-4 [14.2 kB]
Get:84 http://127.0.0.1:12990/debian sid/main amd64 libdrm2 amd64 2.4.100-4 [40.7 kB]
Get:85 http://127.0.0.1:12990/debian sid/main amd64 libglapi-mesa amd64 19.3.3-1 [69.7 kB]
Get:86 http://127.0.0.1:12990/debian sid/main amd64 libx11-xcb1 amd64 2:1.6.8-1 [190 kB]
Get:87 http://127.0.0.1:12990/debian sid/main amd64 libxcb-dri2-0 amd64 1.13.1-5 [101 kB]
Get:88 http://127.0.0.1:12990/debian sid/main amd64 libxcb-dri3-0 amd64 1.13.1-5 [100 kB]
Get:89 http://127.0.0.1:12990/debian sid/main amd64 libxcb-glx0 amd64 1.13.1-5 [116 kB]
Get:90 http://127.0.0.1:12990/debian sid/main amd64 libxcb-present0 amd64 1.13.1-5 [99.3 kB]
Get:91 http://127.0.0.1:12990/debian sid/main amd64 libxcb-sync1 amd64 1.13.1-5 [103 kB]
Get:92 http://127.0.0.1:12990/debian sid/main amd64 libxfixes3 amd64 1:5.0.3-1 [21.9 kB]
Get:93 http://127.0.0.1:12990/debian sid/main amd64 libxdamage1 amd64 1:1.1.5-1 [15.7 kB]
Get:94 http://127.0.0.1:12990/debian sid/main amd64 libxshmfence1 amd64 1.3-1 [8820 B]
Get:95 http://127.0.0.1:12990/debian sid/main amd64 libxxf86vm1 amd64 1:1.1.4-1+b2 [20.8 kB]
Get:96 http://127.0.0.1:12990/debian sid/main amd64 libdrm-amdgpu1 amd64 2.4.100-4 [28.0 kB]
Get:97 http://127.0.0.1:12990/debian sid/main amd64 libpciaccess0 amd64 0.14-1 [53.5 kB]
Get:98 http://127.0.0.1:12990/debian sid/main amd64 libdrm-intel1 amd64 2.4.100-4 [70.1 kB]
Get:99 http://127.0.0.1:12990/debian sid/main amd64 libdrm-nouveau2 amd64 2.4.100-4 [26.3 kB]
Get:100 http://127.0.0.1:12990/debian sid/main amd64 libdrm-radeon1 amd64 2.4.100-4 [29.5 kB]
Get:101 http://127.0.0.1:12990/debian sid/main amd64 libz3-4 amd64 4.8.7-4 [6790 kB]
Get:102 http://127.0.0.1:12990/debian sid/main amd64 libllvm9 amd64 1:9.0.1-8 [15.0 MB]
Get:103 http://127.0.0.1:12990/debian sid/main amd64 libsensors-config all 1:3.6.0-2 [32.0 kB]
Get:104 http://127.0.0.1:12990/debian sid/main amd64 libsensors5 amd64 1:3.6.0-2 [53.1 kB]
Get:105 http://127.0.0.1:12990/debian sid/main amd64 libvulkan1 amd64 1.2.131.2-1 [98.2 kB]
Get:106 http://127.0.0.1:12990/debian sid/main amd64 libgl1-mesa-dri amd64 19.3.3-1 [9219 kB]
Get:107 http://127.0.0.1:12990/debian sid/main amd64 libglx-mesa0 amd64 19.3.3-1 [183 kB]
Get:108 http://127.0.0.1:12990/debian sid/main amd64 libglx0 amd64 1.3.1-1 [34.6 kB]
Get:109 http://127.0.0.1:12990/debian sid/main amd64 libgl1 amd64 1.3.1-1 [89.3 kB]
Get:110 http://127.0.0.1:12990/debian sid/main amd64 libgif7 amd64 5.1.9-1 [44.7 kB]
Get:111 http://127.0.0.1:12990/debian sid/main amd64 openjdk-11-jre amd64 11.0.6+10-2 [34.2 kB]
Get:112 http://127.0.0.1:12990/debian sid/main amd64 default-jre amd64 2:1.11-72 [1044 B]
Get:113 http://127.0.0.1:12990/debian sid/main amd64 openjdk-11-jdk-headless amd64 11.0.6+10-2 [216 MB]
Get:114 http://127.0.0.1:12990/debian sid/main amd64 default-jdk-headless amd64 2:1.11-72 [1100 B]
Get:115 http://127.0.0.1:12990/debian sid/main amd64 openjdk-11-jdk amd64 11.0.6+10-2 [4636 kB]
Get:116 http://127.0.0.1:12990/debian sid/main amd64 default-jdk amd64 2:1.11-72 [1056 B]
Get:117 http://127.0.0.1:12990/debian sid/main amd64 unzip amd64 6.0-25 [172 kB]
Get:118 http://127.0.0.1:12990/debian sid/main amd64 java-wrappers all 0.3 [10.9 kB]
Get:119 http://127.0.0.1:12990/debian sid/main amd64 libhamcrest-java all 1.3-9 [388 kB]
Get:120 http://127.0.0.1:12990/debian sid/main amd64 junit4 all 4.12-8 [292 kB]
Get:121 http://127.0.0.1:12990/debian sid/main amd64 libaopalliance-java all 20070526-6 [9048 B]
Get:122 http://127.0.0.1:12990/debian sid/main amd64 libapache-pom-java all 18-1 [4676 B]
Get:123 http://127.0.0.1:12990/debian sid/main amd64 libasm-java all 7.2-1 [362 kB]
Get:124 http://127.0.0.1:12990/debian sid/main amd64 libatinject-jsr330-api-java all 1.0+ds1-5 [5312 B]
Get:125 http://127.0.0.1:12990/debian sid/main amd64 libjaxp1.3-java all 1.3.05-5 [226 kB]
Get:126 http://127.0.0.1:12990/debian sid/main amd64 libxml-commons-external-java all 1.4.01-3 [240 kB]
Get:127 http://127.0.0.1:12990/debian sid/main amd64 libxml-commons-resolver1.1-java all 1.2-9 [91.6 kB]
Get:128 http://127.0.0.1:12990/debian sid/main amd64 libxerces2-java all 2.12.1-1 [1440 kB]
Get:129 http://127.0.0.1:12990/debian sid/main amd64 libxalan2-java all 2.7.2-2 [3380 kB]
Get:130 http://127.0.0.1:12990/debian sid/main amd64 libcommons-parent-java all 43-1 [10.8 kB]
Get:131 http://127.0.0.1:12990/debian sid/main amd64 libcommons-io-java all 2.6-2 [213 kB]
Get:132 http://127.0.0.1:12990/debian sid/main amd64 libcommons-logging-java all 1.2-2 [62.2 kB]
Get:133 http://127.0.0.1:12990/debian sid/main amd64 libxmlgraphics-commons-java all 2.4-1 [617 kB]
Get:134 http://127.0.0.1:12990/debian sid/main amd64 libbatik-java all 1.12-1 [3904 kB]
Get:135 http://127.0.0.1:12990/debian sid/main amd64 libbsh-java all 2.0b4-20 [291 kB]
Get:136 http://127.0.0.1:12990/debian sid/main amd64 libgeronimo-interceptor-3.0-spec-java all 1.0.1-4 [8484 B]
Get:137 http://127.0.0.1:12990/debian sid/main amd64 libcdi-api-java all 1.2-2 [54.5 kB]
Get:138 http://127.0.0.1:12990/debian sid/main amd64 libcommons-collections3-java all 3.2.2-2 [526 kB]
Get:139 http://127.0.0.1:12990/debian sid/main amd64 libcommons-beanutils-java all 1.9.4-1 [232 kB]
Get:140 http://127.0.0.1:12990/debian sid/main amd64 libcommons-cli-java all 1.4-1 [55.2 kB]
Get:141 http://127.0.0.1:12990/debian sid/main amd64 libcommons-codec-java all 1.14-1 [286 kB]
Get:142 http://127.0.0.1:12990/debian sid/main amd64 libcommons-compress-java all 1.19-1 [557 kB]
Get:143 http://127.0.0.1:12990/debian sid/main amd64 libcommons-lang-java all 2.6-9 [273 kB]
Get:144 http://127.0.0.1:12990/debian sid/main amd64 libcommons-configuration-java all 1.10-5 [330 kB]
Get:145 http://127.0.0.1:12990/debian sid/main amd64 libcommons-digester-java all 1.8.1-5 [168 kB]
Get:146 http://127.0.0.1:12990/debian sid/main amd64 libcommons-exec-java all 1.3-1 [46.5 kB]
Get:147 http://127.0.0.1:12990/debian sid/main amd64 libcommons-lang3-java all 3.8-2 [478 kB]
Get:148 http://127.0.0.1:12990/debian sid/main amd64 libcommons-validator-java all 1:1.6-2 [178 kB]
Get:149 http://127.0.0.1:12990/debian sid/main amd64 libjaxen-java all 1.1.6-4 [214 kB]
Get:150 http://127.0.0.1:12990/debian sid/main amd64 libdom4j-java all 2.1.1-2 [310 kB]
Get:151 http://127.0.0.1:12990/debian sid/main amd64 libhttpcore-java all 4.4.13-1 [631 kB]
Get:152 http://127.0.0.1:12990/debian sid/main amd64 libhttpclient-java all 4.5.11-1 [1209 kB]
Get:153 http://127.0.0.1:12990/debian sid/main amd64 libplexus-utils2-java all 3.3.0-1 [250 kB]
Get:154 http://127.0.0.1:12990/debian sid/main amd64 libmaven-parent-java all 31-2 [5100 B]
Get:155 http://127.0.0.1:12990/debian sid/main amd64 libdoxia-core-java all 1.7-2 [169 kB]
Get:156 http://127.0.0.1:12990/debian sid/main amd64 libfontbox2-java all 2.0.18-1 [1502 kB]
Get:157 http://127.0.0.1:12990/debian sid/main amd64 libqdox-java all 1.12.1-3 [172 kB]
Get:158 http://127.0.0.1:12990/debian sid/main amd64 libservlet-api-java all 4.0.1-2 [81.0 kB]
Get:159 http://127.0.0.1:12990/debian sid/main amd64 libjsp-api-java all 2.3.4-2 [53.5 kB]
Get:160 http://127.0.0.1:12990/debian sid/main amd64 libel-api-java all 3.0.0-2 [64.7 kB]
Get:161 http://127.0.0.1:12990/debian sid/main amd64 libwebsocket-api-java all 1.1-1 [39.8 kB]
Get:162 http://127.0.0.1:12990/debian sid/main amd64 libservlet3.1-java all 1:4.0.1-2 [9516 B]
Get:163 http://127.0.0.1:12990/debian sid/main amd64 libfop-java all 1:2.4-2 [4212 kB]
Get:164 http://127.0.0.1:12990/debian sid/main amd64 libitext1-java all 1.4-7 [1257 kB]
Get:165 http://127.0.0.1:12990/debian sid/main amd64 liblog4j1.2-java all 1.2.17-9 [438 kB]
Get:166 http://127.0.0.1:12990/debian sid/main amd64 libparboiled-java all 1.1.7-2 [281 kB]
Get:167 http://127.0.0.1:12990/debian sid/main amd64 libpegdown-java all 1.6.0-1 [74.8 kB]
Get:168 http://127.0.0.1:12990/debian sid/main amd64 libplexus-component-annotations-java all 2.1.0-1 [7620 B]
Get:169 http://127.0.0.1:12990/debian sid/main amd64 libjsr305-java all 0.1~+svn49-11 [26.9 kB]
Get:170 http://127.0.0.1:12990/debian sid/main amd64 libguava-java all 19.0-1 [2028 kB]
Get:171 http://127.0.0.1:12990/debian sid/main amd64 libplexus-classworlds-java all 2.6.0-1 [49.4 kB]
Get:172 http://127.0.0.1:12990/debian sid/main amd64 libxbean-reflect-java all 4.5-8 [133 kB]
Get:173 http://127.0.0.1:12990/debian sid/main amd64 libplexus-container-default-java all 2.1.0-1 [193 kB]
Get:174 http://127.0.0.1:12990/debian sid/main amd64 libdoxia-java all 1.7-2 [445 kB]
Get:175 http://127.0.0.1:12990/debian sid/main amd64 libmaven-reporting-api-java all 3.0-1 [6594 B]
Get:176 http://127.0.0.1:12990/debian sid/main amd64 libgeronimo-annotation-1.3-spec-java all 1.0-1 [10.6 kB]
Get:177 http://127.0.0.1:12990/debian sid/main amd64 libguice-java all 4.2.1-1 [962 kB]
Get:178 http://127.0.0.1:12990/debian sid/main amd64 libwagon-provider-api-java all 3.3.4-1 [50.2 kB]
Get:179 http://127.0.0.1:12990/debian sid/main amd64 libmaven-resolver-java all 1.4.1-1 [555 kB]
Get:180 http://127.0.0.1:12990/debian sid/main amd64 libmaven-shared-utils-java all 3.3.0-1 [149 kB]
Get:181 http://127.0.0.1:12990/debian sid/main amd64 libplexus-cipher-java all 1.7-3 [15.0 kB]
Get:182 http://127.0.0.1:12990/debian sid/main amd64 libplexus-interpolation-java all 1.26-1 [76.8 kB]
Get:183 http://127.0.0.1:12990/debian sid/main amd64 libplexus-sec-dispatcher-java all 1.4-4 [28.1 kB]
Get:184 http://127.0.0.1:12990/debian sid/main amd64 libslf4j-java all 1.7.25-3 [143 kB]
Get:185 http://127.0.0.1:12990/debian sid/main amd64 libsisu-inject-java all 0.3.3-1 [347 kB]
Get:186 http://127.0.0.1:12990/debian sid/main amd64 libsisu-plexus-java all 0.3.3-3 [182 kB]
Get:187 http://127.0.0.1:12990/debian sid/main amd64 libmaven3-core-java all 3.6.3-1 [1538 kB]
Get:188 http://127.0.0.1:12990/debian sid/main amd64 libplexus-container-default1.5-java all 2.1.0-1 [4444 B]
Get:189 http://127.0.0.1:12990/debian sid/main amd64 libplexus-i18n-java all 1.0-beta-10-5 [13.9 kB]
Get:190 http://127.0.0.1:12990/debian sid/main amd64 velocity all 1.7-5 [413 kB]
Get:191 http://127.0.0.1:12990/debian sid/main amd64 libplexus-velocity-java all 1.2-3 [10.4 kB]
Get:192 http://127.0.0.1:12990/debian sid/main amd64 liboro-java all 2.0.8a-14 [70.5 kB]
Get:193 http://127.0.0.1:12990/debian sid/main amd64 libvelocity-tools-java all 2.0-7 [296 kB]
Get:194 http://127.0.0.1:12990/debian sid/main amd64 libdoxia-sitetools-java all 1.7.5-1 [199 kB]
Get:195 http://127.0.0.1:12990/debian sid/main amd64 libexec-maven-plugin-java all 1.6.0-4 [51.2 kB]
Get:196 http://127.0.0.1:12990/debian sid/main amd64 libhawtjni-runtime-java all 1.17-1 [35.3 kB]
Get:197 http://127.0.0.1:12990/debian sid/main amd64 libinchi1 amd64 1.03+dfsg-2 [432 kB]
Get:198 http://127.0.0.1:12990/debian sid/main amd64 libinchi-dev amd64 1.03+dfsg-2 [15.0 kB]
Get:199 http://127.0.0.1:12990/debian sid/main amd64 libjansi-native-java all 1.8-1 [26.0 kB]
Get:200 http://127.0.0.1:12990/debian sid/main amd64 libjansi-java all 1.18-1 [66.6 kB]
Get:201 http://127.0.0.1:12990/debian sid/main amd64 libjetty9-java all 9.4.26-1 [2729 kB]
Get:202 http://127.0.0.1:12990/debian sid/main amd64 libjtidy-java all 7+svn20110807-5 [250 kB]
Get:203 http://127.0.0.1:12990/debian sid/main amd64 libplexus-io-java all 3.1.1-1 [64.6 kB]
Get:204 http://127.0.0.1:12990/debian sid/main amd64 libsnappy1v5 amd64 1.1.8-1 [17.9 kB]
Get:205 http://127.0.0.1:12990/debian sid/main amd64 libsnappy-jni amd64 1.1.7.3-1 [7032 B]
Get:206 http://127.0.0.1:12990/debian sid/main amd64 libsnappy-java all 1.1.7.3-1 [76.3 kB]
Get:207 http://127.0.0.1:12990/debian sid/main amd64 libxz-java all 1.8-2 [141 kB]
Get:208 http://127.0.0.1:12990/debian sid/main amd64 libplexus-archiver-java all 3.6.0-2 [171 kB]
Get:209 http://127.0.0.1:12990/debian sid/main amd64 libmaven-archiver-java all 3.2.0-2 [23.5 kB]
Get:210 http://127.0.0.1:12990/debian sid/main amd64 libmaven-clean-plugin-java all 3.1.0-1 [20.5 kB]
Get:211 http://127.0.0.1:12990/debian sid/main amd64 libsisu-guice-java all 4.2.0-1 [785 kB]
Get:212 http://127.0.0.1:12990/debian sid/main amd64 libsisu-ioc-java all 2.3.0-11 [492 kB]
Get:213 http://127.0.0.1:12990/debian sid/main amd64 libmaven-common-artifact-filters-java all 3.0.1-3 [43.7 kB]
Get:214 http://127.0.0.1:12990/debian sid/main amd64 libmaven-shared-incremental-java all 1.1-3 [9524 B]
Get:215 http://127.0.0.1:12990/debian sid/main amd64 libplexus-compiler-java all 2.8.5-2 [97.4 kB]
Get:216 http://127.0.0.1:12990/debian sid/main amd64 libqdox2-java all 2.0.0-1 [288 kB]
Get:217 http://127.0.0.1:12990/debian sid/main amd64 libplexus-languages-java all 0.9.10-2 [34.2 kB]
Get:218 http://127.0.0.1:12990/debian sid/main amd64 libmaven-compiler-plugin-java all 3.8.1-4 [52.1 kB]
Get:219 http://127.0.0.1:12990/debian sid/main amd64 libmaven-shared-io-java all 3.0.0-3 [33.3 kB]
Get:220 http://127.0.0.1:12990/debian sid/main amd64 libmaven-file-management-java all 3.0.0-1 [35.1 kB]
Get:221 http://127.0.0.1:12990/debian sid/main amd64 libplexus-build-api-java all 0.0.7-4 [10.3 kB]
Get:222 http://127.0.0.1:12990/debian sid/main amd64 libmaven-filtering-java all 3.1.1-1 [44.1 kB]
Get:223 http://127.0.0.1:12990/debian sid/main amd64 libmaven-jar-plugin-java all 3.1.2-1 [18.4 kB]
Get:224 http://127.0.0.1:12990/debian sid/main amd64 libmaven-reporting-impl-java all 3.0.0-2 [14.5 kB]
Get:225 http://127.0.0.1:12990/debian sid/main amd64 libplexus-ant-factory-java all 1.0~alpha2.1-4 [11.4 kB]
Get:226 http://127.0.0.1:12990/debian sid/main amd64 libplexus-bsh-factory-java all 1.0~alpha7-4 [8086 B]
Get:227 http://127.0.0.1:12990/debian sid/main amd64 libsurefire-java all 2.22.2-1 [1090 kB]
Get:228 http://127.0.0.1:12990/debian sid/main amd64 libmaven-plugin-tools-java all 3.6.0-1 [198 kB]
Get:229 http://127.0.0.1:12990/debian sid/main amd64 libmaven-reporting-exec-java all 1.4-2 [24.4 kB]
Get:230 http://127.0.0.1:12990/debian sid/main amd64 libmaven-resources-plugin-java all 3.1.0-1 [21.9 kB]
Get:231 http://127.0.0.1:12990/debian sid/main amd64 libmaven-site-plugin-java all 3.6-3 [114 kB]
Get:232 http://127.0.0.1:12990/debian sid/main amd64 libwagon-file-java all 3.3.4-1 [10.8 kB]
Get:233 http://127.0.0.1:12990/debian sid/main amd64 libwagon-http-shaded-java all 3.3.4-1 [1858 kB]
Get:234 http://127.0.0.1:12990/debian sid/main amd64 libxml2-utils amd64 2.9.10+dfsg-3 [108 kB]
Get:235 http://127.0.0.1:12990/debian sid/main amd64 maven all 3.6.3-1 [22.2 kB]
Get:236 http://127.0.0.1:12990/debian sid/main amd64 maven-repo-helper all 1.9.4 [142 kB]
Get:237 http://127.0.0.1:12990/debian sid/main amd64 maven-debian-helper all 2.4 [117 kB]
debconf: delaying package configuration, since apt-utils is not installed
Fetched 368 MB in 9s (42.5 MB/s)
Selecting previously unselected package bsdmainutils.
(Reading database ... 13887 files and directories currently installed.)
Preparing to unpack .../000-bsdmainutils_11.1.2+b1_amd64.deb ...
Unpacking bsdmainutils (11.1.2+b1) ...
Selecting previously unselected package libuchardet0:amd64.
Preparing to unpack .../001-libuchardet0_0.0.6-3_amd64.deb ...
Unpacking libuchardet0:amd64 (0.0.6-3) ...
Selecting previously unselected package groff-base.
Preparing to unpack .../002-groff-base_1.22.4-4_amd64.deb ...
Unpacking groff-base (1.22.4-4) ...
Selecting previously unselected package libpipeline1:amd64.
Preparing to unpack .../003-libpipeline1_1.5.2-2_amd64.deb ...
Unpacking libpipeline1:amd64 (1.5.2-2) ...
Selecting previously unselected package man-db.
Preparing to unpack .../004-man-db_2.9.0-2_amd64.deb ...
Unpacking man-db (2.9.0-2) ...
Selecting previously unselected package sgml-base.
Preparing to unpack .../005-sgml-base_1.29.1_all.deb ...
Unpacking sgml-base (1.29.1) ...
Selecting previously unselected package libncurses6:amd64.
Preparing to unpack .../006-libncurses6_6.1+20191019-1_amd64.deb ...
Unpacking libncurses6:amd64 (6.1+20191019-1) ...
Selecting previously unselected package libprocps8:amd64.
Preparing to unpack .../007-libprocps8_2%3a3.3.16-1+b1_amd64.deb ...
Unpacking libprocps8:amd64 (2:3.3.16-1+b1) ...
Selecting previously unselected package procps.
Preparing to unpack .../008-procps_2%3a3.3.16-1+b1_amd64.deb ...
Unpacking procps (2:3.3.16-1+b1) ...
Selecting previously unselected package sensible-utils.
Preparing to unpack .../009-sensible-utils_0.0.12+nmu1_all.deb ...
Unpacking sensible-utils (0.0.12+nmu1) ...
Selecting previously unselected package libmagic-mgc.
Preparing to unpack .../010-libmagic-mgc_1%3a5.38-4_amd64.deb ...
Unpacking libmagic-mgc (1:5.38-4) ...
Selecting previously unselected package libmagic1:amd64.
Preparing to unpack .../011-libmagic1_1%3a5.38-4_amd64.deb ...
Unpacking libmagic1:amd64 (1:5.38-4) ...
Selecting previously unselected package file.
Preparing to unpack .../012-file_1%3a5.38-4_amd64.deb ...
Unpacking file (1:5.38-4) ...
Selecting previously unselected package gettext-base.
Preparing to unpack .../013-gettext-base_0.19.8.1-10_amd64.deb ...
Unpacking gettext-base (0.19.8.1-10) ...
Selecting previously unselected package ucf.
Preparing to unpack .../014-ucf_3.0038+nmu1_all.deb ...
Moving old data out of the way
Unpacking ucf (3.0038+nmu1) ...
Selecting previously unselected package libssl1.1:amd64.
Preparing to unpack .../015-libssl1.1_1.1.1d-2_amd64.deb ...
Unpacking libssl1.1:amd64 (1.1.1d-2) ...
Selecting previously unselected package openssl.
Preparing to unpack .../016-openssl_1.1.1d-2_amd64.deb ...
Unpacking openssl (1.1.1d-2) ...
Selecting previously unselected package ca-certificates.
Preparing to unpack .../017-ca-certificates_20190110_all.deb ...
Unpacking ca-certificates (20190110) ...
Selecting previously unselected package libnspr4:amd64.
Preparing to unpack .../018-libnspr4_2%3a4.24-1_amd64.deb ...
Unpacking libnspr4:amd64 (2:4.24-1) ...
Selecting previously unselected package libsqlite3-0:amd64.
Preparing to unpack .../019-libsqlite3-0_3.31.1-3_amd64.deb ...
Unpacking libsqlite3-0:amd64 (3.31.1-3) ...
Selecting previously unselected package libnss3:amd64.
Preparing to unpack .../020-libnss3_2%3a3.50-1_amd64.deb ...
Unpacking libnss3:amd64 (2:3.50-1) ...
Selecting previously unselected package ca-certificates-java.
Preparing to unpack .../021-ca-certificates-java_20190909_all.deb ...
Unpacking ca-certificates-java (20190909) ...
Selecting previously unselected package java-common.
Preparing to unpack .../022-java-common_0.72_all.deb ...
Unpacking java-common (0.72) ...
Selecting previously unselected package libavahi-common-data:amd64.
Preparing to unpack .../023-libavahi-common-data_0.7-5_amd64.deb ...
Unpacking libavahi-common-data:amd64 (0.7-5) ...
Selecting previously unselected package libavahi-common3:amd64.
Preparing to unpack .../024-libavahi-common3_0.7-5_amd64.deb ...
Unpacking libavahi-common3:amd64 (0.7-5) ...
Selecting previously unselected package libdbus-1-3:amd64.
Preparing to unpack .../025-libdbus-1-3_1.12.16-2_amd64.deb ...
Unpacking libdbus-1-3:amd64 (1.12.16-2) ...
Selecting previously unselected package libavahi-client3:amd64.
Preparing to unpack .../026-libavahi-client3_0.7-5_amd64.deb ...
Unpacking libavahi-client3:amd64 (0.7-5) ...
Selecting previously unselected package libkeyutils1:amd64.
Preparing to unpack .../027-libkeyutils1_1.6.1-2_amd64.deb ...
Unpacking libkeyutils1:amd64 (1.6.1-2) ...
Selecting previously unselected package libkrb5support0:amd64.
Preparing to unpack .../028-libkrb5support0_1.17-6_amd64.deb ...
Unpacking libkrb5support0:amd64 (1.17-6) ...
Selecting previously unselected package libk5crypto3:amd64.
Preparing to unpack .../029-libk5crypto3_1.17-6_amd64.deb ...
Unpacking libk5crypto3:amd64 (1.17-6) ...
Selecting previously unselected package libkrb5-3:amd64.
Preparing to unpack .../030-libkrb5-3_1.17-6_amd64.deb ...
Unpacking libkrb5-3:amd64 (1.17-6) ...
Selecting previously unselected package libgssapi-krb5-2:amd64.
Preparing to unpack .../031-libgssapi-krb5-2_1.17-6_amd64.deb ...
Unpacking libgssapi-krb5-2:amd64 (1.17-6) ...
Selecting previously unselected package libcups2:amd64.
Preparing to unpack .../032-libcups2_2.3.1-11_amd64.deb ...
Unpacking libcups2:amd64 (2.3.1-11) ...
Selecting previously unselected package liblcms2-2:amd64.
Preparing to unpack .../033-liblcms2-2_2.9-4_amd64.deb ...
Unpacking liblcms2-2:amd64 (2.9-4) ...
Selecting previously unselected package libjpeg62-turbo:amd64.
Preparing to unpack .../034-libjpeg62-turbo_1%3a1.5.2-2+b1_amd64.deb ...
Unpacking libjpeg62-turbo:amd64 (1:1.5.2-2+b1) ...
Selecting previously unselected package libexpat1:amd64.
Preparing to unpack .../035-libexpat1_2.2.9-1_amd64.deb ...
Unpacking libexpat1:amd64 (2.2.9-1) ...
Selecting previously unselected package libpng16-16:amd64.
Preparing to unpack .../036-libpng16-16_1.6.37-2_amd64.deb ...
Unpacking libpng16-16:amd64 (1.6.37-2) ...
Selecting previously unselected package libfreetype6:amd64.
Preparing to unpack .../037-libfreetype6_2.10.1-2_amd64.deb ...
Unpacking libfreetype6:amd64 (2.10.1-2) ...
Selecting previously unselected package fonts-dejavu-core.
Preparing to unpack .../038-fonts-dejavu-core_2.37-1_all.deb ...
Unpacking fonts-dejavu-core (2.37-1) ...
Selecting previously unselected package fontconfig-config.
Preparing to unpack .../039-fontconfig-config_2.13.1-2_all.deb ...
Unpacking fontconfig-config (2.13.1-2) ...
Selecting previously unselected package libfontconfig1:amd64.
Preparing to unpack .../040-libfontconfig1_2.13.1-2+b1_amd64.deb ...
Unpacking libfontconfig1:amd64 (2.13.1-2+b1) ...
Selecting previously unselected package libasound2-data.
Preparing to unpack .../041-libasound2-data_1.2.1.2-2_all.deb ...
Unpacking libasound2-data (1.2.1.2-2) ...
Selecting previously unselected package libasound2:amd64.
Preparing to unpack .../042-libasound2_1.2.1.2-2_amd64.deb ...
Unpacking libasound2:amd64 (1.2.1.2-2) ...
Selecting previously unselected package libpcsclite1:amd64.
Preparing to unpack .../043-libpcsclite1_1.8.26-3_amd64.deb ...
Unpacking libpcsclite1:amd64 (1.8.26-3) ...
Selecting previously unselected package libxau6:amd64.
Preparing to unpack .../044-libxau6_1%3a1.0.8-1+b2_amd64.deb ...
Unpacking libxau6:amd64 (1:1.0.8-1+b2) ...
Selecting previously unselected package libxdmcp6:amd64.
Preparing to unpack .../045-libxdmcp6_1%3a1.1.2-3_amd64.deb ...
Unpacking libxdmcp6:amd64 (1:1.1.2-3) ...
Selecting previously unselected package libxcb1:amd64.
Preparing to unpack .../046-libxcb1_1.13.1-5_amd64.deb ...
Unpacking libxcb1:amd64 (1.13.1-5) ...
Selecting previously unselected package libx11-data.
Preparing to unpack .../047-libx11-data_2%3a1.6.8-1_all.deb ...
Unpacking libx11-data (2:1.6.8-1) ...
Selecting previously unselected package libx11-6:amd64.
Preparing to unpack .../048-libx11-6_2%3a1.6.8-1_amd64.deb ...
Unpacking libx11-6:amd64 (2:1.6.8-1) ...
Selecting previously unselected package libxext6:amd64.
Preparing to unpack .../049-libxext6_2%3a1.3.3-1+b2_amd64.deb ...
Unpacking libxext6:amd64 (2:1.3.3-1+b2) ...
Selecting previously unselected package libxi6:amd64.
Preparing to unpack .../050-libxi6_2%3a1.7.9-1_amd64.deb ...
Unpacking libxi6:amd64 (2:1.7.9-1) ...
Selecting previously unselected package libxrender1:amd64.
Preparing to unpack .../051-libxrender1_1%3a0.9.10-1_amd64.deb ...
Unpacking libxrender1:amd64 (1:0.9.10-1) ...
Selecting previously unselected package x11-common.
Preparing to unpack .../052-x11-common_1%3a7.7+20_all.deb ...
Unpacking x11-common (1:7.7+20) ...
Selecting previously unselected package libxtst6:amd64.
Preparing to unpack .../053-libxtst6_2%3a1.2.3-1_amd64.deb ...
Unpacking libxtst6:amd64 (2:1.2.3-1) ...
Selecting previously unselected package openjdk-11-jre-headless:amd64.
Preparing to unpack .../054-openjdk-11-jre-headless_11.0.6+10-2_amd64.deb ...
Unpacking openjdk-11-jre-headless:amd64 (11.0.6+10-2) ...
Selecting previously unselected package default-jre-headless.
Preparing to unpack .../055-default-jre-headless_2%3a1.11-72_amd64.deb ...
Unpacking default-jre-headless (2:1.11-72) ...
Selecting previously unselected package ant.
Preparing to unpack .../056-ant_1.10.7-1_all.deb ...
Unpacking ant (1.10.7-1) ...
Selecting previously unselected package libsigsegv2:amd64.
Preparing to unpack .../057-libsigsegv2_2.12-2_amd64.deb ...
Unpacking libsigsegv2:amd64 (2.12-2) ...
Selecting previously unselected package m4.
Preparing to unpack .../058-m4_1.4.18-4_amd64.deb ...
Unpacking m4 (1.4.18-4) ...
Selecting previously unselected package autoconf.
Preparing to unpack .../059-autoconf_2.69-11.1_all.deb ...
Unpacking autoconf (2.69-11.1) ...
Selecting previously unselected package autotools-dev.
Preparing to unpack .../060-autotools-dev_20180224.1_all.deb ...
Unpacking autotools-dev (20180224.1) ...
Selecting previously unselected package automake.
Preparing to unpack .../061-automake_1%3a1.16.1-4_all.deb ...
Unpacking automake (1:1.16.1-4) ...
Selecting previously unselected package autopoint.
Preparing to unpack .../062-autopoint_0.19.8.1-10_all.deb ...
Unpacking autopoint (0.19.8.1-10) ...
Selecting previously unselected package libtool.
Preparing to unpack .../063-libtool_2.4.6-13_all.deb ...
Unpacking libtool (2.4.6-13) ...
Selecting previously unselected package dh-autoreconf.
Preparing to unpack .../064-dh-autoreconf_19_all.deb ...
Unpacking dh-autoreconf (19) ...
Selecting previously unselected package libdebhelper-perl.
Preparing to unpack .../065-libdebhelper-perl_12.9_all.deb ...
Unpacking libdebhelper-perl (12.9) ...
Selecting previously unselected package libarchive-zip-perl.
Preparing to unpack .../066-libarchive-zip-perl_1.67-1_all.deb ...
Unpacking libarchive-zip-perl (1.67-1) ...
Selecting previously unselected package libsub-override-perl.
Preparing to unpack .../067-libsub-override-perl_0.09-2_all.deb ...
Unpacking libsub-override-perl (0.09-2) ...
Selecting previously unselected package libfile-stripnondeterminism-perl.
Preparing to unpack .../068-libfile-stripnondeterminism-perl_1.6.3-2_all.deb ...
Unpacking libfile-stripnondeterminism-perl (1.6.3-2) ...
Selecting previously unselected package dh-strip-nondeterminism.
Preparing to unpack .../069-dh-strip-nondeterminism_1.6.3-2_all.deb ...
Unpacking dh-strip-nondeterminism (1.6.3-2) ...
Selecting previously unselected package libelf1:amd64.
Preparing to unpack .../070-libelf1_0.176-1.1_amd64.deb ...
Unpacking libelf1:amd64 (0.176-1.1) ...
Selecting previously unselected package dwz.
Preparing to unpack .../071-dwz_0.13-5_amd64.deb ...
Unpacking dwz (0.13-5) ...
Selecting previously unselected package libglib2.0-0:amd64.
Preparing to unpack .../072-libglib2.0-0_2.62.4-2_amd64.deb ...
Unpacking libglib2.0-0:amd64 (2.62.4-2) ...
Selecting previously unselected package libicu63:amd64.
Preparing to unpack .../073-libicu63_63.2-2_amd64.deb ...
Unpacking libicu63:amd64 (63.2-2) ...
Selecting previously unselected package libxml2:amd64.
Preparing to unpack .../074-libxml2_2.9.10+dfsg-3_amd64.deb ...
Unpacking libxml2:amd64 (2.9.10+dfsg-3) ...
Selecting previously unselected package libcroco3:amd64.
Preparing to unpack .../075-libcroco3_0.6.13-1_amd64.deb ...
Unpacking libcroco3:amd64 (0.6.13-1) ...
Selecting previously unselected package gettext.
Preparing to unpack .../076-gettext_0.19.8.1-10_amd64.deb ...
Unpacking gettext (0.19.8.1-10) ...
Selecting previously unselected package intltool-debian.
Preparing to unpack .../077-intltool-debian_0.35.0+20060710.5_all.deb ...
Unpacking intltool-debian (0.35.0+20060710.5) ...
Selecting previously unselected package po-debconf.
Preparing to unpack .../078-po-debconf_1.0.21_all.deb ...
Unpacking po-debconf (1.0.21) ...
Selecting previously unselected package debhelper.
Preparing to unpack .../079-debhelper_12.9_all.deb ...
Unpacking debhelper (12.9) ...
Selecting previously unselected package libglvnd0:amd64.
Preparing to unpack .../080-libglvnd0_1.3.1-1_amd64.deb ...
Unpacking libglvnd0:amd64 (1.3.1-1) ...
Selecting previously unselected package libdrm-common.
Preparing to unpack .../081-libdrm-common_2.4.100-4_all.deb ...
Unpacking libdrm-common (2.4.100-4) ...
Selecting previously unselected package libdrm2:amd64.
Preparing to unpack .../082-libdrm2_2.4.100-4_amd64.deb ...
Unpacking libdrm2:amd64 (2.4.100-4) ...
Selecting previously unselected package libglapi-mesa:amd64.
Preparing to unpack .../083-libglapi-mesa_19.3.3-1_amd64.deb ...
Unpacking libglapi-mesa:amd64 (19.3.3-1) ...
Selecting previously unselected package libx11-xcb1:amd64.
Preparing to unpack .../084-libx11-xcb1_2%3a1.6.8-1_amd64.deb ...
Unpacking libx11-xcb1:amd64 (2:1.6.8-1) ...
Selecting previously unselected package libxcb-dri2-0:amd64.
Preparing to unpack .../085-libxcb-dri2-0_1.13.1-5_amd64.deb ...
Unpacking libxcb-dri2-0:amd64 (1.13.1-5) ...
Selecting previously unselected package libxcb-dri3-0:amd64.
Preparing to unpack .../086-libxcb-dri3-0_1.13.1-5_amd64.deb ...
Unpacking libxcb-dri3-0:amd64 (1.13.1-5) ...
Selecting previously unselected package libxcb-glx0:amd64.
Preparing to unpack .../087-libxcb-glx0_1.13.1-5_amd64.deb ...
Unpacking libxcb-glx0:amd64 (1.13.1-5) ...
Selecting previously unselected package libxcb-present0:amd64.
Preparing to unpack .../088-libxcb-present0_1.13.1-5_amd64.deb ...
Unpacking libxcb-present0:amd64 (1.13.1-5) ...
Selecting previously unselected package libxcb-sync1:amd64.
Preparing to unpack .../089-libxcb-sync1_1.13.1-5_amd64.deb ...
Unpacking libxcb-sync1:amd64 (1.13.1-5) ...
Selecting previously unselected package libxfixes3:amd64.
Preparing to unpack .../090-libxfixes3_1%3a5.0.3-1_amd64.deb ...
Unpacking libxfixes3:amd64 (1:5.0.3-1) ...
Selecting previously unselected package libxdamage1:amd64.
Preparing to unpack .../091-libxdamage1_1%3a1.1.5-1_amd64.deb ...
Unpacking libxdamage1:amd64 (1:1.1.5-1) ...
Selecting previously unselected package libxshmfence1:amd64.
Preparing to unpack .../092-libxshmfence1_1.3-1_amd64.deb ...
Unpacking libxshmfence1:amd64 (1.3-1) ...
Selecting previously unselected package libxxf86vm1:amd64.
Preparing to unpack .../093-libxxf86vm1_1%3a1.1.4-1+b2_amd64.deb ...
Unpacking libxxf86vm1:amd64 (1:1.1.4-1+b2) ...
Selecting previously unselected package libdrm-amdgpu1:amd64.
Preparing to unpack .../094-libdrm-amdgpu1_2.4.100-4_amd64.deb ...
Unpacking libdrm-amdgpu1:amd64 (2.4.100-4) ...
Selecting previously unselected package libpciaccess0:amd64.
Preparing to unpack .../095-libpciaccess0_0.14-1_amd64.deb ...
Unpacking libpciaccess0:amd64 (0.14-1) ...
Selecting previously unselected package libdrm-intel1:amd64.
Preparing to unpack .../096-libdrm-intel1_2.4.100-4_amd64.deb ...
Unpacking libdrm-intel1:amd64 (2.4.100-4) ...
Selecting previously unselected package libdrm-nouveau2:amd64.
Preparing to unpack .../097-libdrm-nouveau2_2.4.100-4_amd64.deb ...
Unpacking libdrm-nouveau2:amd64 (2.4.100-4) ...
Selecting previously unselected package libdrm-radeon1:amd64.
Preparing to unpack .../098-libdrm-radeon1_2.4.100-4_amd64.deb ...
Unpacking libdrm-radeon1:amd64 (2.4.100-4) ...
Selecting previously unselected package libz3-4:amd64.
Preparing to unpack .../099-libz3-4_4.8.7-4_amd64.deb ...
Unpacking libz3-4:amd64 (4.8.7-4) ...
Selecting previously unselected package libllvm9:amd64.
Preparing to unpack .../100-libllvm9_1%3a9.0.1-8_amd64.deb ...
Unpacking libllvm9:amd64 (1:9.0.1-8) ...
Selecting previously unselected package libsensors-config.
Preparing to unpack .../101-libsensors-config_1%3a3.6.0-2_all.deb ...
Unpacking libsensors-config (1:3.6.0-2) ...
Selecting previously unselected package libsensors5:amd64.
Preparing to unpack .../102-libsensors5_1%3a3.6.0-2_amd64.deb ...
Unpacking libsensors5:amd64 (1:3.6.0-2) ...
Selecting previously unselected package libvulkan1:amd64.
Preparing to unpack .../103-libvulkan1_1.2.131.2-1_amd64.deb ...
Unpacking libvulkan1:amd64 (1.2.131.2-1) ...
Selecting previously unselected package libgl1-mesa-dri:amd64.
Preparing to unpack .../104-libgl1-mesa-dri_19.3.3-1_amd64.deb ...
Unpacking libgl1-mesa-dri:amd64 (19.3.3-1) ...
Selecting previously unselected package libglx-mesa0:amd64.
Preparing to unpack .../105-libglx-mesa0_19.3.3-1_amd64.deb ...
Unpacking libglx-mesa0:amd64 (19.3.3-1) ...
Selecting previously unselected package libglx0:amd64.
Preparing to unpack .../106-libglx0_1.3.1-1_amd64.deb ...
Unpacking libglx0:amd64 (1.3.1-1) ...
Selecting previously unselected package libgl1:amd64.
Preparing to unpack .../107-libgl1_1.3.1-1_amd64.deb ...
Unpacking libgl1:amd64 (1.3.1-1) ...
Selecting previously unselected package libgif7:amd64.
Preparing to unpack .../108-libgif7_5.1.9-1_amd64.deb ...
Unpacking libgif7:amd64 (5.1.9-1) ...
Selecting previously unselected package openjdk-11-jre:amd64.
Preparing to unpack .../109-openjdk-11-jre_11.0.6+10-2_amd64.deb ...
Unpacking openjdk-11-jre:amd64 (11.0.6+10-2) ...
Selecting previously unselected package default-jre.
Preparing to unpack .../110-default-jre_2%3a1.11-72_amd64.deb ...
Unpacking default-jre (2:1.11-72) ...
Selecting previously unselected package openjdk-11-jdk-headless:amd64.
Preparing to unpack .../111-openjdk-11-jdk-headless_11.0.6+10-2_amd64.deb ...
Unpacking openjdk-11-jdk-headless:amd64 (11.0.6+10-2) ...
Selecting previously unselected package default-jdk-headless.
Preparing to unpack .../112-default-jdk-headless_2%3a1.11-72_amd64.deb ...
Unpacking default-jdk-headless (2:1.11-72) ...
Selecting previously unselected package openjdk-11-jdk:amd64.
Preparing to unpack .../113-openjdk-11-jdk_11.0.6+10-2_amd64.deb ...
Unpacking openjdk-11-jdk:amd64 (11.0.6+10-2) ...
Selecting previously unselected package default-jdk.
Preparing to unpack .../114-default-jdk_2%3a1.11-72_amd64.deb ...
Unpacking default-jdk (2:1.11-72) ...
Selecting previously unselected package unzip.
Preparing to unpack .../115-unzip_6.0-25_amd64.deb ...
Unpacking unzip (6.0-25) ...
Selecting previously unselected package java-wrappers.
Preparing to unpack .../116-java-wrappers_0.3_all.deb ...
Unpacking java-wrappers (0.3) ...
Selecting previously unselected package libhamcrest-java.
Preparing to unpack .../117-libhamcrest-java_1.3-9_all.deb ...
Unpacking libhamcrest-java (1.3-9) ...
Selecting previously unselected package junit4.
Preparing to unpack .../118-junit4_4.12-8_all.deb ...
Unpacking junit4 (4.12-8) ...
Selecting previously unselected package libaopalliance-java.
Preparing to unpack .../119-libaopalliance-java_20070526-6_all.deb ...
Unpacking libaopalliance-java (20070526-6) ...
Selecting previously unselected package libapache-pom-java.
Preparing to unpack .../120-libapache-pom-java_18-1_all.deb ...
Unpacking libapache-pom-java (18-1) ...
Selecting previously unselected package libasm-java.
Preparing to unpack .../121-libasm-java_7.2-1_all.deb ...
Unpacking libasm-java (7.2-1) ...
Selecting previously unselected package libatinject-jsr330-api-java.
Preparing to unpack .../122-libatinject-jsr330-api-java_1.0+ds1-5_all.deb ...
Unpacking libatinject-jsr330-api-java (1.0+ds1-5) ...
Selecting previously unselected package libjaxp1.3-java.
Preparing to unpack .../123-libjaxp1.3-java_1.3.05-5_all.deb ...
Unpacking libjaxp1.3-java (1.3.05-5) ...
Selecting previously unselected package libxml-commons-external-java.
Preparing to unpack .../124-libxml-commons-external-java_1.4.01-3_all.deb ...
Unpacking libxml-commons-external-java (1.4.01-3) ...
Selecting previously unselected package libxml-commons-resolver1.1-java.
Preparing to unpack .../125-libxml-commons-resolver1.1-java_1.2-9_all.deb ...
Unpacking libxml-commons-resolver1.1-java (1.2-9) ...
Selecting previously unselected package libxerces2-java.
Preparing to unpack .../126-libxerces2-java_2.12.1-1_all.deb ...
Unpacking libxerces2-java (2.12.1-1) ...
Selecting previously unselected package libxalan2-java.
Preparing to unpack .../127-libxalan2-java_2.7.2-2_all.deb ...
Unpacking libxalan2-java (2.7.2-2) ...
Selecting previously unselected package libcommons-parent-java.
Preparing to unpack .../128-libcommons-parent-java_43-1_all.deb ...
Unpacking libcommons-parent-java (43-1) ...
Selecting previously unselected package libcommons-io-java.
Preparing to unpack .../129-libcommons-io-java_2.6-2_all.deb ...
Unpacking libcommons-io-java (2.6-2) ...
Selecting previously unselected package libcommons-logging-java.
Preparing to unpack .../130-libcommons-logging-java_1.2-2_all.deb ...
Unpacking libcommons-logging-java (1.2-2) ...
Selecting previously unselected package libxmlgraphics-commons-java.
Preparing to unpack .../131-libxmlgraphics-commons-java_2.4-1_all.deb ...
Unpacking libxmlgraphics-commons-java (2.4-1) ...
Selecting previously unselected package libbatik-java.
Preparing to unpack .../132-libbatik-java_1.12-1_all.deb ...
Unpacking libbatik-java (1.12-1) ...
Selecting previously unselected package libbsh-java.
Preparing to unpack .../133-libbsh-java_2.0b4-20_all.deb ...
Unpacking libbsh-java (2.0b4-20) ...
Selecting previously unselected package libgeronimo-interceptor-3.0-spec-java.
Preparing to unpack .../134-libgeronimo-interceptor-3.0-spec-java_1.0.1-4_all.deb ...
Unpacking libgeronimo-interceptor-3.0-spec-java (1.0.1-4) ...
Selecting previously unselected package libcdi-api-java.
Preparing to unpack .../135-libcdi-api-java_1.2-2_all.deb ...
Unpacking libcdi-api-java (1.2-2) ...
Selecting previously unselected package libcommons-collections3-java.
Preparing to unpack .../136-libcommons-collections3-java_3.2.2-2_all.deb ...
Unpacking libcommons-collections3-java (3.2.2-2) ...
Selecting previously unselected package libcommons-beanutils-java.
Preparing to unpack .../137-libcommons-beanutils-java_1.9.4-1_all.deb ...
Unpacking libcommons-beanutils-java (1.9.4-1) ...
Selecting previously unselected package libcommons-cli-java.
Preparing to unpack .../138-libcommons-cli-java_1.4-1_all.deb ...
Unpacking libcommons-cli-java (1.4-1) ...
Selecting previously unselected package libcommons-codec-java.
Preparing to unpack .../139-libcommons-codec-java_1.14-1_all.deb ...
Unpacking libcommons-codec-java (1.14-1) ...
Selecting previously unselected package libcommons-compress-java.
Preparing to unpack .../140-libcommons-compress-java_1.19-1_all.deb ...
Unpacking libcommons-compress-java (1.19-1) ...
Selecting previously unselected package libcommons-lang-java.
Preparing to unpack .../141-libcommons-lang-java_2.6-9_all.deb ...
Unpacking libcommons-lang-java (2.6-9) ...
Selecting previously unselected package libcommons-configuration-java.
Preparing to unpack .../142-libcommons-configuration-java_1.10-5_all.deb ...
Unpacking libcommons-configuration-java (1.10-5) ...
Selecting previously unselected package libcommons-digester-java.
Preparing to unpack .../143-libcommons-digester-java_1.8.1-5_all.deb ...
Unpacking libcommons-digester-java (1.8.1-5) ...
Selecting previously unselected package libcommons-exec-java.
Preparing to unpack .../144-libcommons-exec-java_1.3-1_all.deb ...
Unpacking libcommons-exec-java (1.3-1) ...
Selecting previously unselected package libcommons-lang3-java.
Preparing to unpack .../145-libcommons-lang3-java_3.8-2_all.deb ...
Unpacking libcommons-lang3-java (3.8-2) ...
Selecting previously unselected package libcommons-validator-java.
Preparing to unpack .../146-libcommons-validator-java_1%3a1.6-2_all.deb ...
Unpacking libcommons-validator-java (1:1.6-2) ...
Selecting previously unselected package libjaxen-java.
Preparing to unpack .../147-libjaxen-java_1.1.6-4_all.deb ...
Unpacking libjaxen-java (1.1.6-4) ...
Selecting previously unselected package libdom4j-java.
Preparing to unpack .../148-libdom4j-java_2.1.1-2_all.deb ...
Unpacking libdom4j-java (2.1.1-2) ...
Selecting previously unselected package libhttpcore-java.
Preparing to unpack .../149-libhttpcore-java_4.4.13-1_all.deb ...
Unpacking libhttpcore-java (4.4.13-1) ...
Selecting previously unselected package libhttpclient-java.
Preparing to unpack .../150-libhttpclient-java_4.5.11-1_all.deb ...
Unpacking libhttpclient-java (4.5.11-1) ...
Selecting previously unselected package libplexus-utils2-java.
Preparing to unpack .../151-libplexus-utils2-java_3.3.0-1_all.deb ...
Unpacking libplexus-utils2-java (3.3.0-1) ...
Selecting previously unselected package libmaven-parent-java.
Preparing to unpack .../152-libmaven-parent-java_31-2_all.deb ...
Unpacking libmaven-parent-java (31-2) ...
Selecting previously unselected package libdoxia-core-java.
Preparing to unpack .../153-libdoxia-core-java_1.7-2_all.deb ...
Unpacking libdoxia-core-java (1.7-2) ...
Selecting previously unselected package libfontbox2-java.
Preparing to unpack .../154-libfontbox2-java_2.0.18-1_all.deb ...
Unpacking libfontbox2-java (2.0.18-1) ...
Selecting previously unselected package libqdox-java.
Preparing to unpack .../155-libqdox-java_1.12.1-3_all.deb ...
Unpacking libqdox-java (1.12.1-3) ...
Selecting previously unselected package libservlet-api-java.
Preparing to unpack .../156-libservlet-api-java_4.0.1-2_all.deb ...
Unpacking libservlet-api-java (4.0.1-2) ...
Selecting previously unselected package libjsp-api-java.
Preparing to unpack .../157-libjsp-api-java_2.3.4-2_all.deb ...
Unpacking libjsp-api-java (2.3.4-2) ...
Selecting previously unselected package libel-api-java.
Preparing to unpack .../158-libel-api-java_3.0.0-2_all.deb ...
Unpacking libel-api-java (3.0.0-2) ...
Selecting previously unselected package libwebsocket-api-java.
Preparing to unpack .../159-libwebsocket-api-java_1.1-1_all.deb ...
Unpacking libwebsocket-api-java (1.1-1) ...
Selecting previously unselected package libservlet3.1-java.
Preparing to unpack .../160-libservlet3.1-java_1%3a4.0.1-2_all.deb ...
Unpacking libservlet3.1-java (1:4.0.1-2) ...
Selecting previously unselected package libfop-java.
Preparing to unpack .../161-libfop-java_1%3a2.4-2_all.deb ...
Unpacking libfop-java (1:2.4-2) ...
Selecting previously unselected package libitext1-java.
Preparing to unpack .../162-libitext1-java_1.4-7_all.deb ...
Unpacking libitext1-java (1.4-7) ...
Selecting previously unselected package liblog4j1.2-java.
Preparing to unpack .../163-liblog4j1.2-java_1.2.17-9_all.deb ...
Unpacking liblog4j1.2-java (1.2.17-9) ...
Selecting previously unselected package libparboiled-java.
Preparing to unpack .../164-libparboiled-java_1.1.7-2_all.deb ...
Unpacking libparboiled-java (1.1.7-2) ...
Selecting previously unselected package libpegdown-java.
Preparing to unpack .../165-libpegdown-java_1.6.0-1_all.deb ...
Unpacking libpegdown-java (1.6.0-1) ...
Selecting previously unselected package libplexus-component-annotations-java.
Preparing to unpack .../166-libplexus-component-annotations-java_2.1.0-1_all.deb ...
Unpacking libplexus-component-annotations-java (2.1.0-1) ...
Selecting previously unselected package libjsr305-java.
Preparing to unpack .../167-libjsr305-java_0.1~+svn49-11_all.deb ...
Unpacking libjsr305-java (0.1~+svn49-11) ...
Selecting previously unselected package libguava-java.
Preparing to unpack .../168-libguava-java_19.0-1_all.deb ...
Unpacking libguava-java (19.0-1) ...
Selecting previously unselected package libplexus-classworlds-java.
Preparing to unpack .../169-libplexus-classworlds-java_2.6.0-1_all.deb ...
Unpacking libplexus-classworlds-java (2.6.0-1) ...
Selecting previously unselected package libxbean-reflect-java.
Preparing to unpack .../170-libxbean-reflect-java_4.5-8_all.deb ...
Unpacking libxbean-reflect-java (4.5-8) ...
Selecting previously unselected package libplexus-container-default-java.
Preparing to unpack .../171-libplexus-container-default-java_2.1.0-1_all.deb ...
Unpacking libplexus-container-default-java (2.1.0-1) ...
Selecting previously unselected package libdoxia-java.
Preparing to unpack .../172-libdoxia-java_1.7-2_all.deb ...
Unpacking libdoxia-java (1.7-2) ...
Selecting previously unselected package libmaven-reporting-api-java.
Preparing to unpack .../173-libmaven-reporting-api-java_3.0-1_all.deb ...
Unpacking libmaven-reporting-api-java (3.0-1) ...
Selecting previously unselected package libgeronimo-annotation-1.3-spec-java.
Preparing to unpack .../174-libgeronimo-annotation-1.3-spec-java_1.0-1_all.deb ...
Unpacking libgeronimo-annotation-1.3-spec-java (1.0-1) ...
Selecting previously unselected package libguice-java.
Preparing to unpack .../175-libguice-java_4.2.1-1_all.deb ...
Unpacking libguice-java (4.2.1-1) ...
Selecting previously unselected package libwagon-provider-api-java.
Preparing to unpack .../176-libwagon-provider-api-java_3.3.4-1_all.deb ...
Unpacking libwagon-provider-api-java (3.3.4-1) ...
Selecting previously unselected package libmaven-resolver-java.
Preparing to unpack .../177-libmaven-resolver-java_1.4.1-1_all.deb ...
Unpacking libmaven-resolver-java (1.4.1-1) ...
Selecting previously unselected package libmaven-shared-utils-java.
Preparing to unpack .../178-libmaven-shared-utils-java_3.3.0-1_all.deb ...
Unpacking libmaven-shared-utils-java (3.3.0-1) ...
Selecting previously unselected package libplexus-cipher-java.
Preparing to unpack .../179-libplexus-cipher-java_1.7-3_all.deb ...
Unpacking libplexus-cipher-java (1.7-3) ...
Selecting previously unselected package libplexus-interpolation-java.
Preparing to unpack .../180-libplexus-interpolation-java_1.26-1_all.deb ...
Unpacking libplexus-interpolation-java (1.26-1) ...
Selecting previously unselected package libplexus-sec-dispatcher-java.
Preparing to unpack .../181-libplexus-sec-dispatcher-java_1.4-4_all.deb ...
Unpacking libplexus-sec-dispatcher-java (1.4-4) ...
Selecting previously unselected package libslf4j-java.
Preparing to unpack .../182-libslf4j-java_1.7.25-3_all.deb ...
Unpacking libslf4j-java (1.7.25-3) ...
Selecting previously unselected package libsisu-inject-java.
Preparing to unpack .../183-libsisu-inject-java_0.3.3-1_all.deb ...
Unpacking libsisu-inject-java (0.3.3-1) ...
Selecting previously unselected package libsisu-plexus-java.
Preparing to unpack .../184-libsisu-plexus-java_0.3.3-3_all.deb ...
Unpacking libsisu-plexus-java (0.3.3-3) ...
Selecting previously unselected package libmaven3-core-java.
Preparing to unpack .../185-libmaven3-core-java_3.6.3-1_all.deb ...
Unpacking libmaven3-core-java (3.6.3-1) ...
Selecting previously unselected package libplexus-container-default1.5-java.
Preparing to unpack .../186-libplexus-container-default1.5-java_2.1.0-1_all.deb ...
Unpacking libplexus-container-default1.5-java (2.1.0-1) ...
Selecting previously unselected package libplexus-i18n-java.
Preparing to unpack .../187-libplexus-i18n-java_1.0-beta-10-5_all.deb ...
Unpacking libplexus-i18n-java (1.0-beta-10-5) ...
Selecting previously unselected package velocity.
Preparing to unpack .../188-velocity_1.7-5_all.deb ...
Unpacking velocity (1.7-5) ...
Selecting previously unselected package libplexus-velocity-java.
Preparing to unpack .../189-libplexus-velocity-java_1.2-3_all.deb ...
Unpacking libplexus-velocity-java (1.2-3) ...
Selecting previously unselected package liboro-java.
Preparing to unpack .../190-liboro-java_2.0.8a-14_all.deb ...
Unpacking liboro-java (2.0.8a-14) ...
Selecting previously unselected package libvelocity-tools-java.
Preparing to unpack .../191-libvelocity-tools-java_2.0-7_all.deb ...
Unpacking libvelocity-tools-java (2.0-7) ...
Selecting previously unselected package libdoxia-sitetools-java.
Preparing to unpack .../192-libdoxia-sitetools-java_1.7.5-1_all.deb ...
Unpacking libdoxia-sitetools-java (1.7.5-1) ...
Selecting previously unselected package libexec-maven-plugin-java.
Preparing to unpack .../193-libexec-maven-plugin-java_1.6.0-4_all.deb ...
Unpacking libexec-maven-plugin-java (1.6.0-4) ...
Selecting previously unselected package libhawtjni-runtime-java.
Preparing to unpack .../194-libhawtjni-runtime-java_1.17-1_all.deb ...
Unpacking libhawtjni-runtime-java (1.17-1) ...
Selecting previously unselected package libinchi1.
Preparing to unpack .../195-libinchi1_1.03+dfsg-2_amd64.deb ...
Unpacking libinchi1 (1.03+dfsg-2) ...
Selecting previously unselected package libinchi-dev.
Preparing to unpack .../196-libinchi-dev_1.03+dfsg-2_amd64.deb ...
Unpacking libinchi-dev (1.03+dfsg-2) ...
Selecting previously unselected package libjansi-native-java.
Preparing to unpack .../197-libjansi-native-java_1.8-1_all.deb ...
Unpacking libjansi-native-java (1.8-1) ...
Selecting previously unselected package libjansi-java.
Preparing to unpack .../198-libjansi-java_1.18-1_all.deb ...
Unpacking libjansi-java (1.18-1) ...
Selecting previously unselected package libjetty9-java.
Preparing to unpack .../199-libjetty9-java_9.4.26-1_all.deb ...
Unpacking libjetty9-java (9.4.26-1) ...
Selecting previously unselected package libjtidy-java.
Preparing to unpack .../200-libjtidy-java_7+svn20110807-5_all.deb ...
Unpacking libjtidy-java (7+svn20110807-5) ...
Selecting previously unselected package libplexus-io-java.
Preparing to unpack .../201-libplexus-io-java_3.1.1-1_all.deb ...
Unpacking libplexus-io-java (3.1.1-1) ...
Selecting previously unselected package libsnappy1v5:amd64.
Preparing to unpack .../202-libsnappy1v5_1.1.8-1_amd64.deb ...
Unpacking libsnappy1v5:amd64 (1.1.8-1) ...
Selecting previously unselected package libsnappy-jni.
Preparing to unpack .../203-libsnappy-jni_1.1.7.3-1_amd64.deb ...
Unpacking libsnappy-jni (1.1.7.3-1) ...
Selecting previously unselected package libsnappy-java.
Preparing to unpack .../204-libsnappy-java_1.1.7.3-1_all.deb ...
Unpacking libsnappy-java (1.1.7.3-1) ...
Selecting previously unselected package libxz-java.
Preparing to unpack .../205-libxz-java_1.8-2_all.deb ...
Unpacking libxz-java (1.8-2) ...
Selecting previously unselected package libplexus-archiver-java.
Preparing to unpack .../206-libplexus-archiver-java_3.6.0-2_all.deb ...
Unpacking libplexus-archiver-java (3.6.0-2) ...
Selecting previously unselected package libmaven-archiver-java.
Preparing to unpack .../207-libmaven-archiver-java_3.2.0-2_all.deb ...
Unpacking libmaven-archiver-java (3.2.0-2) ...
Selecting previously unselected package libmaven-clean-plugin-java.
Preparing to unpack .../208-libmaven-clean-plugin-java_3.1.0-1_all.deb ...
Unpacking libmaven-clean-plugin-java (3.1.0-1) ...
Selecting previously unselected package libsisu-guice-java.
Preparing to unpack .../209-libsisu-guice-java_4.2.0-1_all.deb ...
Unpacking libsisu-guice-java (4.2.0-1) ...
Selecting previously unselected package libsisu-ioc-java.
Preparing to unpack .../210-libsisu-ioc-java_2.3.0-11_all.deb ...
Unpacking libsisu-ioc-java (2.3.0-11) ...
Selecting previously unselected package libmaven-common-artifact-filters-java.
Preparing to unpack .../211-libmaven-common-artifact-filters-java_3.0.1-3_all.deb ...
Unpacking libmaven-common-artifact-filters-java (3.0.1-3) ...
Selecting previously unselected package libmaven-shared-incremental-java.
Preparing to unpack .../212-libmaven-shared-incremental-java_1.1-3_all.deb ...
Unpacking libmaven-shared-incremental-java (1.1-3) ...
Selecting previously unselected package libplexus-compiler-java.
Preparing to unpack .../213-libplexus-compiler-java_2.8.5-2_all.deb ...
Unpacking libplexus-compiler-java (2.8.5-2) ...
Selecting previously unselected package libqdox2-java.
Preparing to unpack .../214-libqdox2-java_2.0.0-1_all.deb ...
Unpacking libqdox2-java (2.0.0-1) ...
Selecting previously unselected package libplexus-languages-java.
Preparing to unpack .../215-libplexus-languages-java_0.9.10-2_all.deb ...
Unpacking libplexus-languages-java (0.9.10-2) ...
Selecting previously unselected package libmaven-compiler-plugin-java.
Preparing to unpack .../216-libmaven-compiler-plugin-java_3.8.1-4_all.deb ...
Unpacking libmaven-compiler-plugin-java (3.8.1-4) ...
Selecting previously unselected package libmaven-shared-io-java.
Preparing to unpack .../217-libmaven-shared-io-java_3.0.0-3_all.deb ...
Unpacking libmaven-shared-io-java (3.0.0-3) ...
Selecting previously unselected package libmaven-file-management-java.
Preparing to unpack .../218-libmaven-file-management-java_3.0.0-1_all.deb ...
Unpacking libmaven-file-management-java (3.0.0-1) ...
Selecting previously unselected package libplexus-build-api-java.
Preparing to unpack .../219-libplexus-build-api-java_0.0.7-4_all.deb ...
Unpacking libplexus-build-api-java (0.0.7-4) ...
Selecting previously unselected package libmaven-filtering-java.
Preparing to unpack .../220-libmaven-filtering-java_3.1.1-1_all.deb ...
Unpacking libmaven-filtering-java (3.1.1-1) ...
Selecting previously unselected package libmaven-jar-plugin-java.
Preparing to unpack .../221-libmaven-jar-plugin-java_3.1.2-1_all.deb ...
Unpacking libmaven-jar-plugin-java (3.1.2-1) ...
Selecting previously unselected package libmaven-reporting-impl-java.
Preparing to unpack .../222-libmaven-reporting-impl-java_3.0.0-2_all.deb ...
Unpacking libmaven-reporting-impl-java (3.0.0-2) ...
Selecting previously unselected package libplexus-ant-factory-java.
Preparing to unpack .../223-libplexus-ant-factory-java_1.0~alpha2.1-4_all.deb ...
Unpacking libplexus-ant-factory-java (1.0~alpha2.1-4) ...
Selecting previously unselected package libplexus-bsh-factory-java.
Preparing to unpack .../224-libplexus-bsh-factory-java_1.0~alpha7-4_all.deb ...
Unpacking libplexus-bsh-factory-java (1.0~alpha7-4) ...
Selecting previously unselected package libsurefire-java.
Preparing to unpack .../225-libsurefire-java_2.22.2-1_all.deb ...
Unpacking libsurefire-java (2.22.2-1) ...
Selecting previously unselected package libmaven-plugin-tools-java.
Preparing to unpack .../226-libmaven-plugin-tools-java_3.6.0-1_all.deb ...
Unpacking libmaven-plugin-tools-java (3.6.0-1) ...
Selecting previously unselected package libmaven-reporting-exec-java.
Preparing to unpack .../227-libmaven-reporting-exec-java_1.4-2_all.deb ...
Unpacking libmaven-reporting-exec-java (1.4-2) ...
Selecting previously unselected package libmaven-resources-plugin-java.
Preparing to unpack .../228-libmaven-resources-plugin-java_3.1.0-1_all.deb ...
Unpacking libmaven-resources-plugin-java (3.1.0-1) ...
Selecting previously unselected package libmaven-site-plugin-java.
Preparing to unpack .../229-libmaven-site-plugin-java_3.6-3_all.deb ...
Unpacking libmaven-site-plugin-java (3.6-3) ...
Selecting previously unselected package libwagon-file-java.
Preparing to unpack .../230-libwagon-file-java_3.3.4-1_all.deb ...
Unpacking libwagon-file-java (3.3.4-1) ...
Selecting previously unselected package libwagon-http-shaded-java.
Preparing to unpack .../231-libwagon-http-shaded-java_3.3.4-1_all.deb ...
Unpacking libwagon-http-shaded-java (3.3.4-1) ...
Selecting previously unselected package libxml2-utils.
Preparing to unpack .../232-libxml2-utils_2.9.10+dfsg-3_amd64.deb ...
Unpacking libxml2-utils (2.9.10+dfsg-3) ...
Selecting previously unselected package maven.
Preparing to unpack .../233-maven_3.6.3-1_all.deb ...
Unpacking maven (3.6.3-1) ...
Selecting previously unselected package maven-repo-helper.
Preparing to unpack .../234-maven-repo-helper_1.9.4_all.deb ...
Unpacking maven-repo-helper (1.9.4) ...
Selecting previously unselected package maven-debian-helper.
Preparing to unpack .../235-maven-debian-helper_2.4_all.deb ...
Unpacking maven-debian-helper (2.4) ...
Selecting previously unselected package sbuild-build-depends-main-dummy.
Preparing to unpack .../236-sbuild-build-depends-main-dummy_0.invalid.0_amd64.deb ...
Unpacking sbuild-build-depends-main-dummy (0.invalid.0) ...
Setting up libexpat1:amd64 (2.2.9-1) ...
Setting up libpipeline1:amd64 (1.5.2-2) ...
Setting up liblcms2-2:amd64 (2.9-4) ...
Setting up libx11-xcb1:amd64 (2:1.6.8-1) ...
Setting up libpciaccess0:amd64 (0.14-1) ...
Setting up libslf4j-java (1.7.25-3) ...
Setting up libxau6:amd64 (1:1.0.8-1+b2) ...
Setting up libxdmcp6:amd64 (1:1.1.2-3) ...
Setting up libplexus-utils2-java (3.3.0-1) ...
Setting up libkeyutils1:amd64 (1.6.1-2) ...
Setting up libplexus-classworlds-java (2.6.0-1) ...
Setting up libxcb1:amd64 (1.13.1-5) ...
Setting up libqdox-java (1.12.1-3) ...
Setting up libplexus-build-api-java (0.0.7-4) ...
Setting up libjsr305-java (0.1~+svn49-11) ...
Setting up java-common (0.72) ...
Setting up libqdox2-java (2.0.0-1) ...
Setting up libaopalliance-java (20070526-6) ...
Setting up libcommons-cli-java (1.4-1) ...
Setting up libmagic-mgc (1:5.38-4) ...
Setting up libcommons-exec-java (1.3-1) ...
Setting up libarchive-zip-perl (1.67-1) ...
Setting up libglib2.0-0:amd64 (2.62.4-2) ...
No schema files found: doing nothing.
Setting up libglvnd0:amd64 (1.3.1-1) ...
Setting up libssl1.1:amd64 (1.1.1d-2) ...
Setting up libxcb-glx0:amd64 (1.13.1-5) ...
Setting up unzip (6.0-25) ...
Setting up libdebhelper-perl (12.9) ...
Setting up libsqlite3-0:amd64 (3.31.1-3) ...
Setting up libasm-java (7.2-1) ...
Setting up x11-common (1:7.7+20) ...
update-rc.d: warning: start and stop actions are no longer supported; falling back to defaults
invoke-rc.d: could not determine current runlevel
All runlevel operations denied by policy
invoke-rc.d: policy-rc.d denied execution of start.
Setting up libsensors-config (1:3.6.0-2) ...
Setting up libmagic1:amd64 (1:5.38-4) ...
Setting up liblog4j1.2-java (1.2.17-9) ...
Setting up gettext-base (0.19.8.1-10) ...
Setting up libel-api-java (3.0.0-2) ...
Setting up libplexus-component-annotations-java (2.1.0-1) ...
Setting up file (1:5.38-4) ...
Setting up libicu63:amd64 (63.2-2) ...
Setting up libplexus-cipher-java (1.7-3) ...
Setting up liboro-java (2.0.8a-14) ...
Setting up libsnappy1v5:amd64 (1.1.8-1) ...
Setting up libkrb5support0:amd64 (1.17-6) ...
Setting up libfontbox2-java (2.0.18-1) ...
Setting up libxcb-present0:amd64 (1.13.1-5) ...
Setting up libgeronimo-annotation-1.3-spec-java (1.0-1) ...
Setting up libgeronimo-interceptor-3.0-spec-java (1.0.1-4) ...
Setting up libcommons-collections3-java (3.2.2-2) ...
Setting up libasound2-data (1.2.1.2-2) ...
Setting up autotools-dev (20180224.1) ...
Setting up libz3-4:amd64 (4.8.7-4) ...
Setting up libjpeg62-turbo:amd64 (1:1.5.2-2+b1) ...
Setting up libjaxen-java (1.1.6-4) ...
Setting up libx11-data (2:1.6.8-1) ...
Setting up libnspr4:amd64 (2:4.24-1) ...
Setting up libxcb-sync1:amd64 (1.13.1-5) ...
Setting up libjtidy-java (7+svn20110807-5) ...
Setting up libapache-pom-java (18-1) ...
Setting up libavahi-common-data:amd64 (0.7-5) ...
Setting up libncurses6:amd64 (6.1+20191019-1) ...
Setting up libatinject-jsr330-api-java (1.0+ds1-5) ...
Setting up libdbus-1-3:amd64 (1.12.16-2) ...
Setting up libsigsegv2:amd64 (2.12-2) ...
Setting up libwebsocket-api-java (1.1-1) ...
Setting up bsdmainutils (11.1.2+b1) ...
update-alternatives: using /usr/bin/bsd-write to provide /usr/bin/write (write) in auto mode
update-alternatives: using /usr/bin/bsd-from to provide /usr/bin/from (from) in auto mode
Setting up libplexus-interpolation-java (1.26-1) ...
Setting up libpng16-16:amd64 (1.6.37-2) ...
Setting up libxml-commons-resolver1.1-java (1.2-9) ...
Setting up libxz-java (1.8-2) ...
Setting up libitext1-java (1.4-7) ...
Setting up autopoint (0.19.8.1-10) ...
Setting up fonts-dejavu-core (2.37-1) ...
Setting up libpcsclite1:amd64 (1.8.26-3) ...
Setting up libsensors5:amd64 (1:3.6.0-2) ...
Setting up libk5crypto3:amd64 (1.17-6) ...
Setting up libhamcrest-java (1.3-9) ...
Setting up libglapi-mesa:amd64 (19.3.3-1) ...
Setting up libbsh-java (2.0b4-20) ...
Setting up libjsp-api-java (2.3.4-2) ...
Setting up libvulkan1:amd64 (1.2.131.2-1) ...
Setting up libxcb-dri2-0:amd64 (1.13.1-5) ...
Setting up libgif7:amd64 (5.1.9-1) ...
Setting up sensible-utils (0.0.12+nmu1) ...
Setting up libxshmfence1:amd64 (1.3-1) ...
Setting up libuchardet0:amd64 (0.0.6-3) ...
Setting up libxml-commons-external-java (1.4.01-3) ...
Setting up libxbean-reflect-java (4.5-8) ...
Setting up libasound2:amd64 (1.2.1.2-2) ...
Setting up libservlet-api-java (4.0.1-2) ...
Setting up libsub-override-perl (0.09-2) ...
Setting up libplexus-sec-dispatcher-java (1.4-4) ...
Setting up libx11-6:amd64 (2:1.6.8-1) ...
Setting up sgml-base (1.29.1) ...
Setting up libkrb5-3:amd64 (1.17-6) ...
Setting up libwagon-http-shaded-java (3.3.4-1) ...
Setting up libhttpcore-java (4.4.13-1) ...
Setting up libxerces2-java (2.12.1-1) ...
Setting up libjaxp1.3-java (1.3.05-5) ...
Setting up openssl (1.1.1d-2) ...
Setting up libdrm-common (2.4.100-4) ...
Setting up libcdi-api-java (1.2-2) ...
Setting up libelf1:amd64 (0.176-1.1) ...
Setting up libsnappy-jni (1.1.7.3-1) ...
Setting up libhawtjni-runtime-java (1.17-1) ...
Setting up libxml2:amd64 (2.9.10+dfsg-3) ...
Setting up libparboiled-java (1.1.7-2) ...
Setting up libllvm9:amd64 (1:9.0.1-8) ...
Setting up libprocps8:amd64 (2:3.3.16-1+b1) ...
Setting up libservlet3.1-java (1:4.0.1-2) ...
Setting up libinchi1 (1.03+dfsg-2) ...
Setting up libdom4j-java (2.1.1-2) ...
Setting up libfile-stripnondeterminism-perl (1.6.3-2) ...
Setting up libxcb-dri3-0:amd64 (1.13.1-5) ...
Setting up libwagon-provider-api-java (3.3.4-1) ...
Setting up libinchi-dev (1.03+dfsg-2) ...
Setting up libjetty9-java (9.4.26-1) ...
Setting up java-wrappers (0.3) ...
Setting up libplexus-languages-java (0.9.10-2) ...
Setting up libxrender1:amd64 (1:0.9.10-1) ...
Setting up libtool (2.4.6-13) ...
Setting up libmaven-parent-java (31-2) ...
Setting up libcommons-parent-java (43-1) ...
Setting up libavahi-common3:amd64 (0.7-5) ...
Setting up libcommons-logging-java (1.2-2) ...
Setting up libxext6:amd64 (2:1.3.3-1+b2) ...
Setting up m4 (1.4.18-4) ...
Setting up libnss3:amd64 (2:3.50-1) ...
Setting up libcommons-lang-java (2.6-9) ...
Setting up libxxf86vm1:amd64 (1:1.1.4-1+b2) ...
Setting up ca-certificates (20190110) ...
Updating certificates in /etc/ssl/certs...
128 added, 0 removed; done.
Setting up libmaven-resolver-java (1.4.1-1) ...
Setting up libfreetype6:amd64 (2.10.1-2) ...
Setting up libguava-java (19.0-1) ...
Setting up libxfixes3:amd64 (1:5.0.3-1) ...
Setting up libxalan2-java (2.7.2-2) ...
Setting up libgssapi-krb5-2:amd64 (1.17-6) ...
Setting up libcroco3:amd64 (0.6.13-1) ...
Setting up ucf (3.0038+nmu1) ...
Setting up libcommons-lang3-java (3.8-2) ...
Setting up autoconf (2.69-11.1) ...
Setting up dh-strip-nondeterminism (1.6.3-2) ...
Setting up libpegdown-java (1.6.0-1) ...
Setting up libdrm2:amd64 (2.4.100-4) ...
Setting up dwz (0.13-5) ...
Setting up libjansi-native-java (1.8-1) ...
Setting up groff-base (1.22.4-4) ...
Setting up libsisu-guice-java (4.2.0-1) ...
Setting up procps (2:3.3.16-1+b1) ...
update-alternatives: using /usr/bin/w.procps to provide /usr/bin/w (w) in auto mode
Setting up libcommons-beanutils-java (1.9.4-1) ...
Setting up libsnappy-java (1.1.7.3-1) ...
Setting up libcommons-configuration-java (1.10-5) ...
Setting up libwagon-file-java (3.3.4-1) ...
Setting up libxml2-utils (2.9.10+dfsg-3) ...
Setting up libcommons-codec-java (1.14-1) ...
Setting up libavahi-client3:amd64 (0.7-5) ...
Setting up libplexus-container-default-java (2.1.0-1) ...
Setting up libdrm-amdgpu1:amd64 (2.4.100-4) ...
Setting up automake (1:1.16.1-4) ...
update-alternatives: using /usr/bin/automake-1.16 to provide /usr/bin/automake (automake) in auto mode
Setting up velocity (1.7-5) ...
Setting up libdrm-nouveau2:amd64 (2.4.100-4) ...
Setting up gettext (0.19.8.1-10) ...
Setting up libxdamage1:amd64 (1:1.1.5-1) ...
Setting up libxi6:amd64 (2:1.7.9-1) ...
Setting up libcommons-compress-java (1.19-1) ...
Setting up libcommons-io-java (2.6-2) ...
Setting up libdrm-radeon1:amd64 (2.4.100-4) ...
Setting up fontconfig-config (2.13.1-2) ...
Setting up libcommons-digester-java (1.8.1-5) ...
Setting up libxtst6:amd64 (2:1.2.3-1) ...
Setting up libdrm-intel1:amd64 (2.4.100-4) ...
Setting up libgl1-mesa-dri:amd64 (19.3.3-1) ...
Setting up libsisu-ioc-java (2.3.0-11) ...
Setting up libxmlgraphics-commons-java (2.4-1) ...
Setting up man-db (2.9.0-2) ...
Not building database; man-db/auto-update is not 'true'.
Setting up libguice-java (4.2.1-1) ...
Setting up intltool-debian (0.35.0+20060710.5) ...
Setting up libjansi-java (1.18-1) ...
Setting up libplexus-i18n-java (1.0-beta-10-5) ...
Setting up libplexus-container-default1.5-java (2.1.0-1) ...
Setting up libcups2:amd64 (2.3.1-11) ...
Setting up libhttpclient-java (4.5.11-1) ...
Setting up libplexus-velocity-java (1.2-3) ...
Setting up libmaven-shared-utils-java (3.3.0-1) ...
Setting up libfontconfig1:amd64 (2.13.1-2+b1) ...
Setting up libplexus-io-java (3.1.1-1) ...
Setting up libglx-mesa0:amd64 (19.3.3-1) ...
Setting up libglx0:amd64 (1.3.1-1) ...
Setting up libcommons-validator-java (1:1.6-2) ...
Setting up libbatik-java (1.12-1) ...
Setting up po-debconf (1.0.21) ...
Setting up libplexus-bsh-factory-java (1.0~alpha7-4) ...
Setting up libsisu-inject-java (0.3.3-1) ...
Setting up libsisu-plexus-java (0.3.3-3) ...
Setting up libgl1:amd64 (1.3.1-1) ...
Setting up libdoxia-core-java (1.7-2) ...
Setting up libmaven-reporting-api-java (3.0-1) ...
Setting up libplexus-archiver-java (3.6.0-2) ...
Setting up libmaven3-core-java (3.6.3-1) ...
Setting up libmaven-shared-incremental-java (1.1-3) ...
Setting up libmaven-shared-io-java (3.0.0-3) ...
Setting up libmaven-archiver-java (3.2.0-2) ...
Setting up libexec-maven-plugin-java (1.6.0-4) ...
Setting up libmaven-filtering-java (3.1.1-1) ...
Setting up libplexus-compiler-java (2.8.5-2) ...
Setting up libmaven-compiler-plugin-java (3.8.1-4) ...
Setting up libmaven-clean-plugin-java (3.1.0-1) ...
Setting up libmaven-file-management-java (3.0.0-1) ...
Setting up libmaven-common-artifact-filters-java (3.0.1-3) ...
Setting up libmaven-resources-plugin-java (3.1.0-1) ...
Setting up libmaven-reporting-exec-java (1.4-2) ...
Setting up libmaven-jar-plugin-java (3.1.2-1) ...
Setting up default-jre-headless (2:1.11-72) ...
Setting up openjdk-11-jre-headless:amd64 (11.0.6+10-2) ...
update-alternatives: using /usr/lib/jvm/java-11-openjdk-amd64/bin/rmid to provide /usr/bin/rmid (rmid) in auto mode
update-alternatives: using /usr/lib/jvm/java-11-openjdk-amd64/bin/java to provide /usr/bin/java (java) in auto mode
update-alternatives: using /usr/lib/jvm/java-11-openjdk-amd64/bin/keytool to provide /usr/bin/keytool (keytool) in auto mode
update-alternatives: using /usr/lib/jvm/java-11-openjdk-amd64/bin/jjs to provide /usr/bin/jjs (jjs) in auto mode
update-alternatives: using /usr/lib/jvm/java-11-openjdk-amd64/bin/pack200 to provide /usr/bin/pack200 (pack200) in auto mode
update-alternatives: using /usr/lib/jvm/java-11-openjdk-amd64/bin/rmiregistry to provide /usr/bin/rmiregistry (rmiregistry) in auto mode
update-alternatives: using /usr/lib/jvm/java-11-openjdk-amd64/bin/unpack200 to provide /usr/bin/unpack200 (unpack200) in auto mode
update-alternatives: using /usr/lib/jvm/java-11-openjdk-amd64/bin/jfr to provide /usr/bin/jfr (jfr) in auto mode
update-alternatives: using /usr/lib/jvm/java-11-openjdk-amd64/lib/jexec to provide /usr/bin/jexec (jexec) in auto mode
Setting up debhelper (12.9) ...
Setting up openjdk-11-jre:amd64 (11.0.6+10-2) ...
Setting up maven-repo-helper (1.9.4) ...
Setting up openjdk-11-jdk-headless:amd64 (11.0.6+10-2) ...
update-alternatives: using /usr/lib/jvm/java-11-openjdk-amd64/bin/jar to provide /usr/bin/jar (jar) in auto mode
update-alternatives: using /usr/lib/jvm/java-11-openjdk-amd64/bin/jarsigner to provide /usr/bin/jarsigner (jarsigner) in auto mode
update-alternatives: using /usr/lib/jvm/java-11-openjdk-amd64/bin/javac to provide /usr/bin/javac (javac) in auto mode
update-alternatives: using /usr/lib/jvm/java-11-openjdk-amd64/bin/javadoc to provide /usr/bin/javadoc (javadoc) in auto mode
update-alternatives: using /usr/lib/jvm/java-11-openjdk-amd64/bin/javap to provide /usr/bin/javap (javap) in auto mode
update-alternatives: using /usr/lib/jvm/java-11-openjdk-amd64/bin/jcmd to provide /usr/bin/jcmd (jcmd) in auto mode
update-alternatives: using /usr/lib/jvm/java-11-openjdk-amd64/bin/jdb to provide /usr/bin/jdb (jdb) in auto mode
update-alternatives: using /usr/lib/jvm/java-11-openjdk-amd64/bin/jdeprscan to provide /usr/bin/jdeprscan (jdeprscan) in auto mode
update-alternatives: using /usr/lib/jvm/java-11-openjdk-amd64/bin/jdeps to provide /usr/bin/jdeps (jdeps) in auto mode
update-alternatives: using /usr/lib/jvm/java-11-openjdk-amd64/bin/jimage to provide /usr/bin/jimage (jimage) in auto mode
update-alternatives: using /usr/lib/jvm/java-11-openjdk-amd64/bin/jinfo to provide /usr/bin/jinfo (jinfo) in auto mode
update-alternatives: using /usr/lib/jvm/java-11-openjdk-amd64/bin/jlink to provide /usr/bin/jlink (jlink) in auto mode
update-alternatives: using /usr/lib/jvm/java-11-openjdk-amd64/bin/jmap to provide /usr/bin/jmap (jmap) in auto mode
update-alternatives: using /usr/lib/jvm/java-11-openjdk-amd64/bin/jmod to provide /usr/bin/jmod (jmod) in auto mode
update-alternatives: using /usr/lib/jvm/java-11-openjdk-amd64/bin/jps to provide /usr/bin/jps (jps) in auto mode
update-alternatives: using /usr/lib/jvm/java-11-openjdk-amd64/bin/jrunscript to provide /usr/bin/jrunscript (jrunscript) in auto mode
update-alternatives: using /usr/lib/jvm/java-11-openjdk-amd64/bin/jshell to provide /usr/bin/jshell (jshell) in auto mode
update-alternatives: using /usr/lib/jvm/java-11-openjdk-amd64/bin/jstack to provide /usr/bin/jstack (jstack) in auto mode
update-alternatives: using /usr/lib/jvm/java-11-openjdk-amd64/bin/jstat to provide /usr/bin/jstat (jstat) in auto mode
update-alternatives: using /usr/lib/jvm/java-11-openjdk-amd64/bin/jstatd to provide /usr/bin/jstatd (jstatd) in auto mode
update-alternatives: using /usr/lib/jvm/java-11-openjdk-amd64/bin/rmic to provide /usr/bin/rmic (rmic) in auto mode
update-alternatives: using /usr/lib/jvm/java-11-openjdk-amd64/bin/serialver to provide /usr/bin/serialver (serialver) in auto mode
update-alternatives: using /usr/lib/jvm/java-11-openjdk-amd64/bin/jaotc to provide /usr/bin/jaotc (jaotc) in auto mode
update-alternatives: using /usr/lib/jvm/java-11-openjdk-amd64/bin/jhsdb to provide /usr/bin/jhsdb (jhsdb) in auto mode
Setting up maven (3.6.3-1) ...
update-alternatives: using /usr/share/maven/bin/mvn to provide /usr/bin/mvn (mvn) in auto mode
Setting up default-jre (2:1.11-72) ...
Setting up dh-autoreconf (19) ...
Setting up default-jdk-headless (2:1.11-72) ...
Setting up ant (1.10.7-1) ...
Setting up openjdk-11-jdk:amd64 (11.0.6+10-2) ...
update-alternatives: using /usr/lib/jvm/java-11-openjdk-amd64/bin/jconsole to provide /usr/bin/jconsole (jconsole) in auto mode
Setting up ca-certificates-java (20190909) ...
head: cannot open '/etc/ssl/certs/java/cacerts' for reading: No such file or directory
Adding debian:Comodo_AAA_Services_root.pem
Adding debian:Amazon_Root_CA_1.pem
Adding debian:OISTE_WISeKey_Global_Root_GC_CA.pem
Adding debian:SSL.com_Root_Certification_Authority_RSA.pem
Adding debian:DST_Root_CA_X3.pem
Adding debian:certSIGN_ROOT_CA.pem
Adding debian:E-Tugra_Certification_Authority.pem
Adding debian:ePKI_Root_Certification_Authority.pem
Adding debian:Amazon_Root_CA_4.pem
Adding debian:GeoTrust_Primary_Certification_Authority.pem
Adding debian:Autoridad_de_Certificacion_Firmaprofesional_CIF_A62634068.pem
Adding debian:Amazon_Root_CA_2.pem
Adding debian:T-TeleSec_GlobalRoot_Class_3.pem
Adding debian:DigiCert_Global_Root_G3.pem
Adding debian:QuoVadis_Root_CA_1_G3.pem
Adding debian:AddTrust_External_Root.pem
Adding debian:GlobalSign_Root_CA_-_R3.pem
Adding debian:Entrust_Root_Certification_Authority_-_EC1.pem
Adding debian:XRamp_Global_CA_Root.pem
Adding debian:Buypass_Class_2_Root_CA.pem
Adding debian:Staat_der_Nederlanden_Root_CA_-_G2.pem
Adding debian:Hellenic_Academic_and_Research_Institutions_ECC_RootCA_2015.pem
Adding debian:ACCVRAIZ1.pem
Adding debian:GlobalSign_ECC_Root_CA_-_R5.pem
Adding debian:Hongkong_Post_Root_CA_1.pem
Adding debian:Starfield_Class_2_CA.pem
Adding debian:Buypass_Class_3_Root_CA.pem
Adding debian:USERTrust_ECC_Certification_Authority.pem
Adding debian:GeoTrust_Universal_CA.pem
Adding debian:DigiCert_Assured_ID_Root_G3.pem
Adding debian:CFCA_EV_ROOT.pem
Adding debian:TWCA_Root_Certification_Authority.pem
Adding debian:SSL.com_EV_Root_Certification_Authority_RSA_R2.pem
Adding debian:Go_Daddy_Class_2_CA.pem
Adding debian:AffirmTrust_Premium.pem
Adding debian:QuoVadis_Root_CA_3.pem
Adding debian:DigiCert_Trusted_Root_G4.pem
Adding debian:COMODO_ECC_Certification_Authority.pem
Adding debian:Chambers_of_Commerce_Root_-_2008.pem
Adding debian:VeriSign_Class_3_Public_Primary_Certification_Authority_-_G5.pem
Adding debian:Microsec_e-Szigno_Root_CA_2009.pem
Adding debian:Taiwan_GRCA.pem
Adding debian:EC-ACC.pem
Adding debian:AC_RAIZ_FNMT-RCM.pem
Adding debian:SSL.com_Root_Certification_Authority_ECC.pem
Adding debian:GeoTrust_Universal_CA_2.pem
Adding debian:SwissSign_Gold_CA_-_G2.pem
Adding debian:QuoVadis_Root_CA.pem
Adding debian:TeliaSonera_Root_CA_v1.pem
Adding debian:DigiCert_Global_Root_CA.pem
Adding debian:QuoVadis_Root_CA_2_G3.pem
Adding debian:GeoTrust_Global_CA.pem
Adding debian:DigiCert_Global_Root_G2.pem
Adding debian:Trustis_FPS_Root_CA.pem
Adding debian:SZAFIR_ROOT_CA2.pem
Adding debian:TrustCor_ECA-1.pem
Adding debian:DigiCert_Assured_ID_Root_G2.pem
Adding debian:Atos_TrustedRoot_2011.pem
Adding debian:Verisign_Class_3_Public_Primary_Certification_Authority_-_G3.pem
Adding debian:Go_Daddy_Root_Certificate_Authority_-_G2.pem
Adding debian:Entrust_Root_Certification_Authority.pem
Adding debian:NetLock_Arany_=Class_Gold=_Ftanstvny.pem
Adding debian:TrustCor_RootCert_CA-1.pem
Adding debian:IdenTrust_Commercial_Root_CA_1.pem
Adding debian:SSL.com_EV_Root_Certification_Authority_ECC.pem
Adding debian:IdenTrust_Public_Sector_Root_CA_1.pem
Adding debian:VeriSign_Universal_Root_Certification_Authority.pem
Adding debian:Entrust_Root_Certification_Authority_-_G2.pem
Adding debian:TWCA_Global_Root_CA.pem
Adding debian:thawte_Primary_Root_CA_-_G2.pem
Adding debian:GeoTrust_Primary_Certification_Authority_-_G2.pem
Adding debian:EE_Certification_Centre_Root_CA.pem
Adding debian:D-TRUST_Root_Class_3_CA_2_EV_2009.pem
Adding debian:SwissSign_Silver_CA_-_G2.pem
Adding debian:GlobalSign_Root_CA_-_R6.pem
Adding debian:TrustCor_RootCert_CA-2.pem
Adding debian:COMODO_Certification_Authority.pem
Adding debian:GeoTrust_Primary_Certification_Authority_-_G3.pem
Adding debian:Certigna.pem
Adding debian:D-TRUST_Root_Class_3_CA_2_2009.pem
Adding debian:Starfield_Root_Certificate_Authority_-_G2.pem
Adding debian:Certinomis_-_Root_CA.pem
Adding debian:SecureSign_RootCA11.pem
Adding debian:Security_Communication_Root_CA.pem
Adding debian:Certum_Trusted_Network_CA_2.pem
Adding debian:Certum_Trusted_Network_CA.pem
Adding debian:Staat_der_Nederlanden_EV_Root_CA.pem
Adding debian:TUBITAK_Kamu_SM_SSL_Kok_Sertifikasi_-_Surum_1.pem
Adding debian:Global_Chambersign_Root_-_2008.pem
Adding debian:Sonera_Class_2_Root_CA.pem
Adding debian:Certplus_Class_2_Primary_CA.pem
Adding debian:ISRG_Root_X1.pem
Adding debian:DigiCert_Assured_ID_Root_CA.pem
Adding debian:COMODO_RSA_Certification_Authority.pem
Adding debian:OISTE_WISeKey_Global_Root_GB_CA.pem
Adding debian:Hellenic_Academic_and_Research_Institutions_RootCA_2015.pem
Adding debian:T-TeleSec_GlobalRoot_Class_2.pem
Adding debian:Actalis_Authentication_Root_CA.pem
Adding debian:GlobalSign_Root_CA.pem
Adding debian:CA_Disig_Root_R2.pem
Adding debian:QuoVadis_Root_CA_2.pem
Adding debian:Starfield_Services_Root_Certificate_Authority_-_G2.pem
Adding debian:Network_Solutions_Certificate_Authority.pem
Adding debian:thawte_Primary_Root_CA.pem
Adding debian:Cybertrust_Global_Root.pem
Adding debian:VeriSign_Class_3_Public_Primary_Certification_Authority_-_G4.pem
Adding debian:Secure_Global_CA.pem
Adding debian:Entrust.net_Premium_2048_Secure_Server_CA.pem
Adding debian:QuoVadis_Root_CA_3_G3.pem
Adding debian:DigiCert_High_Assurance_EV_Root_CA.pem
Adding debian:GDCA_TrustAUTH_R5_ROOT.pem
Adding debian:GlobalSign_Root_CA_-_R2.pem
Adding debian:Amazon_Root_CA_3.pem
Adding debian:USERTrust_RSA_Certification_Authority.pem
Adding debian:Baltimore_CyberTrust_Root.pem
Adding debian:SecureTrust_CA.pem
Adding debian:GlobalSign_ECC_Root_CA_-_R4.pem
Adding debian:LuxTrust_Global_Root_2.pem
Adding debian:AffirmTrust_Networking.pem
Adding debian:AffirmTrust_Premium_ECC.pem
Adding debian:OISTE_WISeKey_Global_Root_GA_CA.pem
Adding debian:thawte_Primary_Root_CA_-_G3.pem
Adding debian:Security_Communication_RootCA2.pem
Adding debian:Izenpe.com.pem
Adding debian:Hellenic_Academic_and_Research_Institutions_RootCA_2011.pem
Adding debian:AffirmTrust_Commercial.pem
Adding debian:Deutsche_Telekom_Root_CA_2.pem
Adding debian:Staat_der_Nederlanden_Root_CA_-_G3.pem
done.
Setting up junit4 (4.12-8) ...
Setting up libfop-java (1:2.4-2) ...
Setting up default-jdk (2:1.11-72) ...
Setting up libplexus-ant-factory-java (1.0~alpha2.1-4) ...
Setting up libdoxia-java (1.7-2) ...
Processing triggers for libc-bin (2.29-10) ...
Processing triggers for sgml-base (1.29.1) ...
Setting up libvelocity-tools-java (2.0-7) ...
Setting up libdoxia-sitetools-java (1.7.5-1) ...
Setting up libmaven-reporting-impl-java (3.0.0-2) ...
Setting up libmaven-plugin-tools-java (3.6.0-1) ...
Setting up libmaven-site-plugin-java (3.6-3) ...
Setting up libsurefire-java (2.22.2-1) ...
Setting up maven-debian-helper (2.4) ...
Setting up sbuild-build-depends-main-dummy (0.invalid.0) ...
Processing triggers for ca-certificates (20190110) ...
Updating certificates in /etc/ssl/certs...
0 added, 0 removed; done.
Running hooks in /etc/ca-certificates/update.d...

done.
done.

+------------------------------------------------------------------------------+
| Check architectures                                                          |
+------------------------------------------------------------------------------+

Arch check ok (amd64 included in any all)

+------------------------------------------------------------------------------+
| Build environment                                                            |
+------------------------------------------------------------------------------+

Kernel: Linux 4.19.0-6-cloud-amd64 #1 SMP Debian 4.19.67-2+deb10u2 (2019-11-11) amd64 (x86_64)
Toolchain package versions: binutils_2.34-3 dpkg-dev_1.19.7 g++-9_9.2.1-29 gcc-9_9.2.1-29 libc6-dev_2.29-10 libstdc++-8-dev_8.3.0-29 libstdc++-9-dev_9.2.1-29 libstdc++6_10-20200222-1 linux-libc-dev_5.4.19-1
Package versions: adduser_3.118 ant_1.10.7-1 apt_1.8.4 autoconf_2.69-11.1 automake_1:1.16.1-4 autopoint_0.19.8.1-10 autotools-dev_20180224.1 base-files_11 base-passwd_3.5.47 bash_5.0-5 binutils_2.34-3 binutils-common_2.34-3 binutils-x86-64-linux-gnu_2.34-3 bsdmainutils_11.1.2+b1 bsdutils_1:2.34-0.1 build-essential_12.8 bzip2_1.0.8-2 ca-certificates_20190110 ca-certificates-java_20190909 clang-8_1:8.0.1-7 coreutils_8.30-3+b1 cpp_4:9.2.1-3.1 cpp-9_9.2.1-29 dash_0.5.10.2-6 debconf_1.5.73 debhelper_12.9 debian-archive-keyring_2019.1 debianutils_4.9.1 default-jdk_2:1.11-72 default-jdk-headless_2:1.11-72 default-jre_2:1.11-72 default-jre-headless_2:1.11-72 dh-autoreconf_19 dh-strip-nondeterminism_1.6.3-2 diffutils_1:3.7-3 dpkg_1.19.7 dpkg-dev_1.19.7 dwz_0.13-5 e2fsprogs_1.45.5-2 fakeroot_1.24-1 fdisk_2.34-0.1 file_1:5.38-4 findutils_4.7.0-1 fontconfig-config_2.13.1-2 fonts-dejavu-core_2.37-1 g++_4:9.2.1-3.1 g++-9_9.2.1-29 gcc_4:9.2.1-3.1 gcc-10-base_10-20200222-1 gcc-8-base_8.3.0-29 gcc-9_9.2.1-29 gcc-9-base_9.2.1-29 gettext_0.19.8.1-10 gettext-base_0.19.8.1-10 gpgv_2.2.19-1 grep_3.4-1 groff-base_1.22.4-4 gzip_1.9-3+b1 hostname_3.23 init-system-helpers_1.57 intltool-debian_0.35.0+20060710.5 java-common_0.72 java-wrappers_0.3 junit4_4.12-8 lib32gcc-s1_10-20200222-1 lib32gcc1_1:10-20200222-1 lib32stdc++6_10-20200222-1 libacl1_2.2.53-5 libaopalliance-java_20070526-6 libapache-pom-java_18-1 libapt-pkg5.0_1.8.4 libarchive-zip-perl_1.67-1 libasan5_9.2.1-29 libasm-java_7.2-1 libasound2_1.2.1.2-2 libasound2-data_1.2.1.2-2 libatinject-jsr330-api-java_1.0+ds1-5 libatomic1_10-20200222-1 libattr1_1:2.4.48-5 libaudit-common_1:2.8.5-2 libaudit1_1:2.8.5-2+b1 libavahi-client3_0.7-5 libavahi-common-data_0.7-5 libavahi-common3_0.7-5 libbatik-java_1.12-1 libbinutils_2.34-3 libblkid1_2.34-0.1 libbsd0_0.10.0-1 libbsh-java_2.0b4-20 libbz2-1.0_1.0.8-2 libc-bin_2.29-10 libc-dev-bin_2.29-10 libc6_2.29-10 libc6-dev_2.29-10 libc6-i386_2.29-10 libcap-ng0_0.7.9-2.1+b1 libcc1-0_10-20200222-1 libcdi-api-java_1.2-2 libclang-common-8-dev_1:8.0.1-7 libclang1-8_1:8.0.1-7 libcom-err2_1.45.5-2 libcommons-beanutils-java_1.9.4-1 libcommons-cli-java_1.4-1 libcommons-codec-java_1.14-1 libcommons-collections3-java_3.2.2-2 libcommons-compress-java_1.19-1 libcommons-configuration-java_1.10-5 libcommons-digester-java_1.8.1-5 libcommons-exec-java_1.3-1 libcommons-io-java_2.6-2 libcommons-lang-java_2.6-9 libcommons-lang3-java_3.8-2 libcommons-logging-java_1.2-2 libcommons-parent-java_43-1 libcommons-validator-java_1:1.6-2 libcroco3_0.6.13-1 libcrypt-dev_1:4.4.10-10 libcrypt1_1:4.4.10-10 libctf-nobfd0_2.34-3 libctf0_2.34-3 libcups2_2.3.1-11 libdb5.3_5.3.28+dfsg1-0.6 libdbus-1-3_1.12.16-2 libdebconfclient0_0.251 libdebhelper-perl_12.9 libdom4j-java_2.1.1-2 libdoxia-core-java_1.7-2 libdoxia-java_1.7-2 libdoxia-sitetools-java_1.7.5-1 libdpkg-perl_1.19.7 libdrm-amdgpu1_2.4.100-4 libdrm-common_2.4.100-4 libdrm-intel1_2.4.100-4 libdrm-nouveau2_2.4.100-4 libdrm-radeon1_2.4.100-4 libdrm2_2.4.100-4 libedit2_3.1-20191231-1 libel-api-java_3.0.0-2 libelf1_0.176-1.1 libexec-maven-plugin-java_1.6.0-4 libexpat1_2.2.9-1 libext2fs2_1.45.5-2 libfakeroot_1.24-1 libfdisk1_2.34-0.1 libffi7_3.3-3 libfile-stripnondeterminism-perl_1.6.3-2 libfontbox2-java_2.0.18-1 libfontconfig1_2.13.1-2+b1 libfop-java_1:2.4-2 libfreetype6_2.10.1-2 libgc1c2_1:7.6.4-0.4 libgcc-8-dev_8.3.0-29 libgcc-9-dev_9.2.1-29 libgcc-s1_10-20200222-1 libgcc1_1:10-20200222-1 libgcrypt20_1.8.5-5 libgdbm-compat4_1.18.1-5 libgdbm6_1.18.1-5 libgeronimo-annotation-1.3-spec-java_1.0-1 libgeronimo-interceptor-3.0-spec-java_1.0.1-4 libgif7_5.1.9-1 libgl1_1.3.1-1 libgl1-mesa-dri_19.3.3-1 libglapi-mesa_19.3.3-1 libglib2.0-0_2.62.4-2 libglvnd0_1.3.1-1 libglx-mesa0_19.3.3-1 libglx0_1.3.1-1 libgmp10_2:6.2.0+dfsg-4 libgnutls30_3.6.12-2 libgomp1_10-20200222-1 libgpg-error0_1.37-1 libgssapi-krb5-2_1.17-6 libguava-java_19.0-1 libguice-java_4.2.1-1 libhamcrest-java_1.3-9 libhawtjni-runtime-java_1.17-1 libhogweed5_3.5.1+really3.5.1-2 libhttpclient-java_4.5.11-1 libhttpcore-java_4.4.13-1 libicu63_63.2-2 libidn2-0_2.2.0-2 libinchi-dev_1.03+dfsg-2 libinchi1_1.03+dfsg-2 libisl22_0.22.1-1 libitext1-java_1.4-7 libitm1_10-20200222-1 libjansi-java_1.18-1 libjansi-native-java_1.8-1 libjaxen-java_1.1.6-4 libjaxp1.3-java_1.3.05-5 libjetty9-java_9.4.26-1 libjpeg62-turbo_1:1.5.2-2+b1 libjsp-api-java_2.3.4-2 libjsr305-java_0.1~+svn49-11 libjtidy-java_7+svn20110807-5 libk5crypto3_1.17-6 libkeyutils1_1.6.1-2 libkrb5-3_1.17-6 libkrb5support0_1.17-6 liblcms2-2_2.9-4 libllvm8_1:8.0.1-7 libllvm9_1:9.0.1-8 liblog4j1.2-java_1.2.17-9 liblsan0_10-20200222-1 liblz4-1_1.9.2-2 liblzma5_5.2.4-1+b1 libmagic-mgc_1:5.38-4 libmagic1_1:5.38-4 libmaven-archiver-java_3.2.0-2 libmaven-clean-plugin-java_3.1.0-1 libmaven-common-artifact-filters-java_3.0.1-3 libmaven-compiler-plugin-java_3.8.1-4 libmaven-file-management-java_3.0.0-1 libmaven-filtering-java_3.1.1-1 libmaven-jar-plugin-java_3.1.2-1 libmaven-parent-java_31-2 libmaven-plugin-tools-java_3.6.0-1 libmaven-reporting-api-java_3.0-1 libmaven-reporting-exec-java_1.4-2 libmaven-reporting-impl-java_3.0.0-2 libmaven-resolver-java_1.4.1-1 libmaven-resources-plugin-java_3.1.0-1 libmaven-shared-incremental-java_1.1-3 libmaven-shared-io-java_3.0.0-3 libmaven-shared-utils-java_3.3.0-1 libmaven-site-plugin-java_3.6-3 libmaven3-core-java_3.6.3-1 libmount1_2.34-0.1 libmpc3_1.1.0-1 libmpfr6_4.0.2-1 libmpx2_8.3.0-29 libncurses6_6.1+20191019-1 libncursesw6_6.1+20191019-1 libnettle7_3.5.1+really3.5.1-2 libnspr4_2:4.24-1 libnss3_2:3.50-1 libobjc-8-dev_8.3.0-29 libobjc-9-dev_9.2.1-29 libobjc4_10-20200222-1 libomp-8-dev_1:8.0.1-7 libomp5-8_1:8.0.1-7 liboro-java_2.0.8a-14 libp11-kit0_0.23.20-1 libpam-modules_1.3.1-5 libpam-modules-bin_1.3.1-5 libpam-runtime_1.3.1-5 libpam0g_1.3.1-5 libparboiled-java_1.1.7-2 libpciaccess0_0.14-1 libpcre2-8-0_10.34-7 libpcre3_2:8.39-12+b1 libpcsclite1_1.8.26-3 libpegdown-java_1.6.0-1 libperl5.30_5.30.0-9 libpipeline1_1.5.2-2 libplexus-ant-factory-java_1.0~alpha2.1-4 libplexus-archiver-java_3.6.0-2 libplexus-bsh-factory-java_1.0~alpha7-4 libplexus-build-api-java_0.0.7-4 libplexus-cipher-java_1.7-3 libplexus-classworlds-java_2.6.0-1 libplexus-compiler-java_2.8.5-2 libplexus-component-annotations-java_2.1.0-1 libplexus-container-default-java_2.1.0-1 libplexus-container-default1.5-java_2.1.0-1 libplexus-i18n-java_1.0-beta-10-5 libplexus-interpolation-java_1.26-1 libplexus-io-java_3.1.1-1 libplexus-languages-java_0.9.10-2 libplexus-sec-dispatcher-java_1.4-4 libplexus-utils2-java_3.3.0-1 libplexus-velocity-java_1.2-3 libpng16-16_1.6.37-2 libprocps8_2:3.3.16-1+b1 libqdox-java_1.12.1-3 libqdox2-java_2.0.0-1 libquadmath0_10-20200222-1 libseccomp2_2.4.2-2 libselinux1_3.0-1+b1 libsemanage-common_3.0-1 libsemanage1_3.0-1+b1 libsensors-config_1:3.6.0-2 libsensors5_1:3.6.0-2 libsepol1_3.0-1 libservlet-api-java_4.0.1-2 libservlet3.1-java_1:4.0.1-2 libsigsegv2_2.12-2 libsisu-guice-java_4.2.0-1 libsisu-inject-java_0.3.3-1 libsisu-ioc-java_2.3.0-11 libsisu-plexus-java_0.3.3-3 libslf4j-java_1.7.25-3 libsmartcols1_2.34-0.1 libsnappy-java_1.1.7.3-1 libsnappy-jni_1.1.7.3-1 libsnappy1v5_1.1.8-1 libsqlite3-0_3.31.1-3 libss2_1.45.5-2 libssl1.1_1.1.1d-2 libstdc++-8-dev_8.3.0-29 libstdc++-9-dev_9.2.1-29 libstdc++6_10-20200222-1 libsub-override-perl_0.09-2 libsurefire-java_2.22.2-1 libsystemd0_244.3-1 libtasn1-6_4.16.0-2 libtinfo6_6.1+20191019-1 libtool_2.4.6-13 libtsan0_10-20200222-1 libubsan1_10-20200222-1 libuchardet0_0.0.6-3 libudev1_244.3-1 libunistring2_0.9.10-2 libuuid1_2.34-0.1 libvelocity-tools-java_2.0-7 libvulkan1_1.2.131.2-1 libwagon-file-java_3.3.4-1 libwagon-http-shaded-java_3.3.4-1 libwagon-provider-api-java_3.3.4-1 libwebsocket-api-java_1.1-1 libx11-6_2:1.6.8-1 libx11-data_2:1.6.8-1 libx11-xcb1_2:1.6.8-1 libxalan2-java_2.7.2-2 libxau6_1:1.0.8-1+b2 libxbean-reflect-java_4.5-8 libxcb-dri2-0_1.13.1-5 libxcb-dri3-0_1.13.1-5 libxcb-glx0_1.13.1-5 libxcb-present0_1.13.1-5 libxcb-sync1_1.13.1-5 libxcb1_1.13.1-5 libxdamage1_1:1.1.5-1 libxdmcp6_1:1.1.2-3 libxerces2-java_2.12.1-1 libxext6_2:1.3.3-1+b2 libxfixes3_1:5.0.3-1 libxi6_2:1.7.9-1 libxml-commons-external-java_1.4.01-3 libxml-commons-resolver1.1-java_1.2-9 libxml2_2.9.10+dfsg-3 libxml2-utils_2.9.10+dfsg-3 libxmlgraphics-commons-java_2.4-1 libxrender1_1:0.9.10-1 libxshmfence1_1.3-1 libxtst6_2:1.2.3-1 libxxf86vm1_1:1.1.4-1+b2 libxz-java_1.8-2 libz3-4_4.8.7-4 libzstd1_1.4.4+dfsg-3 linux-libc-dev_5.4.19-1 login_1:4.8.1-1 logsave_1.45.5-2 lsb-base_11.1.0 m4_1.4.18-4 make_4.2.1-1.2 man-db_2.9.0-2 maven_3.6.3-1 maven-debian-helper_2.4 maven-repo-helper_1.9.4 mawk_1.3.4.20200120-2 mount_2.34-0.1 ncurses-base_6.1+20191019-1 ncurses-bin_6.1+20191019-1 openjdk-11-jdk_11.0.6+10-2 openjdk-11-jdk-headless_11.0.6+10-2 openjdk-11-jre_11.0.6+10-2 openjdk-11-jre-headless_11.0.6+10-2 openssl_1.1.1d-2 passwd_1:4.8.1-1 patch_2.7.6-6 perl_5.30.0-9 perl-base_5.30.0-9 perl-modules-5.30_5.30.0-9 po-debconf_1.0.21 procps_2:3.3.16-1+b1 sbuild-build-depends-main-dummy_0.invalid.0 sed_4.7-1 sensible-utils_0.0.12+nmu1 sgml-base_1.29.1 sysvinit-utils_2.96-2.1 tar_1.30+dfsg-6+b1 tzdata_2019c-3 ucf_3.0038+nmu1 unzip_6.0-25 util-linux_2.34-0.1 velocity_1.7-5 x11-common_1:7.7+20 xz-utils_5.2.4-1+b1 zlib1g_1:1.2.11.dfsg-1.2

+------------------------------------------------------------------------------+
| Build                                                                        |
+------------------------------------------------------------------------------+


Unpack source
-------------

-----BEGIN PGP SIGNED MESSAGE-----
Hash: SHA512

Format: 3.0 (quilt)
Source: jni-inchi
Binary: libjni-inchi-java, libjni-inchi-jni
Architecture: any all
Version: 0.8+dfsg-5
Maintainer: Debichem Team <debichem-devel@lists.alioth.debian.org>
Uploaders:  Andrius Merkys <merkys@debian.org>,
Homepage: http://jni-inchi.sourceforge.net
Standards-Version: 4.4.0
Vcs-Browser: https://salsa.debian.org/debichem-team/jni-inchi
Vcs-Git: https://salsa.debian.org/debichem-team/jni-inchi.git
Build-Depends: debhelper (>= 12), default-jdk, junit4 (>= 4.12), libexec-maven-plugin-java, libinchi-dev, maven-debian-helper (>= 2.1)
Package-List:
 libjni-inchi-java deb java optional arch=all
 libjni-inchi-jni deb java optional arch=any
Checksums-Sha1:
 6d9ff66aa0f9d1ac401788ddc521d5e329b17acd 48404 jni-inchi_0.8+dfsg.orig.tar.xz
 ed7c974e616d9a5bb7827702a63a3785e67b53e2 5252 jni-inchi_0.8+dfsg-5.debian.tar.xz
Checksums-Sha256:
 f2b5e11efb5e061d9611790797028fa52e87d9dc6bbe7e428eee5af5480e1e8f 48404 jni-inchi_0.8+dfsg.orig.tar.xz
 b7b51711645f29e7c04a95a2dcaab7b74654c0936a18b26c1558dc8ee5c0b688 5252 jni-inchi_0.8+dfsg-5.debian.tar.xz
Files:
 cf11a8e4a7f09f1565b01ffb25f52595 48404 jni-inchi_0.8+dfsg.orig.tar.xz
 56570575cf4a12388925cdfb4c49f47a 5252 jni-inchi_0.8+dfsg-5.debian.tar.xz

-----BEGIN PGP SIGNATURE-----

iQJGBAEBCgAwFiEEdyKS9veshfrgQdQe5fQ/nCc08ocFAl3LxMkSHG1lcmt5c0Bk
ZWJpYW4ub3JnAAoJEOX0P5wnNPKH9usP/2wSxU18gC8nkG9iN0IAnIlCCOD0G4lz
MajmRGL/LOl5gOKaX7SoMrObR71csGsxwOFModEcgU9ksEZz6GUrAJYSMHk2w4Hb
OMu3F3MYMqDRNw9waOxM3hecBoMLMOfz/XFw/6IEEZ1vflHF/P/diS8jON4Zrkfd
lh6XjfdPydRivePN2upfBuPUb9KbpTvTM4UkLkAVWBDDiWKGRLoV290tONw3ZUeQ
YAjKQAIr5qsFThW3U5MQT/nawoXwMhoyWRvLX0WG0BNg0FrufRoibFFlh6czYVTR
Qt8YojyfMZ/VnlkqXSzUJqErcjKEETK1wZvzePwzYpJZdWav2/U112ize9et/RpF
VfPCX8sLDpo/ITA/sinYKQZWkWECjQC7DEqmZ/IbFpSMxXP+vsPwZE7NOJHznPbe
MRl0q0FYRsOYVVKKKiMxy9KWDGqawcw7EcMaPbkNbHP2zQFvGSnTh6tuxT72B8yQ
t6J0dSVvHo30ZPWRhY9//AkyhpfHzEsG0y5Kr2lCOa/MyG46K8VxQBrEgDA3AdTa
gCC034J17ZwRKblbeygkxZhp+3CvWq/CwuyRLV8gyrcApYDFJmw8i9JLf1DRCEEb
aoQIUUBfsgKYzy8et5rVcZs9K4xuITgsojPsCu087P+TXkhaCfNxm7NY7Qp7vtu7
xdsIiYLX54wm
=vRyY
-----END PGP SIGNATURE-----

gpgv: unknown type of key resource 'trustedkeys.kbx'
gpgv: keyblock resource '/sbuild-nonexistent/.gnupg/trustedkeys.kbx': General error
gpgv: Signature made Wed Nov 13 08:54:33 2019 UTC
gpgv:                using RSA key 772292F6F7AC85FAE041D41EE5F43F9C2734F287
gpgv:                issuer "merkys@debian.org"
gpgv: Can't check signature: No public key
dpkg-source: warning: failed to verify signature on ./jni-inchi_0.8+dfsg-5.dsc
dpkg-source: info: extracting jni-inchi in /<<PKGBUILDDIR>>
dpkg-source: info: unpacking jni-inchi_0.8+dfsg.orig.tar.xz
dpkg-source: info: unpacking jni-inchi_0.8+dfsg-5.debian.tar.xz
dpkg-source: info: using patch list from debian/patches/series
dpkg-source: info: applying source-and-target.patch
dpkg-source: info: applying javah2javac.patch
dpkg-source: info: applying inchi.patch
dpkg-source: info: applying build.patch
dpkg-source: info: applying remove-jnati.patch
dpkg-source: info: applying log4j.patch

Check disk space
----------------

Sufficient free space for build

User Environment
----------------

APT_CONFIG=/var/lib/sbuild/apt.conf
HOME=/sbuild-nonexistent
LANG=C.UTF-8
LC_ALL=C.UTF-8
LOGNAME=user42
PATH=/usr/local/sbin:/usr/local/bin:/usr/sbin:/usr/bin:/sbin:/bin:/usr/games
SCHROOT_ALIAS_NAME=unstable
SCHROOT_CHROOT_NAME=sid-amd64-sbuild
SCHROOT_COMMAND=env
SCHROOT_GID=1001
SCHROOT_GROUP=user42
SCHROOT_SESSION_ID=sid-amd64-sbuild-9d4877cf-43aa-43b3-a3fb-35264af4e1a8
SCHROOT_UID=1001
SCHROOT_USER=user42
SHELL=/bin/sh
USER=user42

dpkg-buildpackage
-----------------

Command: dpkg-buildpackage -us -uc -b -rfakeroot
dpkg-buildpackage: info: source package jni-inchi
dpkg-buildpackage: info: source version 0.8+dfsg-5
dpkg-buildpackage: info: source distribution unstable
dpkg-buildpackage: info: source changed by Andrius Merkys <merkys@debian.org>
 dpkg-source --before-build .
dpkg-buildpackage: info: host architecture amd64
 fakeroot debian/rules clean
dh clean --buildsystem=maven
   debian/rules override_dh_auto_clean
make[1]: Entering directory '/<<PKGBUILDDIR>>'
dh_auto_clean
	bash -c "for dir in \$(find . -name target -type d); do if [ -f \$(echo \$dir | sed -e s/target\$/pom.xml/) ]; then rm -Rf \$dir; fi done"
	mh_unpatchpoms -plibjni-inchi-java
rm -rf src/main/java/net/sf/jniinchi/JniInchiWrapper.class src/main/resources/jniinchi
make[1]: Leaving directory '/<<PKGBUILDDIR>>'
   dh_autoreconf_clean -O--buildsystem=maven
   dh_clean -O--buildsystem=maven
 debian/rules build
dh build --buildsystem=maven
   dh_update_autotools_config -O--buildsystem=maven
   dh_autoreconf -O--buildsystem=maven
   dh_auto_configure -O--buildsystem=maven
	mh_patchpoms -plibjni-inchi-java --debian-build --keep-pom-version --maven-repo=/<<BUILDDIR>>/jni-inchi-0.8\+dfsg/debian/maven-repo
   dh_auto_build -O--buildsystem=maven
	/usr/lib/jvm/default-java/bin/java -noverify -cp /usr/share/maven/boot/plexus-classworlds-2.x.jar -Dmaven.home=/usr/share/maven -Dmaven.multiModuleProjectDirectory=/<<BUILDDIR>>/jni-inchi-0.8\+dfsg -Dclassworlds.conf=/etc/maven/m2-debian.conf -Dproperties.file.manual=/<<BUILDDIR>>/jni-inchi-0.8\+dfsg/debian/maven.properties org.codehaus.plexus.classworlds.launcher.Launcher -s/etc/maven/settings-debian.xml -Ddebian.dir=/<<BUILDDIR>>/jni-inchi-0.8\+dfsg/debian -Dmaven.repo.local=/<<BUILDDIR>>/jni-inchi-0.8\+dfsg/debian/maven-repo --batch-mode package -DskipTests -Dnotimestamp=true -Dlocale=en_US
WARNING: An illegal reflective access operation has occurred
WARNING: Illegal reflective access by com.google.inject.internal.cglib.core.$ReflectUtils$1 (file:/usr/share/maven/lib/guice.jar) to method java.lang.ClassLoader.defineClass(java.lang.String,byte[],int,int,java.security.ProtectionDomain)
WARNING: Please consider reporting this to the maintainers of com.google.inject.internal.cglib.core.$ReflectUtils$1
WARNING: Use --illegal-access=warn to enable warnings of further illegal reflective access operations
WARNING: All illegal access operations will be denied in a future release
[INFO] Scanning for projects...
[INFO] 
[INFO] ---------------------< net.sf.jni-inchi:jni-inchi >---------------------
[INFO] Building JNI-InChI 0.8
[INFO] --------------------------------[ jar ]---------------------------------
[WARNING] The artifact log4j:log4j:jar:debian has been relocated to log4j:log4j:jar:1.2.x
[INFO] 
[INFO] --- maven-resources-plugin:3.1.0:resources (default-resources) @ jni-inchi ---
[WARNING] Using platform encoding (UTF-8 actually) to copy filtered resources, i.e. build is platform dependent!
[INFO] skip non existing resourceDirectory /<<PKGBUILDDIR>>/src/main/resources
[INFO] Copying 0 resource to META-INF
[INFO] 
[INFO] --- maven-compiler-plugin:3.8.1:compile (default-compile) @ jni-inchi ---
[INFO] Changes detected - recompiling the module!
[WARNING] File encoding has not been set, using platform encoding UTF-8, i.e. build is platform dependent!
[INFO] Compiling 24 source files to /<<PKGBUILDDIR>>/target/classes
[INFO] /<<PKGBUILDDIR>>/src/main/java/net/sf/jniinchi/JniInchiInput.java: Some input files use unchecked or unsafe operations.
[INFO] /<<PKGBUILDDIR>>/src/main/java/net/sf/jniinchi/JniInchiInput.java: Recompile with -Xlint:unchecked for details.
[INFO] 
[INFO] --- exec-maven-plugin:1.6.0:exec (build-native) @ jni-inchi ---
make[1]: Entering directory '/<<PKGBUILDDIR>>/src/main/native'
mkdir -p ../../../target
mkdir -p ../../../target/o/inchi
mkdir -p ../../../target/o/jni
"/usr/lib/jvm/default-java/bin/javac" -classpath ../../../target/classes  -h ../../../target/generated-sources ../java/net/sf/jniinchi/JniInchiWrapper.java
cc -g -O2 -fdebug-prefix-map=/<<PKGBUILDDIR>>=. -fstack-protector-strong -Wformat -Werror=format-security -I/usr/lib/jvm/default-java/include/linux -fPIC -I"/usr/lib/jvm/default-java/include" -Iinchi-1.03 -Os -ansi -pedantic -Wdate-time -D_FORTIFY_SOURCE=2  -c jni-inchi/JniInchiWrapper.c -o ../../../target/o/jni/JniInchiWrapper.o -I../../../target/generated-sources
jni-inchi/JniInchiWrapper.c:257:96: warning: adding 'int' to a string does not append to the string [-Wstring-plus-int]
            (*env)->ThrowNew(env, IllegalArgumentException, "Element name too long; maximum: " + ATOM_EL_LEN);
                                                            ~~~~~~~~~~~~~~~~~~~~~~~~~~~~~~~~~~~^~~~~~~~~~~~~
jni-inchi/JniInchiWrapper.c:257:96: note: use array indexing to silence this warning
            (*env)->ThrowNew(env, IllegalArgumentException, "Element name too long; maximum: " + ATOM_EL_LEN);
                                                                                               ^
                                                            &                                  [            ]
jni-inchi/JniInchiWrapper.c:298:103: warning: adding 'int' to a string does not append to the string [-Wstring-plus-int]
            (*env)->ThrowNew(env, IllegalArgumentException, "Too many bonds from one atom; maximum: " + MAXVAL);
                                                            ~~~~~~~~~~~~~~~~~~~~~~~~~~~~~~~~~~~~~~~~~~^~~~~~~~
jni-inchi/JniInchiWrapper.c:298:103: note: use array indexing to silence this warning
            (*env)->ThrowNew(env, IllegalArgumentException, "Too many bonds from one atom; maximum: " + MAXVAL);
                                                                                                      ^
                                                            &                                         [       ]
jni-inchi/JniInchiWrapper.c:804:39: warning: passing 'const char *' to parameter of type 'char *' discards qualifiers [-Wincompatible-pointer-types-discards-qualifiers]
    ret = Get_inchi_Input_FromAuxInfo(szAuxInfo, bDoNotAddH, bDiffUnkUndfStereo, &idat);
                                      ^~~~~~~~~
/usr/include/inchi_api.h:772:63: note: passing argument to parameter 'szInchiAuxInfo' here
                                                        char *szInchiAuxInfo, 
                                                              ^
3 warnings generated.
cc -g -O2 -fdebug-prefix-map=/<<PKGBUILDDIR>>=. -fstack-protector-strong -Wformat -Werror=format-security -I/usr/lib/jvm/default-java/include/linux -fPIC -I"/usr/lib/jvm/default-java/include" -Iinchi-1.03 -Os -ansi -pedantic -Wdate-time -D_FORTIFY_SOURCE=2 -Wl,-z,relro -shared -s  ../../../target/o/jni/JniInchiWrapper.o -o ../../../target/libjniinchi.so -linchi
clang: warning: argument unused during compilation: '-ansi' [-Wunused-command-line-argument]
make[1]: Leaving directory '/<<PKGBUILDDIR>>/src/main/native'
[INFO] 
[INFO] --- maven-resources-plugin:3.1.0:testResources (default-testResources) @ jni-inchi ---
[WARNING] Using platform encoding (UTF-8 actually) to copy filtered resources, i.e. build is platform dependent!
[INFO] Copying 1 resource
[INFO] 
[INFO] --- maven-compiler-plugin:3.8.1:testCompile (default-testCompile) @ jni-inchi ---
[INFO] Changes detected - recompiling the module!
[WARNING] File encoding has not been set, using platform encoding UTF-8, i.e. build is platform dependent!
[INFO] Compiling 10 source files to /<<PKGBUILDDIR>>/target/test-classes
[INFO] /<<PKGBUILDDIR>>/src/test/java/net/sf/jniinchi/TestJniInchiOutputStructure.java: Some input files use or override a deprecated API.
[INFO] /<<PKGBUILDDIR>>/src/test/java/net/sf/jniinchi/TestJniInchiOutputStructure.java: Recompile with -Xlint:deprecation for details.
[INFO] /<<PKGBUILDDIR>>/src/test/java/net/sf/jniinchi/TestJniInchiWrapper.java: /<<PKGBUILDDIR>>/src/test/java/net/sf/jniinchi/TestJniInchiWrapper.java uses unchecked or unsafe operations.
[INFO] /<<PKGBUILDDIR>>/src/test/java/net/sf/jniinchi/TestJniInchiWrapper.java: Recompile with -Xlint:unchecked for details.
[INFO] 
[INFO] --- maven-surefire-plugin:2.22.2:test (default-test) @ jni-inchi ---
[INFO] Tests are skipped.
[INFO] 
[INFO] --- maven-jar-plugin:3.1.2:jar (default-jar) @ jni-inchi ---
[INFO] Building jar: /<<PKGBUILDDIR>>/target/jni-inchi-0.8.jar
[INFO] ------------------------------------------------------------------------
[INFO] BUILD SUCCESS
[INFO] ------------------------------------------------------------------------
[INFO] Total time:  7.024 s
[INFO] Finished at: 2020-02-24T22:16:24Z
[INFO] ------------------------------------------------------------------------
   debian/rules override_dh_auto_test
make[1]: Entering directory '/<<PKGBUILDDIR>>'
LD_LIBRARY_PATH=/<<PKGBUILDDIR>>/target dh_auto_test
	/usr/lib/jvm/default-java/bin/java -noverify -cp /usr/share/maven/boot/plexus-classworlds-2.x.jar -Dmaven.home=/usr/share/maven -Dmaven.multiModuleProjectDirectory=/<<BUILDDIR>>/jni-inchi-0.8\+dfsg -Dclassworlds.conf=/etc/maven/m2-debian.conf -Dproperties.file.manual=/<<BUILDDIR>>/jni-inchi-0.8\+dfsg/debian/maven.properties org.codehaus.plexus.classworlds.launcher.Launcher -s/etc/maven/settings-debian.xml -Ddebian.dir=/<<BUILDDIR>>/jni-inchi-0.8\+dfsg/debian -Dmaven.repo.local=/<<BUILDDIR>>/jni-inchi-0.8\+dfsg/debian/maven-repo --batch-mode test
WARNING: An illegal reflective access operation has occurred
WARNING: Illegal reflective access by com.google.inject.internal.cglib.core.$ReflectUtils$1 (file:/usr/share/maven/lib/guice.jar) to method java.lang.ClassLoader.defineClass(java.lang.String,byte[],int,int,java.security.ProtectionDomain)
WARNING: Please consider reporting this to the maintainers of com.google.inject.internal.cglib.core.$ReflectUtils$1
WARNING: Use --illegal-access=warn to enable warnings of further illegal reflective access operations
WARNING: All illegal access operations will be denied in a future release
[INFO] Scanning for projects...
[INFO] 
[INFO] ---------------------< net.sf.jni-inchi:jni-inchi >---------------------
[INFO] Building JNI-InChI 0.8
[INFO] --------------------------------[ jar ]---------------------------------
[WARNING] The artifact log4j:log4j:jar:debian has been relocated to log4j:log4j:jar:1.2.x
[INFO] 
[INFO] --- maven-resources-plugin:3.1.0:resources (default-resources) @ jni-inchi ---
[WARNING] Using platform encoding (UTF-8 actually) to copy filtered resources, i.e. build is platform dependent!
[INFO] skip non existing resourceDirectory /<<PKGBUILDDIR>>/src/main/resources
[INFO] Copying 0 resource to META-INF
[INFO] 
[INFO] --- maven-compiler-plugin:3.8.1:compile (default-compile) @ jni-inchi ---
[INFO] Nothing to compile - all classes are up to date
[INFO] 
[INFO] --- exec-maven-plugin:1.6.0:exec (build-native) @ jni-inchi ---
make[2]: Entering directory '/<<PKGBUILDDIR>>/src/main/native'
mkdir -p ../../../target
mkdir -p ../../../target/o/inchi
mkdir -p ../../../target/o/jni
make[2]: Leaving directory '/<<PKGBUILDDIR>>/src/main/native'
[INFO] 
[INFO] --- maven-resources-plugin:3.1.0:testResources (default-testResources) @ jni-inchi ---
[WARNING] Using platform encoding (UTF-8 actually) to copy filtered resources, i.e. build is platform dependent!
[INFO] Copying 1 resource
[INFO] 
[INFO] --- maven-compiler-plugin:3.8.1:testCompile (default-testCompile) @ jni-inchi ---
[INFO] Nothing to compile - all classes are up to date
[INFO] 
[INFO] --- maven-surefire-plugin:2.22.2:test (default-test) @ jni-inchi ---
[WARNING] The parameter forkMode is deprecated since version 2.14. Use forkCount and reuseForks instead.
[INFO] 
[INFO] -------------------------------------------------------
[INFO]  T E S T S
[INFO] -------------------------------------------------------
[INFO] Running net.sf.jniinchi.TestJniInchiOutput
[INFO] Tests run: 5, Failures: 0, Errors: 0, Skipped: 0, Time elapsed: 0.086 s - in net.sf.jniinchi.TestJniInchiOutput
[INFO] Running net.sf.jniinchi.TestJniInchiWrapper
[WARNING] Tests run: 71, Failures: 0, Errors: 0, Skipped: 3, Time elapsed: 0.794 s - in net.sf.jniinchi.TestJniInchiWrapper
[INFO] Running net.sf.jniinchi.TestJniInchiInputInchi
[INFO] Tests run: 2, Failures: 0, Errors: 0, Skipped: 0, Time elapsed: 0.135 s - in net.sf.jniinchi.TestJniInchiInputInchi
[INFO] Running net.sf.jniinchi.TestJniInchiStructure
[INFO] Tests run: 9, Failures: 0, Errors: 0, Skipped: 0, Time elapsed: 0.16 s - in net.sf.jniinchi.TestJniInchiStructure
[INFO] Running net.sf.jniinchi.TestJniInchiStereo0D
[INFO] Tests run: 6, Failures: 0, Errors: 0, Skipped: 0, Time elapsed: 0.09 s - in net.sf.jniinchi.TestJniInchiStereo0D
[INFO] Running net.sf.jniinchi.TestJniInchiInput
[INFO] Tests run: 1, Failures: 0, Errors: 0, Skipped: 0, Time elapsed: 0.077 s - in net.sf.jniinchi.TestJniInchiInput
[INFO] Running net.sf.jniinchi.TestJniInchiAtom
[INFO] Tests run: 20, Failures: 0, Errors: 0, Skipped: 0, Time elapsed: 0.12 s - in net.sf.jniinchi.TestJniInchiAtom
[INFO] Running net.sf.jniinchi.TestJniInchiOutputStructure
[INFO] Tests run: 4, Failures: 0, Errors: 0, Skipped: 0, Time elapsed: 0.187 s - in net.sf.jniinchi.TestJniInchiOutputStructure
[INFO] Running net.sf.jniinchi.TestExamples
[INFO] Tests run: 9, Failures: 0, Errors: 0, Skipped: 0, Time elapsed: 0.203 s - in net.sf.jniinchi.TestExamples
[INFO] Running net.sf.jniinchi.TestJniInchiBond
[INFO] Tests run: 7, Failures: 0, Errors: 0, Skipped: 0, Time elapsed: 0.104 s - in net.sf.jniinchi.TestJniInchiBond
[INFO] 
[INFO] Results:
[INFO] 
[WARNING] Tests run: 134, Failures: 0, Errors: 0, Skipped: 3
[INFO] 
[INFO] ------------------------------------------------------------------------
[INFO] BUILD SUCCESS
[INFO] ------------------------------------------------------------------------
[INFO] Total time:  01:41 min
[INFO] Finished at: 2020-02-24T22:18:09Z
[INFO] ------------------------------------------------------------------------
make[1]: Leaving directory '/<<PKGBUILDDIR>>'
   create-stamp debian/debhelper-build-stamp
 fakeroot debian/rules binary
dh binary --buildsystem=maven
   dh_testroot -O--buildsystem=maven
   dh_prep -O--buildsystem=maven
   debian/rules override_dh_auto_install-arch
make[1]: Entering directory '/<<PKGBUILDDIR>>'
dh_install -plibjni-inchi-jni target/libjniinchi.so usr/lib/jni
make[1]: Leaving directory '/<<PKGBUILDDIR>>'
   debian/rules override_dh_auto_install-indep
make[1]: Entering directory '/<<PKGBUILDDIR>>'
dh_auto_install -plibjni-inchi-java
	/usr/lib/jvm/default-java/bin/java -noverify -cp /usr/share/maven/boot/plexus-classworlds-2.x.jar -Dmaven.home=/usr/share/maven -Dmaven.multiModuleProjectDirectory=/<<BUILDDIR>>/jni-inchi-0.8\+dfsg -Dclassworlds.conf=/etc/maven/m2-debian.conf -Dproperties.file.manual=/<<BUILDDIR>>/jni-inchi-0.8\+dfsg/debian/maven.properties org.codehaus.plexus.classworlds.launcher.Launcher -s/etc/maven/settings-debian.xml -Ddebian.dir=/<<BUILDDIR>>/jni-inchi-0.8\+dfsg/debian -Dmaven.repo.local=/<<BUILDDIR>>/jni-inchi-0.8\+dfsg/debian/maven-repo --batch-mode -Ddebian.dir=/<<BUILDDIR>>/jni-inchi-0.8\+dfsg/debian -Ddebian.package=libjni-inchi-java -Dmaven.repo.local=/<<BUILDDIR>>/jni-inchi-0.8\+dfsg/debian/maven-repo -Dinstall.to.usj=true org.debian.maven:debian-maven-plugin:2.4:install
WARNING: An illegal reflective access operation has occurred
WARNING: Illegal reflective access by com.google.inject.internal.cglib.core.$ReflectUtils$1 (file:/usr/share/maven/lib/guice.jar) to method java.lang.ClassLoader.defineClass(java.lang.String,byte[],int,int,java.security.ProtectionDomain)
WARNING: Please consider reporting this to the maintainers of com.google.inject.internal.cglib.core.$ReflectUtils$1
WARNING: Use --illegal-access=warn to enable warnings of further illegal reflective access operations
WARNING: All illegal access operations will be denied in a future release
[INFO] Scanning for projects...
[INFO] 
[INFO] ---------------------< net.sf.jni-inchi:jni-inchi >---------------------
[INFO] Building JNI-InChI 0.8
[INFO] --------------------------------[ jar ]---------------------------------
[INFO] 
[INFO] --- debian-maven-plugin:2.4:install (default-cli) @ jni-inchi ---
[INFO] Cleaning pom file: /<<PKGBUILDDIR>>/pom.xml.save with options:
[INFO] 	--keep-pom-version --package=libjni-inchi-java --has-package-version
[INFO] 	--rules=/<<PKGBUILDDIR>>/debian/maven.rules
[INFO] 	--ignore-rules=/<<PKGBUILDDIR>>/debian/maven.ignoreRules
[INFO] 	--published-rules=/<<PKGBUILDDIR>>/debian/maven.publishedRules
[INFO] 	--no-parent
[INFO] Install jar for jni-inchi into /usr/share/java
[INFO] ------------------------------------------------------------------------
[INFO] BUILD SUCCESS
[INFO] ------------------------------------------------------------------------
[INFO] Total time:  1.185 s
[INFO] Finished at: 2020-02-24T22:18:14Z
[INFO] ------------------------------------------------------------------------
	mh_resolve_dependencies --non-interactive --offline --build -plibjni-inchi-java --base-directory=/<<BUILDDIR>>/jni-inchi-0.8\+dfsg --non-explore
Analysing pom.xml...
	mh_unpatchpoms -plibjni-inchi-java
make[1]: Leaving directory '/<<PKGBUILDDIR>>'
   dh_installdocs -O--buildsystem=maven
   dh_installchangelogs -O--buildsystem=maven
   dh_installinit -O--buildsystem=maven
   dh_installsystemduser -O--buildsystem=maven
   dh_perl -O--buildsystem=maven
   dh_link -O--buildsystem=maven
   dh_strip_nondeterminism -O--buildsystem=maven
   dh_compress -O--buildsystem=maven
   dh_fixperms -O--buildsystem=maven
   dh_missing -O--buildsystem=maven
   dh_dwz -O--buildsystem=maven
dwz: debian/libjni-inchi-jni/usr/lib/jni/libjniinchi.so: .debug_info section not present
   dh_strip -O--buildsystem=maven
   dh_makeshlibs -O--buildsystem=maven
   dh_shlibdeps -O--buildsystem=maven
   dh_installdeb -O--buildsystem=maven
   dh_gencontrol -O--buildsystem=maven
   dh_md5sums -O--buildsystem=maven
   dh_builddeb -O--buildsystem=maven
dpkg-deb: building package 'libjni-inchi-java' in '../libjni-inchi-java_0.8+dfsg-5_all.deb'.
dpkg-deb: building package 'libjni-inchi-jni' in '../libjni-inchi-jni_0.8+dfsg-5_amd64.deb'.
 dpkg-genbuildinfo --build=binary
 dpkg-genchanges --build=binary >../jni-inchi_0.8+dfsg-5_amd64.changes
dpkg-genchanges: info: binary-only upload (no source code included)
 dpkg-source --after-build .
dpkg-buildpackage: info: binary-only upload (no source included)
--------------------------------------------------------------------------------
Build finished at 2020-02-24T22:18:20Z

Finished
--------

I: Built successfully

+------------------------------------------------------------------------------+
| Changes                                                                      |
+------------------------------------------------------------------------------+


jni-inchi_0.8+dfsg-5_amd64.changes:
-----------------------------------

Format: 1.8
Date: Wed, 13 Nov 2019 03:53:50 -0500
Source: jni-inchi
Binary: libjni-inchi-java libjni-inchi-jni
Architecture: all amd64
Version: 0.8+dfsg-5
Distribution: unstable
Urgency: medium
Maintainer: Debichem Team <debichem-devel@lists.alioth.debian.org>
Changed-By: Andrius Merkys <merkys@debian.org>
Description:
 libjni-inchi-java - Java Native Interface wrapper for InChI
 libjni-inchi-jni - Java Native Interface wrapper for InChI (shared library)
Changes:
 jni-inchi (0.8+dfsg-5) unstable; urgency=medium
 .
   * Splitting override_dh_auto_install to -indep and -arch.
Checksums-Sha1:
 502a39d96ff48a0a9c51ebcaeb8c50be55edd2c4 11950 jni-inchi_0.8+dfsg-5_amd64.buildinfo
 d4b62d637633a0a3bd47232ded4545ed5fc8dee1 32424 libjni-inchi-java_0.8+dfsg-5_all.deb
 515bc34d976d015e13634df51007eb52bafd8afb 8964 libjni-inchi-jni_0.8+dfsg-5_amd64.deb
Checksums-Sha256:
 fe3d82794004da88d013410c55d9891bdf351f7f9f55a196edb0e7e9fa94e5dc 11950 jni-inchi_0.8+dfsg-5_amd64.buildinfo
 8192abfe5015218efc4fb36112385b955df8afb0b1eac114dc92a9f2cc2d3a5a 32424 libjni-inchi-java_0.8+dfsg-5_all.deb
 cd8b9e9fe996e3fd3fc906ba8658400dbaf7c28c839e915a71efa13dd1d6899a 8964 libjni-inchi-jni_0.8+dfsg-5_amd64.deb
Files:
 2119e23eeb46b2fd73a462cd8675d352 11950 science optional jni-inchi_0.8+dfsg-5_amd64.buildinfo
 3804364e011a3e7fc8c1b1ad704d45cf 32424 java optional libjni-inchi-java_0.8+dfsg-5_all.deb
 6c26e624d84ade671fee80fe0a286aa3 8964 java optional libjni-inchi-jni_0.8+dfsg-5_amd64.deb

+------------------------------------------------------------------------------+
| Buildinfo                                                                    |
+------------------------------------------------------------------------------+

Format: 1.0
Source: jni-inchi
Binary: libjni-inchi-java libjni-inchi-jni
Architecture: all amd64
Version: 0.8+dfsg-5
Checksums-Md5:
 3804364e011a3e7fc8c1b1ad704d45cf 32424 libjni-inchi-java_0.8+dfsg-5_all.deb
 6c26e624d84ade671fee80fe0a286aa3 8964 libjni-inchi-jni_0.8+dfsg-5_amd64.deb
Checksums-Sha1:
 d4b62d637633a0a3bd47232ded4545ed5fc8dee1 32424 libjni-inchi-java_0.8+dfsg-5_all.deb
 515bc34d976d015e13634df51007eb52bafd8afb 8964 libjni-inchi-jni_0.8+dfsg-5_amd64.deb
Checksums-Sha256:
 8192abfe5015218efc4fb36112385b955df8afb0b1eac114dc92a9f2cc2d3a5a 32424 libjni-inchi-java_0.8+dfsg-5_all.deb
 cd8b9e9fe996e3fd3fc906ba8658400dbaf7c28c839e915a71efa13dd1d6899a 8964 libjni-inchi-jni_0.8+dfsg-5_amd64.deb
Build-Origin: Debian
Build-Architecture: amd64
Build-Date: Mon, 24 Feb 2020 22:18:20 +0000
Build-Path: /<<PKGBUILDDIR>>
Installed-Build-Depends:
 ant (= 1.10.7-1),
 autoconf (= 2.69-11.1),
 automake (= 1:1.16.1-4),
 autopoint (= 0.19.8.1-10),
 autotools-dev (= 20180224.1),
 base-files (= 11),
 base-passwd (= 3.5.47),
 bash (= 5.0-5),
 binutils (= 2.34-3),
 binutils-common (= 2.34-3),
 binutils-x86-64-linux-gnu (= 2.34-3),
 bsdmainutils (= 11.1.2+b1),
 bsdutils (= 1:2.34-0.1),
 build-essential (= 12.8),
 bzip2 (= 1.0.8-2),
 ca-certificates (= 20190110),
 ca-certificates-java (= 20190909),
 clang-8 (= 1:8.0.1-7),
 coreutils (= 8.30-3+b1),
 cpp (= 4:9.2.1-3.1),
 cpp-9 (= 9.2.1-29),
 dash (= 0.5.10.2-6),
 debconf (= 1.5.73),
 debhelper (= 12.9),
 debianutils (= 4.9.1),
 default-jdk (= 2:1.11-72),
 default-jdk-headless (= 2:1.11-72),
 default-jre (= 2:1.11-72),
 default-jre-headless (= 2:1.11-72),
 dh-autoreconf (= 19),
 dh-strip-nondeterminism (= 1.6.3-2),
 diffutils (= 1:3.7-3),
 dpkg (= 1.19.7),
 dpkg-dev (= 1.19.7),
 dwz (= 0.13-5),
 fdisk (= 2.34-0.1),
 file (= 1:5.38-4),
 findutils (= 4.7.0-1),
 fontconfig-config (= 2.13.1-2),
 fonts-dejavu-core (= 2.37-1),
 g++ (= 4:9.2.1-3.1),
 g++-9 (= 9.2.1-29),
 gcc (= 4:9.2.1-3.1),
 gcc-10-base (= 10-20200222-1),
 gcc-8-base (= 8.3.0-29),
 gcc-9 (= 9.2.1-29),
 gcc-9-base (= 9.2.1-29),
 gettext (= 0.19.8.1-10),
 gettext-base (= 0.19.8.1-10),
 grep (= 3.4-1),
 groff-base (= 1.22.4-4),
 gzip (= 1.9-3+b1),
 hostname (= 3.23),
 init-system-helpers (= 1.57),
 intltool-debian (= 0.35.0+20060710.5),
 java-common (= 0.72),
 java-wrappers (= 0.3),
 junit4 (= 4.12-8),
 lib32gcc-s1 (= 10-20200222-1),
 lib32gcc1 (= 1:10-20200222-1),
 lib32stdc++6 (= 10-20200222-1),
 libacl1 (= 2.2.53-5),
 libaopalliance-java (= 20070526-6),
 libapache-pom-java (= 18-1),
 libarchive-zip-perl (= 1.67-1),
 libasan5 (= 9.2.1-29),
 libasm-java (= 7.2-1),
 libasound2 (= 1.2.1.2-2),
 libasound2-data (= 1.2.1.2-2),
 libatinject-jsr330-api-java (= 1.0+ds1-5),
 libatomic1 (= 10-20200222-1),
 libattr1 (= 1:2.4.48-5),
 libaudit-common (= 1:2.8.5-2),
 libaudit1 (= 1:2.8.5-2+b1),
 libavahi-client3 (= 0.7-5),
 libavahi-common-data (= 0.7-5),
 libavahi-common3 (= 0.7-5),
 libbatik-java (= 1.12-1),
 libbinutils (= 2.34-3),
 libblkid1 (= 2.34-0.1),
 libbsd0 (= 0.10.0-1),
 libbsh-java (= 2.0b4-20),
 libbz2-1.0 (= 1.0.8-2),
 libc-bin (= 2.29-10),
 libc-dev-bin (= 2.29-10),
 libc6 (= 2.29-10),
 libc6-dev (= 2.29-10),
 libc6-i386 (= 2.29-10),
 libcap-ng0 (= 0.7.9-2.1+b1),
 libcc1-0 (= 10-20200222-1),
 libcdi-api-java (= 1.2-2),
 libclang-common-8-dev (= 1:8.0.1-7),
 libclang1-8 (= 1:8.0.1-7),
 libcom-err2 (= 1.45.5-2),
 libcommons-beanutils-java (= 1.9.4-1),
 libcommons-cli-java (= 1.4-1),
 libcommons-codec-java (= 1.14-1),
 libcommons-collections3-java (= 3.2.2-2),
 libcommons-compress-java (= 1.19-1),
 libcommons-configuration-java (= 1.10-5),
 libcommons-digester-java (= 1.8.1-5),
 libcommons-exec-java (= 1.3-1),
 libcommons-io-java (= 2.6-2),
 libcommons-lang-java (= 2.6-9),
 libcommons-lang3-java (= 3.8-2),
 libcommons-logging-java (= 1.2-2),
 libcommons-parent-java (= 43-1),
 libcommons-validator-java (= 1:1.6-2),
 libcroco3 (= 0.6.13-1),
 libcrypt-dev (= 1:4.4.10-10),
 libcrypt1 (= 1:4.4.10-10),
 libctf-nobfd0 (= 2.34-3),
 libctf0 (= 2.34-3),
 libcups2 (= 2.3.1-11),
 libdb5.3 (= 5.3.28+dfsg1-0.6),
 libdbus-1-3 (= 1.12.16-2),
 libdebconfclient0 (= 0.251),
 libdebhelper-perl (= 12.9),
 libdom4j-java (= 2.1.1-2),
 libdoxia-core-java (= 1.7-2),
 libdoxia-java (= 1.7-2),
 libdoxia-sitetools-java (= 1.7.5-1),
 libdpkg-perl (= 1.19.7),
 libdrm-amdgpu1 (= 2.4.100-4),
 libdrm-common (= 2.4.100-4),
 libdrm-intel1 (= 2.4.100-4),
 libdrm-nouveau2 (= 2.4.100-4),
 libdrm-radeon1 (= 2.4.100-4),
 libdrm2 (= 2.4.100-4),
 libedit2 (= 3.1-20191231-1),
 libel-api-java (= 3.0.0-2),
 libelf1 (= 0.176-1.1),
 libexec-maven-plugin-java (= 1.6.0-4),
 libexpat1 (= 2.2.9-1),
 libfdisk1 (= 2.34-0.1),
 libffi7 (= 3.3-3),
 libfile-stripnondeterminism-perl (= 1.6.3-2),
 libfontbox2-java (= 2.0.18-1),
 libfontconfig1 (= 2.13.1-2+b1),
 libfop-java (= 1:2.4-2),
 libfreetype6 (= 2.10.1-2),
 libgc1c2 (= 1:7.6.4-0.4),
 libgcc-8-dev (= 8.3.0-29),
 libgcc-9-dev (= 9.2.1-29),
 libgcc-s1 (= 10-20200222-1),
 libgcc1 (= 1:10-20200222-1),
 libgcrypt20 (= 1.8.5-5),
 libgdbm-compat4 (= 1.18.1-5),
 libgdbm6 (= 1.18.1-5),
 libgeronimo-annotation-1.3-spec-java (= 1.0-1),
 libgeronimo-interceptor-3.0-spec-java (= 1.0.1-4),
 libgif7 (= 5.1.9-1),
 libgl1 (= 1.3.1-1),
 libgl1-mesa-dri (= 19.3.3-1),
 libglapi-mesa (= 19.3.3-1),
 libglib2.0-0 (= 2.62.4-2),
 libglvnd0 (= 1.3.1-1),
 libglx-mesa0 (= 19.3.3-1),
 libglx0 (= 1.3.1-1),
 libgmp10 (= 2:6.2.0+dfsg-4),
 libgnutls30 (= 3.6.12-2),
 libgomp1 (= 10-20200222-1),
 libgpg-error0 (= 1.37-1),
 libgssapi-krb5-2 (= 1.17-6),
 libguava-java (= 19.0-1),
 libguice-java (= 4.2.1-1),
 libhamcrest-java (= 1.3-9),
 libhawtjni-runtime-java (= 1.17-1),
 libhogweed5 (= 3.5.1+really3.5.1-2),
 libhttpclient-java (= 4.5.11-1),
 libhttpcore-java (= 4.4.13-1),
 libicu63 (= 63.2-2),
 libidn2-0 (= 2.2.0-2),
 libinchi-dev (= 1.03+dfsg-2),
 libinchi1 (= 1.03+dfsg-2),
 libisl22 (= 0.22.1-1),
 libitext1-java (= 1.4-7),
 libitm1 (= 10-20200222-1),
 libjansi-java (= 1.18-1),
 libjansi-native-java (= 1.8-1),
 libjaxen-java (= 1.1.6-4),
 libjaxp1.3-java (= 1.3.05-5),
 libjetty9-java (= 9.4.26-1),
 libjpeg62-turbo (= 1:1.5.2-2+b1),
 libjsp-api-java (= 2.3.4-2),
 libjsr305-java (= 0.1~+svn49-11),
 libjtidy-java (= 7+svn20110807-5),
 libk5crypto3 (= 1.17-6),
 libkeyutils1 (= 1.6.1-2),
 libkrb5-3 (= 1.17-6),
 libkrb5support0 (= 1.17-6),
 liblcms2-2 (= 2.9-4),
 libllvm8 (= 1:8.0.1-7),
 libllvm9 (= 1:9.0.1-8),
 liblog4j1.2-java (= 1.2.17-9),
 liblsan0 (= 10-20200222-1),
 liblz4-1 (= 1.9.2-2),
 liblzma5 (= 5.2.4-1+b1),
 libmagic-mgc (= 1:5.38-4),
 libmagic1 (= 1:5.38-4),
 libmaven-archiver-java (= 3.2.0-2),
 libmaven-clean-plugin-java (= 3.1.0-1),
 libmaven-common-artifact-filters-java (= 3.0.1-3),
 libmaven-compiler-plugin-java (= 3.8.1-4),
 libmaven-file-management-java (= 3.0.0-1),
 libmaven-filtering-java (= 3.1.1-1),
 libmaven-jar-plugin-java (= 3.1.2-1),
 libmaven-parent-java (= 31-2),
 libmaven-plugin-tools-java (= 3.6.0-1),
 libmaven-reporting-api-java (= 3.0-1),
 libmaven-reporting-exec-java (= 1.4-2),
 libmaven-reporting-impl-java (= 3.0.0-2),
 libmaven-resolver-java (= 1.4.1-1),
 libmaven-resources-plugin-java (= 3.1.0-1),
 libmaven-shared-incremental-java (= 1.1-3),
 libmaven-shared-io-java (= 3.0.0-3),
 libmaven-shared-utils-java (= 3.3.0-1),
 libmaven-site-plugin-java (= 3.6-3),
 libmaven3-core-java (= 3.6.3-1),
 libmount1 (= 2.34-0.1),
 libmpc3 (= 1.1.0-1),
 libmpfr6 (= 4.0.2-1),
 libmpx2 (= 8.3.0-29),
 libncurses6 (= 6.1+20191019-1),
 libncursesw6 (= 6.1+20191019-1),
 libnettle7 (= 3.5.1+really3.5.1-2),
 libnspr4 (= 2:4.24-1),
 libnss3 (= 2:3.50-1),
 libobjc-8-dev (= 8.3.0-29),
 libobjc4 (= 10-20200222-1),
 liboro-java (= 2.0.8a-14),
 libp11-kit0 (= 0.23.20-1),
 libpam-modules (= 1.3.1-5),
 libpam-modules-bin (= 1.3.1-5),
 libpam-runtime (= 1.3.1-5),
 libpam0g (= 1.3.1-5),
 libparboiled-java (= 1.1.7-2),
 libpciaccess0 (= 0.14-1),
 libpcre2-8-0 (= 10.34-7),
 libpcre3 (= 2:8.39-12+b1),
 libpcsclite1 (= 1.8.26-3),
 libpegdown-java (= 1.6.0-1),
 libperl5.30 (= 5.30.0-9),
 libpipeline1 (= 1.5.2-2),
 libplexus-ant-factory-java (= 1.0~alpha2.1-4),
 libplexus-archiver-java (= 3.6.0-2),
 libplexus-bsh-factory-java (= 1.0~alpha7-4),
 libplexus-build-api-java (= 0.0.7-4),
 libplexus-cipher-java (= 1.7-3),
 libplexus-classworlds-java (= 2.6.0-1),
 libplexus-compiler-java (= 2.8.5-2),
 libplexus-component-annotations-java (= 2.1.0-1),
 libplexus-container-default-java (= 2.1.0-1),
 libplexus-container-default1.5-java (= 2.1.0-1),
 libplexus-i18n-java (= 1.0-beta-10-5),
 libplexus-interpolation-java (= 1.26-1),
 libplexus-io-java (= 3.1.1-1),
 libplexus-languages-java (= 0.9.10-2),
 libplexus-sec-dispatcher-java (= 1.4-4),
 libplexus-utils2-java (= 3.3.0-1),
 libplexus-velocity-java (= 1.2-3),
 libpng16-16 (= 1.6.37-2),
 libprocps8 (= 2:3.3.16-1+b1),
 libqdox-java (= 1.12.1-3),
 libqdox2-java (= 2.0.0-1),
 libquadmath0 (= 10-20200222-1),
 libseccomp2 (= 2.4.2-2),
 libselinux1 (= 3.0-1+b1),
 libsensors-config (= 1:3.6.0-2),
 libsensors5 (= 1:3.6.0-2),
 libservlet-api-java (= 4.0.1-2),
 libservlet3.1-java (= 1:4.0.1-2),
 libsigsegv2 (= 2.12-2),
 libsisu-guice-java (= 4.2.0-1),
 libsisu-inject-java (= 0.3.3-1),
 libsisu-ioc-java (= 2.3.0-11),
 libsisu-plexus-java (= 0.3.3-3),
 libslf4j-java (= 1.7.25-3),
 libsmartcols1 (= 2.34-0.1),
 libsnappy-java (= 1.1.7.3-1),
 libsnappy-jni (= 1.1.7.3-1),
 libsnappy1v5 (= 1.1.8-1),
 libsqlite3-0 (= 3.31.1-3),
 libssl1.1 (= 1.1.1d-2),
 libstdc++-8-dev (= 8.3.0-29),
 libstdc++-9-dev (= 9.2.1-29),
 libstdc++6 (= 10-20200222-1),
 libsub-override-perl (= 0.09-2),
 libsurefire-java (= 2.22.2-1),
 libsystemd0 (= 244.3-1),
 libtasn1-6 (= 4.16.0-2),
 libtinfo6 (= 6.1+20191019-1),
 libtool (= 2.4.6-13),
 libtsan0 (= 10-20200222-1),
 libubsan1 (= 10-20200222-1),
 libuchardet0 (= 0.0.6-3),
 libudev1 (= 244.3-1),
 libunistring2 (= 0.9.10-2),
 libuuid1 (= 2.34-0.1),
 libvelocity-tools-java (= 2.0-7),
 libvulkan1 (= 1.2.131.2-1),
 libwagon-file-java (= 3.3.4-1),
 libwagon-http-shaded-java (= 3.3.4-1),
 libwagon-provider-api-java (= 3.3.4-1),
 libwebsocket-api-java (= 1.1-1),
 libx11-6 (= 2:1.6.8-1),
 libx11-data (= 2:1.6.8-1),
 libx11-xcb1 (= 2:1.6.8-1),
 libxalan2-java (= 2.7.2-2),
 libxau6 (= 1:1.0.8-1+b2),
 libxbean-reflect-java (= 4.5-8),
 libxcb-dri2-0 (= 1.13.1-5),
 libxcb-dri3-0 (= 1.13.1-5),
 libxcb-glx0 (= 1.13.1-5),
 libxcb-present0 (= 1.13.1-5),
 libxcb-sync1 (= 1.13.1-5),
 libxcb1 (= 1.13.1-5),
 libxdamage1 (= 1:1.1.5-1),
 libxdmcp6 (= 1:1.1.2-3),
 libxerces2-java (= 2.12.1-1),
 libxext6 (= 2:1.3.3-1+b2),
 libxfixes3 (= 1:5.0.3-1),
 libxi6 (= 2:1.7.9-1),
 libxml-commons-external-java (= 1.4.01-3),
 libxml-commons-resolver1.1-java (= 1.2-9),
 libxml2 (= 2.9.10+dfsg-3),
 libxml2-utils (= 2.9.10+dfsg-3),
 libxmlgraphics-commons-java (= 2.4-1),
 libxrender1 (= 1:0.9.10-1),
 libxshmfence1 (= 1.3-1),
 libxtst6 (= 2:1.2.3-1),
 libxxf86vm1 (= 1:1.1.4-1+b2),
 libxz-java (= 1.8-2),
 libz3-4 (= 4.8.7-4),
 linux-libc-dev (= 5.4.19-1),
 login (= 1:4.8.1-1),
 lsb-base (= 11.1.0),
 m4 (= 1.4.18-4),
 make (= 4.2.1-1.2),
 man-db (= 2.9.0-2),
 maven (= 3.6.3-1),
 maven-debian-helper (= 2.4),
 maven-repo-helper (= 1.9.4),
 mawk (= 1.3.4.20200120-2),
 ncurses-base (= 6.1+20191019-1),
 ncurses-bin (= 6.1+20191019-1),
 openjdk-11-jdk (= 11.0.6+10-2),
 openjdk-11-jdk-headless (= 11.0.6+10-2),
 openjdk-11-jre (= 11.0.6+10-2),
 openjdk-11-jre-headless (= 11.0.6+10-2),
 openssl (= 1.1.1d-2),
 patch (= 2.7.6-6),
 perl (= 5.30.0-9),
 perl-base (= 5.30.0-9),
 perl-modules-5.30 (= 5.30.0-9),
 po-debconf (= 1.0.21),
 procps (= 2:3.3.16-1+b1),
 sed (= 4.7-1),
 sensible-utils (= 0.0.12+nmu1),
 sgml-base (= 1.29.1),
 sysvinit-utils (= 2.96-2.1),
 tar (= 1.30+dfsg-6+b1),
 ucf (= 3.0038+nmu1),
 unzip (= 6.0-25),
 util-linux (= 2.34-0.1),
 velocity (= 1.7-5),
 x11-common (= 1:7.7+20),
 xz-utils (= 5.2.4-1+b1),
 zlib1g (= 1:1.2.11.dfsg-1.2)
Environment:
 DEB_BUILD_OPTIONS="parallel=4"
 LANG="C.UTF-8"
 LC_ALL="C.UTF-8"
 SOURCE_DATE_EPOCH="1573635230"


+------------------------------------------------------------------------------+
| Package contents                                                             |
+------------------------------------------------------------------------------+


libjni-inchi-java_0.8+dfsg-5_all.deb
------------------------------------

 new Debian package, version 2.0.
 size 32424 bytes: control archive=996 bytes.
    1010 bytes,    24 lines      control              
     439 bytes,     5 lines      md5sums              
 Package: libjni-inchi-java
 Source: jni-inchi
 Version: 0.8+dfsg-5
 Architecture: all
 Maintainer: Debichem Team <debichem-devel@lists.alioth.debian.org>
 Installed-Size: 57
 Depends: libjni-inchi-jni (>= 0.8+dfsg-5), libexec-maven-plugin-java, libmaven-compiler-plugin-java (>= 3.8.1), liblog4j1.2-java
 Section: java
 Priority: optional
 Homepage: http://jni-inchi.sourceforge.net
 Description: Java Native Interface wrapper for InChI
  JNI-InChI provides JNI (Java Native Interface) wrappers for the InChI
  (International Chemical Identifier) C library distributed by IUPAC.
  All of the features from the InChI libarary are supported:
  .
   * Standard and Non-Standard InChI generation from structures with 3D, 2D,
     or no coordinates
   * Structure generation (without coordinates) from InChI
   * InChIKey generation
   * Check InChI / InChIKey
   * InChI-to-InChI conversion
   * AuxInfo to InChI input
   * Access to the full range of options supported by InChI
   * Full support for InChI's handling of stereochemistry

drwxr-xr-x root/root         0 2019-11-13 08:53 ./
drwxr-xr-x root/root         0 2019-11-13 08:53 ./usr/
drwxr-xr-x root/root         0 2019-11-13 08:53 ./usr/share/
drwxr-xr-x root/root         0 2019-11-13 08:53 ./usr/share/doc/
drwxr-xr-x root/root         0 2019-11-13 08:53 ./usr/share/doc/libjni-inchi-java/
-rw-r--r-- root/root       398 2019-11-13 08:53 ./usr/share/doc/libjni-inchi-java/changelog.Debian.gz
-rw-r--r-- root/root       493 2019-11-13 08:53 ./usr/share/doc/libjni-inchi-java/copyright
drwxr-xr-x root/root         0 2019-11-13 08:53 ./usr/share/java/
lrwxrwxrwx root/root         0 2019-11-13 08:53 ./usr/share/java/jni-inchi-0.8.jar -> jni-inchi.jar
-rw-r--r-- root/root     32549 2019-11-13 08:53 ./usr/share/java/jni-inchi.jar
drwxr-xr-x root/root         0 2019-11-13 08:53 ./usr/share/maven-repo/
drwxr-xr-x root/root         0 2019-11-13 08:53 ./usr/share/maven-repo/net/
drwxr-xr-x root/root         0 2019-11-13 08:53 ./usr/share/maven-repo/net/sf/
drwxr-xr-x root/root         0 2019-11-13 08:53 ./usr/share/maven-repo/net/sf/jni-inchi/
drwxr-xr-x root/root         0 2019-11-13 08:53 ./usr/share/maven-repo/net/sf/jni-inchi/jni-inchi/
drwxr-xr-x root/root         0 2019-11-13 08:53 ./usr/share/maven-repo/net/sf/jni-inchi/jni-inchi/0.8/
lrwxrwxrwx root/root         0 2019-11-13 08:53 ./usr/share/maven-repo/net/sf/jni-inchi/jni-inchi/0.8/jni-inchi-0.8.jar -> ../../../../../../java/jni-inchi.jar
-rw-r--r-- root/root      2103 2019-11-13 08:53 ./usr/share/maven-repo/net/sf/jni-inchi/jni-inchi/0.8/jni-inchi-0.8.pom
drwxr-xr-x root/root         0 2019-11-13 08:53 ./usr/share/maven-repo/net/sf/jni-inchi/jni-inchi/debian/
lrwxrwxrwx root/root         0 2019-11-13 08:53 ./usr/share/maven-repo/net/sf/jni-inchi/jni-inchi/debian/jni-inchi-debian.jar -> ../../../../../../java/jni-inchi.jar
-rw-r--r-- root/root      2106 2019-11-13 08:53 ./usr/share/maven-repo/net/sf/jni-inchi/jni-inchi/debian/jni-inchi-debian.pom


libjni-inchi-jni_0.8+dfsg-5_amd64.deb
-------------------------------------

 new Debian package, version 2.0.
 size 8964 bytes: control archive=924 bytes.
     995 bytes,    26 lines      control              
     221 bytes,     3 lines      md5sums              
 Package: libjni-inchi-jni
 Source: jni-inchi
 Version: 0.8+dfsg-5
 Architecture: amd64
 Maintainer: Debichem Team <debichem-devel@lists.alioth.debian.org>
 Installed-Size: 45
 Depends: libc6 (>= 2.4), libinchi1 (>= 1.03+dfsg)
 Section: java
 Priority: optional
 Homepage: http://jni-inchi.sourceforge.net
 Description: Java Native Interface wrapper for InChI (shared library)
  JNI-InChI provides JNI (Java Native Interface) wrappers for the InChI
  (International Chemical Identifier) C library distributed by IUPAC.
  All of the features from the InChI libarary are supported:
  .
   * Standard and Non-Standard InChI generation from structures with 3D, 2D,
     or no coordinates
   * Structure generation (without coordinates) from InChI
   * InChIKey generation
   * Check InChI / InChIKey
   * InChI-to-InChI conversion
   * AuxInfo to InChI input
   * Access to the full range of options supported by InChI
   * Full support for InChI's handling of stereochemistry
  .
  This package contains the shared library.

drwxr-xr-x root/root         0 2019-11-13 08:53 ./
drwxr-xr-x root/root         0 2019-11-13 08:53 ./usr/
drwxr-xr-x root/root         0 2019-11-13 08:53 ./usr/lib/
drwxr-xr-x root/root         0 2019-11-13 08:53 ./usr/lib/jni/
-rw-r--r-- root/root     34904 2019-11-13 08:53 ./usr/lib/jni/libjniinchi.so
drwxr-xr-x root/root         0 2019-11-13 08:53 ./usr/share/
drwxr-xr-x root/root         0 2019-11-13 08:53 ./usr/share/doc/
drwxr-xr-x root/root         0 2019-11-13 08:53 ./usr/share/doc/libjni-inchi-jni/
-rw-r--r-- root/root       398 2019-11-13 08:53 ./usr/share/doc/libjni-inchi-jni/changelog.Debian.gz
-rw-r--r-- root/root       493 2019-11-13 08:53 ./usr/share/doc/libjni-inchi-jni/copyright


+------------------------------------------------------------------------------+
| Post Build                                                                   |
+------------------------------------------------------------------------------+


+------------------------------------------------------------------------------+
| Cleanup                                                                      |
+------------------------------------------------------------------------------+

Purging /<<BUILDDIR>>
Not cleaning session: cloned chroot in use

+------------------------------------------------------------------------------+
| Summary                                                                      |
+------------------------------------------------------------------------------+

Build Architecture: amd64
Build Type: binary
Build-Space: 5904
Build-Time: 147
Distribution: unstable
Host Architecture: amd64
Install-Time: 83
Job: jni-inchi_0.8+dfsg-5
Machine Architecture: amd64
Package: jni-inchi
Package-Time: 258
Source-Version: 0.8+dfsg-5
Space: 5904
Status: successful
Version: 0.8+dfsg-5
--------------------------------------------------------------------------------
Finished at 2020-02-24T22:18:20Z
Build needed 00:04:18, 5904k disk space
DC-Status: OK 261.296566738s
